<?xml version="1.0" ?>
<!DOCTYPE coverage SYSTEM "http://cobertura.sourceforge.net/xml/coverage-04.dtd">
<coverage lines-valid="5023" lines-covered="3179" line-rate="0.6328" branches-valid="3306" branches-covered="1598" branch-rate="0.4833" timestamp="1786348151147" complexity="0" version="0.1">
  <sources>
    <source>C:\Users\lisse\Desktop\tesis\software_ia</source>
  </sources>
  <packages>
    <package name="frontend" line-rate="0.613" branch-rate="0.46759999999999996">
      <classes>
        <class name="corrector_ortografico.js" filename="frontend\corrector_ortografico.js" line-rate="0.9625" branch-rate="0.6884">
          <methods>
            <method name="(anonymous_0)" hits="14" signature="()V">
              <lines>
                <line number="1" hits="14"/>
              </lines>
            </method>
            <method name="(anonymous_1)" hits="224" signature="()V">
              <lines>
                <line number="3" hits="224"/>
              </lines>
            </method>
            <method name="dlgAlert" hits="8" signature="()V">
              <lines>
                <line number="37" hits="8"/>
              </lines>
            </method>
            <method name="abs" hits="15" signature="()V">
              <lines>
                <line number="46" hits="15"/>
              </lines>
            </method>
            <method name="setEstadoOriginal" hits="23" signature="()V">
              <lines>
                <line number="47" hits="23"/>
              </lines>
            </method>
            <method name="setEstadoCorregido" hits="27" signature="()V">
              <lines>
                <line number="48" hits="27"/>
              </lines>
            </method>
            <method name="showLoader" hits="39" signature="()V">
              <lines>
                <line number="49" hits="39"/>
              </lines>
            </method>
            <method name="setPlaceholder" hits="50" signature="()V">
              <lines>
                <line number="56" hits="50"/>
              </lines>
            </method>
            <method name="disposeCorregirTooltip" hits="68" signature="()V">
              <lines>
                <line number="66" hits="68"/>
              </lines>
            </method>
            <method name="setCorregirTooltip" hits="68" signature="()V">
              <lines>
                <line number="73" hits="68"/>
              </lines>
            </method>
            <method name="setDropLocked" hits="23" signature="()V">
              <lines>
                <line number="89" hits="23"/>
              </lines>
            </method>
            <method name="syncCorregirButtonState" hits="68" signature="()V">
              <lines>
                <line number="96" hits="68"/>
              </lines>
            </method>
            <method name="disableDownloads" hits="24" signature="()V">
              <lines>
                <line number="125" hits="24"/>
              </lines>
            </method>
            <method name="(anonymous_13)" hits="48" signature="()V">
              <lines>
                <line number="127" hits="48"/>
              </lines>
            </method>
            <method name="setButtonBusy" hits="54" signature="()V">
              <lines>
                <line number="130" hits="54"/>
              </lines>
            </method>
            <method name="lockButtonBaseWidths" hits="14" signature="()V">
              <lines>
                <line number="161" hits="14"/>
              </lines>
            </method>
            <method name="(anonymous_16)" hits="56" signature="()V">
              <lines>
                <line number="162" hits="56"/>
              </lines>
            </method>
            <method name="syncActionButtonsState" hits="61" signature="()V">
              <lines>
                <line number="178" hits="61"/>
              </lines>
            </method>
            <method name="setActionsLocked" hits="12" signature="()V">
              <lines>
                <line number="185" hits="12"/>
              </lines>
            </method>
            <method name="(anonymous_19)" hits="28" signature="()V">
              <lines>
                <line number="188" hits="28"/>
              </lines>
            </method>
            <method name="setBadge" hits="33" signature="()V">
              <lines>
                <line number="193" hits="33"/>
              </lines>
            </method>
            <method name="withPdfZoom" hits="12" signature="()V">
              <lines>
                <line number="207" hits="12"/>
              </lines>
            </method>
            <method name="limpiar" hits="2" signature="()V">
              <lines>
                <line number="213" hits="2"/>
              </lines>
            </method>
            <method name="subirYRenderizar" hits="11" signature="()V">
              <lines>
                <line number="239" hits="11"/>
              </lines>
            </method>
            <method name="handleFile" hits="11" signature="()V">
              <lines>
                <line number="249" hits="11"/>
              </lines>
            </method>
            <method name="(anonymous_25)" hits="8" signature="()V">
              <lines>
                <line number="265" hits="8"/>
              </lines>
            </method>
            <method name="(anonymous_26)" hits="1" signature="()V">
              <lines>
                <line number="287" hits="1"/>
              </lines>
            </method>
            <method name="(anonymous_27)" hits="10" signature="()V">
              <lines>
                <line number="291" hits="10"/>
              </lines>
            </method>
            <method name="(anonymous_28)" hits="1" signature="()V">
              <lines>
                <line number="292" hits="1"/>
              </lines>
            </method>
            <method name="(anonymous_29)" hits="1" signature="()V">
              <lines>
                <line number="297" hits="1"/>
              </lines>
            </method>
            <method name="(anonymous_30)" hits="1" signature="()V">
              <lines>
                <line number="301" hits="1"/>
              </lines>
            </method>
            <method name="(anonymous_31)" hits="1" signature="()V">
              <lines>
                <line number="307" hits="1"/>
              </lines>
            </method>
            <method name="downloadViaFetch" hits="5" signature="()V">
              <lines>
                <line number="314" hits="5"/>
              </lines>
            </method>
            <method name="(anonymous_33)" hits="2" signature="()V">
              <lines>
                <line number="331" hits="2"/>
              </lines>
            </method>
            <method name="(anonymous_34)" hits="3" signature="()V">
              <lines>
                <line number="339" hits="3"/>
              </lines>
            </method>
            <method name="(anonymous_35)" hits="2" signature="()V">
              <lines>
                <line number="348" hits="2"/>
              </lines>
            </method>
            <method name="corregirConBackend" hits="9" signature="()V">
              <lines>
                <line number="359" hits="9"/>
              </lines>
            </method>
            <method name="(anonymous_37)" hits="3" signature="()V">
              <lines>
                <line number="412" hits="3"/>
              </lines>
            </method>
            <method name="(anonymous_38)" hits="9" signature="()V">
              <lines>
                <line number="447" hits="9"/>
              </lines>
            </method>
            <method name="(anonymous_39)" hits="7" signature="()V">
              <lines>
                <line number="451" hits="7"/>
              </lines>
            </method>
          </methods>
          <lines>
            <line number="1" hits="13" branch="false"/>
            <line number="2" hits="14" branch="false"/>
            <line number="3" hits="224" branch="false"/>
            <line number="5" hits="14" branch="false"/>
            <line number="6" hits="14" branch="false"/>
            <line number="7" hits="14" branch="false"/>
            <line number="8" hits="14" branch="false"/>
            <line number="9" hits="14" branch="false"/>
            <line number="10" hits="14" branch="false"/>
            <line number="11" hits="14" branch="false"/>
            <line number="12" hits="14" branch="false"/>
            <line number="13" hits="14" branch="false"/>
            <line number="15" hits="14" branch="false"/>
            <line number="16" hits="14" branch="false"/>
            <line number="17" hits="14" branch="false"/>
            <line number="18" hits="14" branch="false"/>
            <line number="19" hits="14" branch="false"/>
            <line number="20" hits="14" branch="false"/>
            <line number="21" hits="14" branch="false"/>
            <line number="23" hits="14" branch="false"/>
            <line number="24" hits="14" branch="false"/>
            <line number="25" hits="14" branch="false"/>
            <line number="26" hits="14" branch="false"/>
            <line number="27" hits="14" branch="false"/>
            <line number="28" hits="14" branch="false"/>
            <line number="29" hits="14" branch="false"/>
            <line number="30" hits="14" branch="false"/>
            <line number="31" hits="14" branch="false"/>
            <line number="33" hits="14" branch="false"/>
            <line number="34" hits="14" branch="false"/>
            <line number="35" hits="14" branch="false"/>
            <line number="39" hits="8" branch="true" condition-coverage="75% (3/4)"/>
            <line number="43" hits="8" branch="false"/>
            <line number="46" hits="15" branch="true" condition-coverage="50% (1/2)"/>
            <line number="47" hits="23" branch="true" condition-coverage="75% (3/4)"/>
            <line number="48" hits="27" branch="true" condition-coverage="75% (3/4)"/>
            <line number="50" hits="39" branch="true" condition-coverage="100% (2/2)"/>
            <line number="51" hits="39" branch="true" condition-coverage="50% (1/2)"/>
            <line number="52" hits="39" branch="true" condition-coverage="100% (2/2)"/>
            <line number="53" hits="39" branch="true" condition-coverage="75% (3/4)"/>
            <line number="54" hits="39" branch="false"/>
            <line number="57" hits="50" branch="true" condition-coverage="100% (2/2)"/>
            <line number="58" hits="50" branch="true" condition-coverage="50% (1/2)"/>
            <line number="59" hits="50" branch="false"/>
            <line number="60" hits="50" branch="true" condition-coverage="50% (1/2)"/>
            <line number="61" hits="50" branch="false"/>
            <line number="62" hits="50" branch="true" condition-coverage="100% (2/2)"/>
            <line number="63" hits="50" branch="true" condition-coverage="75% (3/4)"/>
            <line number="67" hits="68" branch="true" condition-coverage="100% (2/2)"/>
            <line number="68" hits="27" branch="false"/>
            <line number="69" hits="27" branch="false"/>
            <line number="74" hits="68" branch="true" condition-coverage="50% (1/2)"/>
            <line number="75" hits="68" branch="false"/>
            <line number="76" hits="68" branch="false"/>
            <line number="77" hits="68" branch="false"/>
            <line number="78" hits="68" branch="false"/>
            <line number="79" hits="68" branch="false"/>
            <line number="80" hits="68" branch="true" condition-coverage="100% (4/4)"/>
            <line number="81" hits="34" branch="false"/>
            <line number="82" hits="34" branch="false"/>
            <line number="83" hits="34" branch="false"/>
            <line number="84" hits="34" branch="false"/>
            <line number="90" hits="23" branch="false"/>
            <line number="91" hits="23" branch="true" condition-coverage="50% (1/2)"/>
            <line number="92" hits="23" branch="false"/>
            <line number="93" hits="23" branch="true" condition-coverage="100% (2/2)"/>
            <line number="97" hits="68" branch="true" condition-coverage="100% (2/2)"/>
            <line number="98" hits="12" branch="false"/>
            <line number="99" hits="12" branch="false"/>
            <line number="100" hits="12" branch="false"/>
            <line number="102" hits="56" branch="true" condition-coverage="100% (2/2)"/>
            <line number="103" hits="18" branch="false"/>
            <line number="104" hits="18" branch="false"/>
            <line number="105" hits="18" branch="false"/>
            <line number="107" hits="38" branch="true" condition-coverage="100% (2/2)"/>
            <line number="108" hits="13" branch="false"/>
            <line number="109" hits="13" branch="false"/>
            <line number="110" hits="13" branch="false"/>
            <line number="112" hits="25" branch="true" condition-coverage="100% (4/4)"/>
            <line number="113" hits="17" branch="true" condition-coverage="50% (1/2)"/>
            <line number="114" hits="17" branch="false"/>
            <line number="115" hits="17" branch="true" condition-coverage="100% (4/4)"/>
            <line number="116" hits="3" branch="false"/>
            <line number="117" hits="3" branch="false"/>
            <line number="118" hits="3" branch="false"/>
            <line number="121" hits="22" branch="false"/>
            <line number="122" hits="22" branch="false"/>
            <line number="126" hits="24" branch="false"/>
            <line number="127" hits="48" branch="false"/>
            <line number="131" hits="54" branch="true" condition-coverage="50% (1/2)"/>
            <line number="132" hits="54" branch="true" condition-coverage="100% (2/2)"/>
            <line number="133" hits="12" branch="true" condition-coverage="50% (1/2)"/>
            <line number="134" hits="0" branch="false"/>
            <line number="135" hits="0" branch="true" condition-coverage="0% (0/2)"/>
            <line number="137" hits="12" branch="false"/>
            <line number="138" hits="12" branch="false"/>
            <line number="139" hits="12" branch="false"/>
            <line number="140" hits="12" branch="true" condition-coverage="50% (2/4)"/>
            <line number="141" hits="12" branch="false"/>
            <line number="142" hits="12" branch="true" condition-coverage="50% (1/2)"/>
            <line number="143" hits="12" branch="true" condition-coverage="50% (1/2)"/>
            <line number="144" hits="12" branch="false"/>
            <line number="145" hits="12" branch="false"/>
            <line number="146" hits="12" branch="false"/>
            <line number="147" hits="12" branch="false"/>
            <line number="149" hits="12" branch="false"/>
            <line number="151" hits="42" branch="false"/>
            <line number="152" hits="42" branch="false"/>
            <line number="153" hits="42" branch="false"/>
            <line number="154" hits="42" branch="true" condition-coverage="75% (3/4)"/>
            <line number="155" hits="42" branch="false"/>
            <line number="156" hits="42" branch="true" condition-coverage="100% (2/2)"/>
            <line number="157" hits="42" branch="false"/>
            <line number="158" hits="42" branch="true" condition-coverage="50% (1/2)"/>
            <line number="162" hits="14" branch="false"/>
            <line number="163" hits="56" branch="true" condition-coverage="50% (1/2)"/>
            <line number="164" hits="56" branch="false"/>
            <line number="165" hits="56" branch="true" condition-coverage="75% (3/4)"/>
            <line number="166" hits="56" branch="false"/>
            <line number="168" hits="56" branch="true" condition-coverage="50% (1/2)"/>
            <line number="169" hits="56" branch="true" condition-coverage="100% (2/2)"/>
            <line number="170" hits="56" branch="true" condition-coverage="100% (2/2)"/>
            <line number="171" hits="24" branch="false"/>
            <line number="172" hits="24" branch="false"/>
            <line number="179" hits="61" branch="false"/>
            <line number="180" hits="61" branch="true" condition-coverage="100% (2/2)"/>
            <line number="181" hits="61" branch="true" condition-coverage="100% (2/2)"/>
            <line number="182" hits="61" branch="true" condition-coverage="100% (2/2)"/>
            <line number="186" hits="12" branch="false"/>
            <line number="187" hits="12" branch="true" condition-coverage="100% (2/2)"/>
            <line number="188" hits="28" branch="false"/>
            <line number="190" hits="12" branch="false"/>
            <line number="194" hits="33" branch="true" condition-coverage="100% (4/4)"/>
            <line number="195" hits="3" branch="false"/>
            <line number="196" hits="3" branch="false"/>
            <line number="197" hits="3" branch="false"/>
            <line number="199" hits="30" branch="true" condition-coverage="75% (3/4)"/>
            <line number="200" hits="0" branch="false"/>
            <line number="201" hits="0" branch="false"/>
            <line number="202" hits="0" branch="false"/>
            <line number="204" hits="30" branch="false"/>
            <line number="209" hits="12" branch="true" condition-coverage="50% (1/2)"/>
            <line number="210" hits="12" branch="false"/>
            <line number="214" hits="2" branch="false"/>
            <line number="215" hits="2" branch="false"/>
            <line number="216" hits="2" branch="true" condition-coverage="50% (1/2)"/>
            <line number="217" hits="0" branch="false"/>
            <line number="218" hits="0" branch="false"/>
            <line number="220" hits="2" branch="false"/>
            <line number="221" hits="2" branch="false"/>
            <line number="222" hits="2" branch="false"/>
            <line number="223" hits="2" branch="false"/>
            <line number="224" hits="2" branch="false"/>
            <line number="225" hits="2" branch="false"/>
            <line number="226" hits="2" branch="false"/>
            <line number="227" hits="2" branch="false"/>
            <line number="228" hits="2" branch="false"/>
            <line number="229" hits="2" branch="false"/>
            <line number="230" hits="2" branch="false"/>
            <line number="231" hits="2" branch="false"/>
            <line number="232" hits="2" branch="false"/>
            <line number="233" hits="2" branch="false"/>
            <line number="234" hits="2" branch="false"/>
            <line number="235" hits="2" branch="false"/>
            <line number="240" hits="11" branch="false"/>
            <line number="241" hits="11" branch="false"/>
            <line number="242" hits="11" branch="false"/>
            <line number="243" hits="11" branch="true" condition-coverage="100% (2/2)"/>
            <line number="244" hits="9" branch="false"/>
            <line number="245" hits="9" branch="true" condition-coverage="25% (1/4)"/>
            <line number="246" hits="9" branch="false"/>
            <line number="250" hits="11" branch="true" condition-coverage="50% (1/2)"/>
            <line number="251" hits="11" branch="false"/>
            <line number="252" hits="11" branch="false"/>
            <line number="253" hits="11" branch="false"/>
            <line number="254" hits="11" branch="false"/>
            <line number="255" hits="11" branch="false"/>
            <line number="256" hits="11" branch="false"/>
            <line number="257" hits="11" branch="false"/>
            <line number="258" hits="11" branch="false"/>
            <line number="259" hits="11" branch="false"/>
            <line number="260" hits="11" branch="false"/>
            <line number="261" hits="11" branch="false"/>
            <line number="263" hits="11" branch="false"/>
            <line number="264" hits="11" branch="false"/>
            <line number="265" hits="9" branch="false"/>
            <line number="266" hits="8" branch="false"/>
            <line number="267" hits="8" branch="false"/>
            <line number="268" hits="8" branch="false"/>
            <line number="269" hits="8" branch="false"/>
            <line number="270" hits="8" branch="false"/>
            <line number="271" hits="8" branch="false"/>
            <line number="273" hits="9" branch="false"/>
            <line number="275" hits="2" branch="false"/>
            <line number="276" hits="2" branch="false"/>
            <line number="277" hits="2" branch="false"/>
            <line number="278" hits="2" branch="false"/>
            <line number="279" hits="2" branch="false"/>
            <line number="280" hits="2" branch="false"/>
            <line number="281" hits="2" branch="false"/>
            <line number="282" hits="2" branch="false"/>
            <line number="287" hits="14" branch="false"/>
            <line number="288" hits="1" branch="false"/>
            <line number="291" hits="14" branch="false"/>
            <line number="292" hits="14" branch="false"/>
            <line number="293" hits="1" branch="true" condition-coverage="50% (1/2)"/>
            <line number="294" hits="0" branch="false"/>
            <line number="295" hits="0" branch="false"/>
            <line number="297" hits="14" branch="false"/>
            <line number="298" hits="1" branch="true" condition-coverage="50% (1/2)"/>
            <line number="299" hits="0" branch="false"/>
            <line number="301" hits="14" branch="false"/>
            <line number="302" hits="1" branch="true" condition-coverage="50% (1/2)"/>
            <line number="303" hits="1" branch="false"/>
            <line number="304" hits="1" branch="true" condition-coverage="100% (2/2)"/>
            <line number="305" hits="1" branch="true" condition-coverage="50% (1/2)"/>
            <line number="307" hits="14" branch="false"/>
            <line number="308" hits="1" branch="true" condition-coverage="50% (1/2)"/>
            <line number="309" hits="0" branch="false"/>
            <line number="312" hits="14" branch="false"/>
            <line number="315" hits="5" branch="false"/>
            <line number="316" hits="5" branch="true" condition-coverage="50% (1/2)"/>
            <line number="317" hits="5" branch="true" condition-coverage="50% (1/2)"/>
            <line number="318" hits="5" branch="false"/>
            <line number="319" hits="5" branch="false"/>
            <line number="320" hits="5" branch="true" condition-coverage="100% (2/2)"/>
            <line number="321" hits="3" branch="false"/>
            <line number="322" hits="3" branch="false"/>
            <line number="323" hits="3" branch="false"/>
            <line number="324" hits="3" branch="true" condition-coverage="100% (2/2)"/>
            <line number="325" hits="3" branch="true" condition-coverage="75% (3/4)"/>
            <line number="326" hits="3" branch="false"/>
            <line number="327" hits="3" branch="false"/>
            <line number="328" hits="3" branch="true" condition-coverage="50% (1/2)"/>
            <line number="329" hits="3" branch="false"/>
            <line number="330" hits="3" branch="false"/>
            <line number="331" hits="3" branch="false"/>
            <line number="333" hits="5" branch="true" condition-coverage="50% (1/2)"/>
            <line number="334" hits="5" branch="false"/>
            <line number="335" hits="5" branch="false"/>
            <line number="339" hits="14" branch="false"/>
            <line number="340" hits="3" branch="true" condition-coverage="50% (1/2)"/>
            <line number="341" hits="3" branch="false"/>
            <line number="342" hits="3" branch="true" condition-coverage="50% (1/2)"/>
            <line number="343" hits="3" branch="false"/>
            <line number="344" hits="3" branch="false"/>
            <line number="345" hits="1" branch="false"/>
            <line number="348" hits="14" branch="false"/>
            <line number="349" hits="2" branch="true" condition-coverage="50% (1/2)"/>
            <line number="350" hits="2" branch="false"/>
            <line number="351" hits="2" branch="true" condition-coverage="50% (1/2)"/>
            <line number="352" hits="2" branch="false"/>
            <line number="353" hits="2" branch="false"/>
            <line number="354" hits="2" branch="false"/>
            <line number="355" hits="2" branch="false"/>
            <line number="356" hits="1" branch="false"/>
            <line number="360" hits="9" branch="false"/>
            <line number="361" hits="9" branch="true" condition-coverage="100% (2/2)"/>
            <line number="362" hits="2" branch="false"/>
            <line number="363" hits="2" branch="false"/>
            <line number="366" hits="7" branch="false"/>
            <line number="367" hits="7" branch="false"/>
            <line number="368" hits="7" branch="false"/>
            <line number="370" hits="7" branch="false"/>
            <line number="371" hits="7" branch="false"/>
            <line number="372" hits="7" branch="false"/>
            <line number="373" hits="7" branch="false"/>
            <line number="375" hits="7" branch="false"/>
            <line number="376" hits="7" branch="false"/>
            <line number="378" hits="7" branch="false"/>
            <line number="379" hits="7" branch="true" condition-coverage="100% (2/2)"/>
            <line number="380" hits="1" branch="false"/>
            <line number="381" hits="1" branch="true" condition-coverage="50% (1/2)"/>
            <line number="382" hits="1" branch="false"/>
            <line number="385" hits="6" branch="false"/>
            <line number="386" hits="6" branch="true" condition-coverage="25% (1/4)"/>
            <line number="388" hits="6" branch="true" condition-coverage="50% (1/2)"/>
            <line number="389" hits="6" branch="false"/>
            <line number="390" hits="6" branch="false"/>
            <line number="391" hits="6" branch="false"/>
            <line number="396" hits="6" branch="true" condition-coverage="100% (2/2)"/>
            <line number="397" hits="4" branch="false"/>
            <line number="400" hits="4" branch="true" condition-coverage="50% (1/2)"/>
            <line number="404" hits="4" branch="false"/>
            <line number="407" hits="4" branch="false"/>
            <line number="408" hits="4" branch="true" condition-coverage="50% (1/2)"/>
            <line number="409" hits="4" branch="false"/>
            <line number="410" hits="4" branch="true" condition-coverage="75% (3/4)"/>
            <line number="412" hits="3" branch="false"/>
            <line number="413" hits="3" branch="false"/>
            <line number="414" hits="3" branch="false"/>
            <line number="415" hits="3" branch="true" condition-coverage="50% (1/2)"/>
            <line number="416" hits="0" branch="true" condition-coverage="0% (0/2)"/>
            <line number="417" hits="3" branch="false"/>
            <line number="418" hits="3" branch="false"/>
            <line number="420" hits="3" branch="false"/>
            <line number="422" hits="2" branch="false"/>
            <line number="423" hits="2" branch="false"/>
            <line number="424" hits="2" branch="false"/>
            <line number="425" hits="2" branch="false"/>
            <line number="426" hits="2" branch="false"/>
            <line number="427" hits="2" branch="false"/>
            <line number="430" hits="2" branch="false"/>
            <line number="431" hits="2" branch="false"/>
            <line number="432" hits="2" branch="false"/>
            <line number="433" hits="2" branch="false"/>
            <line number="434" hits="2" branch="false"/>
            <line number="435" hits="2" branch="false"/>
            <line number="438" hits="2" branch="false"/>
            <line number="440" hits="7" branch="false"/>
            <line number="441" hits="7" branch="false"/>
            <line number="447" hits="14" branch="false"/>
            <line number="448" hits="9" branch="false"/>
            <line number="452" hits="7" branch="false"/>
            <line number="453" hits="7" branch="false"/>
            <line number="454" hits="7" branch="false"/>
            <line number="455" hits="7" branch="false"/>
            <line number="456" hits="7" branch="false"/>
            <line number="462" hits="14" branch="false"/>
            <line number="463" hits="14" branch="false"/>
          </lines>
        </class>
        <class name="cuadernillos.js" filename="frontend\cuadernillos.js" line-rate="0.5989" branch-rate="0.45539999999999997">
          <methods>
            <method name="(anonymous_0)" hits="10" signature="()V">
              <lines>
                <line number="11" hits="10"/>
              </lines>
            </method>
            <method name="repararEstadoModales" hits="50" signature="()V">
              <lines>
                <line number="36" hits="50"/>
              </lines>
            </method>
            <method name="(anonymous_2)" hits="0" signature="()V">
              <lines>
                <line number="41" hits="0"/>
              </lines>
            </method>
            <method name="(anonymous_3)" hits="52" signature="()V">
              <lines>
                <line number="50" hits="52"/>
              </lines>
            </method>
            <method name="(anonymous_4)" hits="0" signature="()V">
              <lines>
                <line number="66" hits="0"/>
              </lines>
            </method>
            <method name="(anonymous_5)" hits="46" signature="()V">
              <lines>
                <line number="71" hits="46"/>
              </lines>
            </method>
            <method name="(anonymous_6)" hits="22" signature="()V">
              <lines>
                <line number="72" hits="22"/>
              </lines>
            </method>
            <method name="(anonymous_7)" hits="46" signature="()V">
              <lines>
                <line number="82" hits="46"/>
              </lines>
            </method>
            <method name="(anonymous_8)" hits="26" signature="()V">
              <lines>
                <line number="83" hits="26"/>
              </lines>
            </method>
            <method name="(anonymous_9)" hits="42" signature="()V">
              <lines>
                <line number="86" hits="42"/>
              </lines>
            </method>
            <method name="(anonymous_10)" hits="26" signature="()V">
              <lines>
                <line number="89" hits="26"/>
              </lines>
            </method>
            <method name="(anonymous_11)" hits="26" signature="()V">
              <lines>
                <line number="102" hits="26"/>
              </lines>
            </method>
            <method name="(anonymous_12)" hits="23" signature="()V">
              <lines>
                <line number="115" hits="23"/>
              </lines>
            </method>
            <method name="(anonymous_13)" hits="19" signature="()V">
              <lines>
                <line number="127" hits="19"/>
              </lines>
            </method>
            <method name="(anonymous_14)" hits="0" signature="()V">
              <lines>
                <line number="131" hits="0"/>
              </lines>
            </method>
            <method name="(anonymous_15)" hits="6" signature="()V">
              <lines>
                <line number="133" hits="6"/>
              </lines>
            </method>
            <method name="(anonymous_16)" hits="0" signature="()V">
              <lines>
                <line number="136" hits="0"/>
              </lines>
            </method>
            <method name="uiAlert" hits="35" signature="()V">
              <lines>
                <line number="140" hits="35"/>
              </lines>
            </method>
            <method name="(anonymous_18)" hits="35" signature="()V">
              <lines>
                <line number="145" hits="35"/>
              </lines>
            </method>
            <method name="uiConfirm" hits="11" signature="()V">
              <lines>
                <line number="150" hits="11"/>
              </lines>
            </method>
            <method name="(anonymous_20)" hits="11" signature="()V">
              <lines>
                <line number="155" hits="11"/>
              </lines>
            </method>
            <method name="(anonymous_21)" hits="2" signature="()V">
              <lines>
                <line number="165" hits="2"/>
              </lines>
            </method>
            <method name="forceStaticModalsCuadOnce" hits="43" signature="()V">
              <lines>
                <line number="169" hits="43"/>
              </lines>
            </method>
            <method name="aplicarStatic" hits="160" signature="()V">
              <lines>
                <line number="186" hits="160"/>
              </lines>
            </method>
            <method name="aplicarATodos" hits="19" signature="()V">
              <lines>
                <line number="207" hits="19"/>
              </lines>
            </method>
            <method name="(anonymous_25)" hits="152" signature="()V">
              <lines>
                <line number="208" hits="152"/>
              </lines>
            </method>
            <method name="(anonymous_26)" hits="19" signature="()V">
              <lines>
                <line number="213" hits="19"/>
              </lines>
            </method>
            <method name="(anonymous_27)" hits="0" signature="()V">
              <lines>
                <line number="220" hits="0"/>
              </lines>
            </method>
            <method name="esModalTemasCuad" hits="22" signature="()V">
              <lines>
                <line number="228" hits="22"/>
              </lines>
            </method>
            <method name="esModalTemasBanco" hits="0" signature="()V">
              <lines>
                <line number="233" hits="0"/>
              </lines>
            </method>
            <method name="(anonymous_30)" hits="14" signature="()V">
              <lines>
                <line number="252" hits="14"/>
              </lines>
            </method>
            <method name="(anonymous_31)" hits="14" signature="()V">
              <lines>
                <line number="255" hits="14"/>
              </lines>
            </method>
            <method name="(anonymous_32)" hits="5" signature="()V">
              <lines>
                <line number="277" hits="5"/>
              </lines>
            </method>
            <method name="(anonymous_33)" hits="0" signature="()V">
              <lines>
                <line number="302" hits="0"/>
              </lines>
            </method>
            <method name="apiURL" hits="260" signature="()V">
              <lines>
                <line number="318" hits="260"/>
              </lines>
            </method>
            <method name="(anonymous_35)" hits="3" signature="()V">
              <lines>
                <line number="327" hits="3"/>
              </lines>
            </method>
            <method name="patchFetch404LogOnce" hits="43" signature="()V">
              <lines>
                <line number="348" hits="43"/>
              </lines>
            </method>
            <method name="(anonymous_37)" hits="118" signature="()V">
              <lines>
                <line number="352" hits="118"/>
              </lines>
            </method>
            <method name="(anonymous_38)" hits="43" signature="()V">
              <lines>
                <line number="373" hits="43"/>
              </lines>
            </method>
            <method name="actualizarEstadoBtnGenerarMatriz" hits="77" signature="()V">
              <lines>
                <line number="398" hits="77"/>
              </lines>
            </method>
            <method name="(anonymous_40)" hits="670" signature="()V">
              <lines>
                <line number="402" hits="670"/>
              </lines>
            </method>
            <method name="(anonymous_41)" hits="224" signature="()V">
              <lines>
                <line number="405" hits="224"/>
              </lines>
            </method>
            <method name="hayTemaRepetidoEnMatriz" hits="0" signature="()V">
              <lines>
                <line number="409" hits="0"/>
              </lines>
            </method>
            <method name="validarTemasUnicosMatriz" hits="4" signature="()V">
              <lines>
                <line number="423" hits="4"/>
              </lines>
            </method>
            <method name="getTemasActivos" hits="6" signature="()V">
              <lines>
                <line number="441" hits="6"/>
              </lines>
            </method>
            <method name="(anonymous_45)" hits="0" signature="()V">
              <lines>
                <line number="443" hits="0"/>
              </lines>
            </method>
            <method name="(anonymous_46)" hits="41" signature="()V">
              <lines>
                <line number="444" hits="41"/>
              </lines>
            </method>
            <method name="postJSON" hits="2" signature="()V">
              <lines>
                <line number="446" hits="2"/>
              </lines>
            </method>
            <method name="(anonymous_48)" hits="0" signature="()V">
              <lines>
                <line number="452" hits="0"/>
              </lines>
            </method>
            <method name="postForm" hits="17" signature="()V">
              <lines>
                <line number="456" hits="17"/>
              </lines>
            </method>
            <method name="(anonymous_50)" hits="0" signature="()V">
              <lines>
                <line number="458" hits="0"/>
              </lines>
            </method>
            <method name="saveDraft" hits="32" signature="()V">
              <lines>
                <line number="464" hits="32"/>
              </lines>
            </method>
            <method name="(anonymous_52)" hits="371" signature="()V">
              <lines>
                <line number="470" hits="371"/>
              </lines>
            </method>
            <method name="loadDraft" hits="6" signature="()V">
              <lines>
                <line number="480" hits="6"/>
              </lines>
            </method>
            <method name="clearDraft" hits="3" signature="()V">
              <lines>
                <line number="491" hits="3"/>
              </lines>
            </method>
            <method name="(anonymous_55)" hits="551" signature="()V">
              <lines>
                <line number="498" hits="551"/>
              </lines>
            </method>
            <method name="(anonymous_56)" hits="0" signature="()V">
              <lines>
                <line number="501" hits="0"/>
              </lines>
            </method>
            <method name="(anonymous_57)" hits="42" signature="()V">
              <lines>
                <line number="510" hits="42"/>
              </lines>
            </method>
            <method name="(anonymous_58)" hits="551" signature="()V">
              <lines>
                <line number="517" hits="551"/>
              </lines>
            </method>
            <method name="addFila" hits="42" signature="()V">
              <lines>
                <line number="525" hits="42"/>
              </lines>
            </method>
            <method name="(anonymous_60)" hits="281" signature="()V">
              <lines>
                <line number="534" hits="281"/>
              </lines>
            </method>
            <method name="restaurarDesdeDraft" hits="6" signature="()V">
              <lines>
                <line number="581" hits="6"/>
              </lines>
            </method>
            <method name="(anonymous_62)" hits="320" signature="()V">
              <lines>
                <line number="590" hits="320"/>
              </lines>
            </method>
            <method name="actualizarResumenMatriz" hits="72" signature="()V">
              <lines>
                <line number="596" hits="72"/>
              </lines>
            </method>
            <method name="(anonymous_64)" hits="650" signature="()V">
              <lines>
                <line number="602" hits="650"/>
              </lines>
            </method>
            <method name="(anonymous_65)" hits="641" signature="()V">
              <lines>
                <line number="606" hits="641"/>
              </lines>
            </method>
            <method name="getMatrizProgressEls" hits="54" signature="()V">
              <lines>
                <line number="616" hits="54"/>
              </lines>
            </method>
            <method name="clearMatrizProgressTimer" hits="17" signature="()V">
              <lines>
                <line number="625" hits="17"/>
              </lines>
            </method>
            <method name="setMatrizProgressVisible" hits="7" signature="()V">
              <lines>
                <line number="632" hits="7"/>
              </lines>
            </method>
            <method name="updateMatrizProgress" hits="45" signature="()V">
              <lines>
                <line number="652" hits="45"/>
              </lines>
            </method>
            <method name="showMatrizProgressDone" hits="2" signature="()V">
              <lines>
                <line number="666" hits="2"/>
              </lines>
            </method>
            <method name="startMatrizGenerateTicker" hits="2" signature="()V">
              <lines>
                <line number="681" hits="2"/>
              </lines>
            </method>
            <method name="(anonymous_72)" hits="1" signature="()V">
              <lines>
                <line number="687" hits="1"/>
              </lines>
            </method>
            <method name="setMatrizUiLocked" hits="5" signature="()V">
              <lines>
                <line number="694" hits="5"/>
              </lines>
            </method>
            <method name="(anonymous_74)" hits="2" signature="()V">
              <lines>
                <line number="712" hits="2"/>
              </lines>
            </method>
            <method name="(anonymous_75)" hits="8" signature="()V">
              <lines>
                <line number="719" hits="8"/>
              </lines>
            </method>
            <method name="(anonymous_76)" hits="6" signature="()V">
              <lines>
                <line number="727" hits="6"/>
              </lines>
            </method>
            <method name="(anonymous_77)" hits="0" signature="()V">
              <lines>
                <line number="736" hits="0"/>
              </lines>
            </method>
            <method name="(anonymous_78)" hits="4" signature="()V">
              <lines>
                <line number="755" hits="4"/>
              </lines>
            </method>
            <method name="(anonymous_79)" hits="3" signature="()V">
              <lines>
                <line number="765" hits="3"/>
              </lines>
            </method>
            <method name="(anonymous_80)" hits="1" signature="()V">
              <lines>
                <line number="776" hits="1"/>
              </lines>
            </method>
            <method name="(anonymous_81)" hits="22" signature="()V">
              <lines>
                <line number="780" hits="22"/>
              </lines>
            </method>
            <method name="(anonymous_82)" hits="144" signature="()V">
              <lines>
                <line number="784" hits="144"/>
              </lines>
            </method>
            <method name="(anonymous_83)" hits="4" signature="()V">
              <lines>
                <line number="791" hits="4"/>
              </lines>
            </method>
            <method name="(anonymous_84)" hits="1" signature="()V">
              <lines>
                <line number="806" hits="1"/>
              </lines>
            </method>
            <method name="(anonymous_85)" hits="2" signature="()V">
              <lines>
                <line number="821" hits="2"/>
              </lines>
            </method>
            <method name="(anonymous_86)" hits="3" signature="()V">
              <lines>
                <line number="830" hits="3"/>
              </lines>
            </method>
            <method name="(anonymous_87)" hits="5" signature="()V">
              <lines>
                <line number="842" hits="5"/>
              </lines>
            </method>
            <method name="(anonymous_88)" hits="17" signature="()V">
              <lines>
                <line number="879" hits="17"/>
              </lines>
            </method>
            <method name="(anonymous_89)" hits="0" signature="()V">
              <lines>
                <line number="936" hits="0"/>
              </lines>
            </method>
            <method name="(anonymous_90)" hits="0" signature="()V">
              <lines>
                <line number="945" hits="0"/>
              </lines>
            </method>
            <method name="(anonymous_91)" hits="2" signature="()V">
              <lines>
                <line number="979" hits="2"/>
              </lines>
            </method>
            <method name="(anonymous_92)" hits="1" signature="()V">
              <lines>
                <line number="988" hits="1"/>
              </lines>
            </method>
            <method name="getExamenImportadoPorClaveGrupo" hits="0" signature="()V">
              <lines>
                <line number="1018" hits="0"/>
              </lines>
            </method>
            <method name="(anonymous_94)" hits="0" signature="()V">
              <lines>
                <line number="1022" hits="0"/>
              </lines>
            </method>
            <method name="(anonymous_95)" hits="0" signature="()V">
              <lines>
                <line number="1029" hits="0"/>
              </lines>
            </method>
            <method name="(anonymous_96)" hits="0" signature="()V">
              <lines>
                <line number="1034" hits="0"/>
              </lines>
            </method>
            <method name="(anonymous_97)" hits="0" signature="()V">
              <lines>
                <line number="1039" hits="0"/>
              </lines>
            </method>
            <method name="(anonymous_98)" hits="0" signature="()V">
              <lines>
                <line number="1044" hits="0"/>
              </lines>
            </method>
            <method name="(anonymous_99)" hits="0" signature="()V">
              <lines>
                <line number="1051" hits="0"/>
              </lines>
            </method>
            <method name="(anonymous_100)" hits="4" signature="()V">
              <lines>
                <line number="1060" hits="4"/>
              </lines>
            </method>
            <method name="(anonymous_101)" hits="2" signature="()V">
              <lines>
                <line number="1063" hits="2"/>
              </lines>
            </method>
            <method name="fetchTemas" hits="0" signature="()V">
              <lines>
                <line number="1069" hits="0"/>
              </lines>
            </method>
            <method name="(anonymous_103)" hits="0" signature="()V">
              <lines>
                <line number="1071" hits="0"/>
              </lines>
            </method>
            <method name="(anonymous_104)" hits="43" signature="()V">
              <lines>
                <line number="1080" hits="43"/>
              </lines>
            </method>
            <method name="setOrigen" hits="3" signature="()V">
              <lines>
                <line number="1097" hits="3"/>
              </lines>
            </method>
            <method name="(anonymous_106)" hits="89" signature="()V">
              <lines>
                <line number="1115" hits="89"/>
              </lines>
            </method>
            <method name="(anonymous_107)" hits="0" signature="()V">
              <lines>
                <line number="1126" hits="0"/>
              </lines>
            </method>
            <method name="(anonymous_108)" hits="4" signature="()V">
              <lines>
                <line number="1132" hits="4"/>
              </lines>
            </method>
            <method name="(anonymous_109)" hits="25" signature="()V">
              <lines>
                <line number="1167" hits="25"/>
              </lines>
            </method>
            <method name="(anonymous_110)" hits="89" signature="()V">
              <lines>
                <line number="1177" hits="89"/>
              </lines>
            </method>
            <method name="(anonymous_111)" hits="19" signature="()V">
              <lines>
                <line number="1194" hits="19"/>
              </lines>
            </method>
            <method name="(anonymous_112)" hits="4" signature="()V">
              <lines>
                <line number="1205" hits="4"/>
              </lines>
            </method>
            <method name="cerrarModalById" hits="0" signature="()V">
              <lines>
                <line number="1276" hits="0"/>
              </lines>
            </method>
            <method name="(anonymous_114)" hits="43" signature="()V">
              <lines>
                <line number="1287" hits="43"/>
              </lines>
            </method>
            <method name="(anonymous_115)" hits="0" signature="()V">
              <lines>
                <line number="1290" hits="0"/>
              </lines>
            </method>
            <method name="getModalBancoEl" hits="0" signature="()V">
              <lines>
                <line number="1298" hits="0"/>
              </lines>
            </method>
            <method name="(anonymous_117)" hits="0" signature="()V">
              <lines>
                <line number="1300" hits="0"/>
              </lines>
            </method>
            <method name="getBancoTbody" hits="0" signature="()V">
              <lines>
                <line number="1306" hits="0"/>
              </lines>
            </method>
            <method name="getDetalleTbody" hits="0" signature="()V">
              <lines>
                <line number="1313" hits="0"/>
              </lines>
            </method>
            <method name="mostrarVistaBancoCuad" hits="0" signature="()V">
              <lines>
                <line number="1320" hits="0"/>
              </lines>
            </method>
            <method name="(anonymous_121)" hits="0" signature="()V">
              <lines>
                <line number="1365" hits="0"/>
              </lines>
            </method>
            <method name="(anonymous_122)" hits="0" signature="()V">
              <lines>
                <line number="1368" hits="0"/>
              </lines>
            </method>
            <method name="abrirModalBanco" hits="0" signature="()V">
              <lines>
                <line number="1378" hits="0"/>
              </lines>
            </method>
            <method name="(anonymous_124)" hits="0" signature="()V">
              <lines>
                <line number="1414" hits="0"/>
              </lines>
            </method>
            <method name="cargarResumenTemas" hits="0" signature="()V">
              <lines>
                <line number="1426" hits="0"/>
              </lines>
            </method>
            <method name="(anonymous_126)" hits="0" signature="()V">
              <lines>
                <line number="1469" hits="0"/>
              </lines>
            </method>
            <method name="(anonymous_127)" hits="0" signature="()V">
              <lines>
                <line number="1478" hits="0"/>
              </lines>
            </method>
            <method name="waitModalHidden" hits="0" signature="()V">
              <lines>
                <line number="1516" hits="0"/>
              </lines>
            </method>
            <method name="(anonymous_129)" hits="0" signature="()V">
              <lines>
                <line number="1517" hits="0"/>
              </lines>
            </method>
            <method name="(anonymous_130)" hits="0" signature="()V">
              <lines>
                <line number="1523" hits="0"/>
              </lines>
            </method>
            <method name="(anonymous_131)" hits="0" signature="()V">
              <lines>
                <line number="1528" hits="0"/>
              </lines>
            </method>
            <method name="waitModalShown" hits="0" signature="()V">
              <lines>
                <line number="1538" hits="0"/>
              </lines>
            </method>
            <method name="(anonymous_133)" hits="0" signature="()V">
              <lines>
                <line number="1539" hits="0"/>
              </lines>
            </method>
            <method name="(anonymous_134)" hits="0" signature="()V">
              <lines>
                <line number="1547" hits="0"/>
              </lines>
            </method>
            <method name="(anonymous_135)" hits="136" signature="()V">
              <lines>
                <line number="1560" hits="136"/>
              </lines>
            </method>
            <method name="debugDuplicadosBanco" hits="0" signature="()V">
              <lines>
                <line number="1571" hits="0"/>
              </lines>
            </method>
            <method name="renderDetalleBancoTbody" hits="0" signature="()V">
              <lines>
                <line number="1586" hits="0"/>
              </lines>
            </method>
            <method name="(anonymous_138)" hits="0" signature="()V">
              <lines>
                <line number="1599" hits="0"/>
              </lines>
            </method>
            <method name="fetchDocsBancoTema" hits="0" signature="()V">
              <lines>
                <line number="1634" hits="0"/>
              </lines>
            </method>
            <method name="(anonymous_140)" hits="0" signature="()V">
              <lines>
                <line number="1641" hits="0"/>
              </lines>
            </method>
            <method name="abrirDetalleBancoTema" hits="0" signature="()V">
              <lines>
                <line number="1648" hits="0"/>
              </lines>
            </method>
            <method name="(anonymous_142)" hits="0" signature="()V">
              <lines>
                <line number="1666" hits="0"/>
              </lines>
            </method>
            <method name="guardarSeleccionBancoTemaActual" hits="0" signature="()V">
              <lines>
                <line number="1671" hits="0"/>
              </lines>
            </method>
            <method name="(anonymous_144)" hits="0" signature="()V">
              <lines>
                <line number="1682" hits="0"/>
              </lines>
            </method>
            <method name="(anonymous_145)" hits="0" signature="()V">
              <lines>
                <line number="1698" hits="0"/>
              </lines>
            </method>
            <method name="(anonymous_146)" hits="136" signature="()V">
              <lines>
                <line number="1703" hits="136"/>
              </lines>
            </method>
            <method name="(anonymous_147)" hits="136" signature="()V">
              <lines>
                <line number="1716" hits="136"/>
              </lines>
            </method>
            <method name="setBancoMatrizGenerando" hits="0" signature="()V">
              <lines>
                <line number="1741" hits="0"/>
              </lines>
            </method>
            <method name="(anonymous_149)" hits="0" signature="()V">
              <lines>
                <line number="1751" hits="0"/>
              </lines>
            </method>
            <method name="(anonymous_150)" hits="0" signature="()V">
              <lines>
                <line number="1773" hits="0"/>
              </lines>
            </method>
            <method name="(anonymous_151)" hits="0" signature="()V">
              <lines>
                <line number="1783" hits="0"/>
              </lines>
            </method>
            <method name="(anonymous_152)" hits="0" signature="()V">
              <lines>
                <line number="1795" hits="0"/>
              </lines>
            </method>
            <method name="generarMatrizDesdeBanco" hits="0" signature="()V">
              <lines>
                <line number="1806" hits="0"/>
              </lines>
            </method>
            <method name="(anonymous_154)" hits="0" signature="()V">
              <lines>
                <line number="1810" hits="0"/>
              </lines>
            </method>
            <method name="(anonymous_155)" hits="0" signature="()V">
              <lines>
                <line number="1814" hits="0"/>
              </lines>
            </method>
            <method name="(anonymous_156)" hits="0" signature="()V">
              <lines>
                <line number="1847" hits="0"/>
              </lines>
            </method>
            <method name="(anonymous_157)" hits="136" signature="()V">
              <lines>
                <line number="1898" hits="136"/>
              </lines>
            </method>
            <method name="(anonymous_158)" hits="89" signature="()V">
              <lines>
                <line number="1916" hits="89"/>
              </lines>
            </method>
            <method name="(anonymous_159)" hits="8" signature="()V">
              <lines>
                <line number="1938" hits="8"/>
              </lines>
            </method>
            <method name="getGruposProgressEls" hits="0" signature="()V">
              <lines>
                <line number="1954" hits="0"/>
              </lines>
            </method>
            <method name="clearGruposProgressTimer" hits="0" signature="()V">
              <lines>
                <line number="1963" hits="0"/>
              </lines>
            </method>
            <method name="setGruposProgressVisible" hits="0" signature="()V">
              <lines>
                <line number="1970" hits="0"/>
              </lines>
            </method>
            <method name="updateGruposProgress" hits="0" signature="()V">
              <lines>
                <line number="1990" hits="0"/>
              </lines>
            </method>
            <method name="showGruposProgressDone" hits="0" signature="()V">
              <lines>
                <line number="2004" hits="0"/>
              </lines>
            </method>
            <method name="startGruposGenerateTicker" hits="0" signature="()V">
              <lines>
                <line number="2019" hits="0"/>
              </lines>
            </method>
            <method name="(anonymous_166)" hits="0" signature="()V">
              <lines>
                <line number="2025" hits="0"/>
              </lines>
            </method>
            <method name="setGruposUiLocked" hits="0" signature="()V">
              <lines>
                <line number="2032" hits="0"/>
              </lines>
            </method>
            <method name="(anonymous_168)" hits="2" signature="()V">
              <lines>
                <line number="2049" hits="2"/>
              </lines>
            </method>
            <method name="(anonymous_169)" hits="8" signature="()V">
              <lines>
                <line number="2056" hits="8"/>
              </lines>
            </method>
            <method name="fechaActualPCParaArchivo" hits="0" signature="()V">
              <lines>
                <line number="2071" hits="0"/>
              </lines>
            </method>
            <method name="bindGenerarGruposOnce" hits="43" signature="()V">
              <lines>
                <line number="2085" hits="43"/>
              </lines>
            </method>
            <method name="(anonymous_172)" hits="136" signature="()V">
              <lines>
                <line number="2086" hits="136"/>
              </lines>
            </method>
            <method name="(anonymous_173)" hits="0" signature="()V">
              <lines>
                <line number="2097" hits="0"/>
              </lines>
            </method>
            <method name="(anonymous_174)" hits="0" signature="()V">
              <lines>
                <line number="2130" hits="0"/>
              </lines>
            </method>
            <method name="(anonymous_175)" hits="0" signature="()V">
              <lines>
                <line number="2145" hits="0"/>
              </lines>
            </method>
            <method name="(anonymous_176)" hits="0" signature="()V">
              <lines>
                <line number="2152" hits="0"/>
              </lines>
            </method>
            <method name="(anonymous_177)" hits="0" signature="()V">
              <lines>
                <line number="2177" hits="0"/>
              </lines>
            </method>
            <method name="(anonymous_178)" hits="0" signature="()V">
              <lines>
                <line number="2182" hits="0"/>
              </lines>
            </method>
            <method name="__getJSON" hits="0" signature="()V">
              <lines>
                <line number="2213" hits="0"/>
              </lines>
            </method>
            <method name="(anonymous_180)" hits="0" signature="()V">
              <lines>
                <line number="2215" hits="0"/>
              </lines>
            </method>
            <method name="fetchGruposAll" hits="0" signature="()V">
              <lines>
                <line number="2218" hits="0"/>
              </lines>
            </method>
            <method name="fetchTemasActivos2" hits="0" signature="()V">
              <lines>
                <line number="2222" hits="0"/>
              </lines>
            </method>
            <method name="(anonymous_183)" hits="0" signature="()V">
              <lines>
                <line number="2224" hits="0"/>
              </lines>
            </method>
            <method name="fetchCuotasGrupo2" hits="0" signature="()V">
              <lines>
                <line number="2226" hits="0"/>
              </lines>
            </method>
            <method name="saveCuotasGrupo2" hits="0" signature="()V">
              <lines>
                <line number="2230" hits="0"/>
              </lines>
            </method>
            <method name="rowGrupoHTML" hits="0" signature="()V">
              <lines>
                <line number="2240" hits="0"/>
              </lines>
            </method>
            <method name="getModalGruposEl" hits="3" signature="()V">
              <lines>
                <line number="2263" hits="3"/>
              </lines>
            </method>
            <method name="(anonymous_188)" hits="3" signature="()V">
              <lines>
                <line number="2268" hits="3"/>
              </lines>
            </method>
            <method name="(anonymous_189)" hits="0" signature="()V">
              <lines>
                <line number="2269" hits="0"/>
              </lines>
            </method>
            <method name="(anonymous_190)" hits="0" signature="()V">
              <lines>
                <line number="2270" hits="0"/>
              </lines>
            </method>
            <method name="getGruposTbody" hits="3" signature="()V">
              <lines>
                <line number="2275" hits="3"/>
              </lines>
            </method>
            <method name="limpiarDuplicadosModalCuad" hits="45" signature="()V">
              <lines>
                <line number="2281" hits="45"/>
              </lines>
            </method>
            <method name="(anonymous_193)" hits="20" signature="()V">
              <lines>
                <line number="2286" hits="20"/>
              </lines>
            </method>
            <method name="(anonymous_194)" hits="15" signature="()V">
              <lines>
                <line number="2287" hits="15"/>
              </lines>
            </method>
            <method name="(anonymous_195)" hits="7" signature="()V">
              <lines>
                <line number="2288" hits="7"/>
              </lines>
            </method>
            <method name="(anonymous_196)" hits="22" signature="()V">
              <lines>
                <line number="2291" hits="22"/>
              </lines>
            </method>
            <method name="renderGruposCuadSimple" hits="3" signature="()V">
              <lines>
                <line number="2301" hits="3"/>
              </lines>
            </method>
            <method name="filaCuotaHTML2" hits="0" signature="()V">
              <lines>
                <line number="2336" hits="0"/>
              </lines>
            </method>
            <method name="(anonymous_199)" hits="0" signature="()V">
              <lines>
                <line number="2346" hits="0"/>
              </lines>
            </method>
            <method name="totalFrom2" hits="0" signature="()V">
              <lines>
                <line number="2375" hits="0"/>
              </lines>
            </method>
            <method name="(anonymous_201)" hits="0" signature="()V">
              <lines>
                <line number="2378" hits="0"/>
              </lines>
            </method>
            <method name="leerCuotasGrupoCuad" hits="0" signature="()V">
              <lines>
                <line number="2385" hits="0"/>
              </lines>
            </method>
            <method name="abrirEditorGrupoCuadSimple" hits="0" signature="()V">
              <lines>
                <line number="2409" hits="0"/>
              </lines>
            </method>
            <method name="(anonymous_204)" hits="0" signature="()V">
              <lines>
                <line number="2486" hits="0"/>
              </lines>
            </method>
            <method name="(anonymous_205)" hits="0" signature="()V">
              <lines>
                <line number="2492" hits="0"/>
              </lines>
            </method>
            <method name="(anonymous_206)" hits="0" signature="()V">
              <lines>
                <line number="2496" hits="0"/>
              </lines>
            </method>
            <method name="(anonymous_207)" hits="0" signature="()V">
              <lines>
                <line number="2504" hits="0"/>
              </lines>
            </method>
            <method name="(anonymous_208)" hits="0" signature="()V">
              <lines>
                <line number="2509" hits="0"/>
              </lines>
            </method>
            <method name="(anonymous_209)" hits="0" signature="()V">
              <lines>
                <line number="2534" hits="0"/>
              </lines>
            </method>
            <method name="(anonymous_210)" hits="0" signature="()V">
              <lines>
                <line number="2568" hits="0"/>
              </lines>
            </method>
            <method name="(anonymous_211)" hits="0" signature="()V">
              <lines>
                <line number="2601" hits="0"/>
              </lines>
            </method>
            <method name="(anonymous_212)" hits="0" signature="()V">
              <lines>
                <line number="2613" hits="0"/>
              </lines>
            </method>
            <method name="bindGruposTableHandlers" hits="43" signature="()V">
              <lines>
                <line number="2620" hits="43"/>
              </lines>
            </method>
            <method name="(anonymous_214)" hits="136" signature="()V">
              <lines>
                <line number="2623" hits="136"/>
              </lines>
            </method>
            <method name="(anonymous_215)" hits="0" signature="()V">
              <lines>
                <line number="2656" hits="0"/>
              </lines>
            </method>
            <method name="(anonymous_216)" hits="0" signature="()V">
              <lines>
                <line number="2661" hits="0"/>
              </lines>
            </method>
            <method name="(anonymous_217)" hits="0" signature="()V">
              <lines>
                <line number="2673" hits="0"/>
              </lines>
            </method>
            <method name="(anonymous_218)" hits="0" signature="()V">
              <lines>
                <line number="2701" hits="0"/>
              </lines>
            </method>
            <method name="(anonymous_219)" hits="0" signature="()V">
              <lines>
                <line number="2714" hits="0"/>
              </lines>
            </method>
            <method name="(anonymous_220)" hits="22" signature="()V">
              <lines>
                <line number="2737" hits="22"/>
              </lines>
            </method>
            <method name="(anonymous_221)" hits="3" signature="()V">
              <lines>
                <line number="2739" hits="3"/>
              </lines>
            </method>
            <method name="postJSON_claves" hits="47" signature="()V">
              <lines>
                <line number="2752" hits="47"/>
              </lines>
            </method>
            <method name="(anonymous_223)" hits="0" signature="()V">
              <lines>
                <line number="2758" hits="0"/>
              </lines>
            </method>
            <method name="ensureClaves" hits="36" signature="()V">
              <lines>
                <line number="2763" hits="36"/>
              </lines>
            </method>
            <method name="aleatorizarClavesServer" hits="1" signature="()V">
              <lines>
                <line number="2770" hits="1"/>
              </lines>
            </method>
            <method name="guardarClavesServer" hits="9" signature="()V">
              <lines>
                <line number="2778" hits="9"/>
              </lines>
            </method>
            <method name="getClavesOrigen" hits="37" signature="()V">
              <lines>
                <line number="2787" hits="37"/>
              </lines>
            </method>
            <method name="(anonymous_228)" hits="0" signature="()V">
              <lines>
                <line number="2791" hits="0"/>
              </lines>
            </method>
            <method name="(anonymous_229)" hits="43" signature="()V">
              <lines>
                <line number="2795" hits="43"/>
              </lines>
            </method>
            <method name="getAleaCounterStore" hits="99" signature="()V">
              <lines>
                <line number="2813" hits="99"/>
              </lines>
            </method>
            <method name="setAleaCounterStore" hits="26" signature="()V">
              <lines>
                <line number="2821" hits="26"/>
              </lines>
            </method>
            <method name="aleaCounterKey" hits="145" signature="()V">
              <lines>
                <line number="2825" hits="145"/>
              </lines>
            </method>
            <method name="getAleaCounter" hits="73" signature="()V">
              <lines>
                <line number="2829" hits="73"/>
              </lines>
            </method>
            <method name="setAleaCounter" hits="26" signature="()V">
              <lines>
                <line number="2835" hits="26"/>
              </lines>
            </method>
            <method name="incrementAleaCounter" hits="1" signature="()V">
              <lines>
                <line number="2842" hits="1"/>
              </lines>
            </method>
            <method name="renderAleaCounter" hits="27" signature="()V">
              <lines>
                <line number="2848" hits="27"/>
              </lines>
            </method>
            <method name="renderAleaStatusText" hits="27" signature="()V">
              <lines>
                <line number="2869" hits="27"/>
              </lines>
            </method>
            <method name="getAleaDoneStore" hits="46" signature="()V">
              <lines>
                <line number="2886" hits="46"/>
              </lines>
            </method>
            <method name="setAleaDoneStore" hits="1" signature="()V">
              <lines>
                <line number="2894" hits="1"/>
              </lines>
            </method>
            <method name="marcarGrupoAleatorizado" hits="1" signature="()V">
              <lines>
                <line number="2898" hits="1"/>
              </lines>
            </method>
            <method name="grupoYaFueAleatorizado" hits="45" signature="()V">
              <lines>
                <line number="2908" hits="45"/>
              </lines>
            </method>
            <method name="setBotonPostAlea" hits="108" signature="()V">
              <lines>
                <line number="2918" hits="108"/>
              </lines>
            </method>
            <method name="actualizarEstadoBotonesPostAlea" hits="36" signature="()V">
              <lines>
                <line number="2944" hits="36"/>
              </lines>
            </method>
            <method name="inferirClaveGrupoDesdeNombreImportado" hits="53" signature="()V">
              <lines>
                <line number="2964" hits="53"/>
              </lines>
            </method>
            <method name="getClavesImportadas" hits="25" signature="()V">
              <lines>
                <line number="2978" hits="25"/>
              </lines>
            </method>
            <method name="getGruposFiltradosPorImportados" hits="25" signature="()V">
              <lines>
                <line number="2989" hits="25"/>
              </lines>
            </method>
            <method name="(anonymous_247)" hits="28" signature="()V">
              <lines>
                <line number="2994" hits="28"/>
              </lines>
            </method>
            <method name="syncExamenesCache" hits="37" signature="()V">
              <lines>
                <line number="3012" hits="37"/>
              </lines>
            </method>
            <method name="getExamenesImportadosSafe" hits="28" signature="()V">
              <lines>
                <line number="3016" hits="28"/>
              </lines>
            </method>
            <method name="getExamenImportadoPorClaveGrupo" hits="28" signature="()V">
              <lines>
                <line number="3022" hits="28"/>
              </lines>
            </method>
            <method name="(anonymous_251)" hits="28" signature="()V">
              <lines>
                <line number="3026" hits="28"/>
              </lines>
            </method>
            <method name="(anonymous_252)" hits="0" signature="()V">
              <lines>
                <line number="3032" hits="0"/>
              </lines>
            </method>
            <method name="(anonymous_253)" hits="0" signature="()V">
              <lines>
                <line number="3038" hits="0"/>
              </lines>
            </method>
            <method name="(anonymous_254)" hits="0" signature="()V">
              <lines>
                <line number="3039" hits="0"/>
              </lines>
            </method>
            <method name="(anonymous_255)" hits="0" signature="()V">
              <lines>
                <line number="3045" hits="0"/>
              </lines>
            </method>
            <method name="(anonymous_256)" hits="0" signature="()V">
              <lines>
                <line number="3059" hits="0"/>
              </lines>
            </method>
            <method name="(anonymous_257)" hits="43" signature="()V">
              <lines>
                <line number="3077" hits="43"/>
              </lines>
            </method>
            <method name="(anonymous_258)" hits="32" signature="()V">
              <lines>
                <line number="3081" hits="32"/>
              </lines>
            </method>
            <method name="(anonymous_259)" hits="16" signature="()V">
              <lines>
                <line number="3082" hits="16"/>
              </lines>
            </method>
            <method name="(anonymous_260)" hits="26" signature="()V">
              <lines>
                <line number="3083" hits="26"/>
              </lines>
            </method>
            <method name="(anonymous_261)" hits="7" signature="()V">
              <lines>
                <line number="3084" hits="7"/>
              </lines>
            </method>
            <method name="(anonymous_262)" hits="10" signature="()V">
              <lines>
                <line number="3086" hits="10"/>
              </lines>
            </method>
            <method name="fetchJSON" hits="41" signature="()V">
              <lines>
                <line number="3088" hits="41"/>
              </lines>
            </method>
            <method name="(anonymous_264)" hits="0" signature="()V">
              <lines>
                <line number="3090" hits="0"/>
              </lines>
            </method>
            <method name="listarTipos" hits="30" signature="()V">
              <lines>
                <line number="3095" hits="30"/>
              </lines>
            </method>
            <method name="crearTipo" hits="1" signature="()V">
              <lines>
                <line number="3102" hits="1"/>
              </lines>
            </method>
            <method name="toggleTipo" hits="10" signature="()V">
              <lines>
                <line number="3110" hits="10"/>
              </lines>
            </method>
            <method name="(anonymous_268)" hits="0" signature="()V">
              <lines>
                <line number="3122" hits="0"/>
              </lines>
            </method>
            <method name="renderTipos" hits="26" signature="()V">
              <lines>
                <line number="3128" hits="26"/>
              </lines>
            </method>
            <method name="(anonymous_270)" hits="45" signature="()V">
              <lines>
                <line number="3135" hits="45"/>
              </lines>
            </method>
            <method name="(anonymous_271)" hits="134" signature="()V">
              <lines>
                <line number="3164" hits="134"/>
              </lines>
            </method>
            <method name="(anonymous_272)" hits="134" signature="()V">
              <lines>
                <line number="3185" hits="134"/>
              </lines>
            </method>
            <method name="(anonymous_273)" hits="5" signature="()V">
              <lines>
                <line number="3201" hits="5"/>
              </lines>
            </method>
            <method name="(anonymous_274)" hits="134" signature="()V">
              <lines>
                <line number="3228" hits="134"/>
              </lines>
            </method>
            <method name="(anonymous_275)" hits="37" signature="()V">
              <lines>
                <line number="3255" hits="37"/>
              </lines>
            </method>
            <method name="(anonymous_276)" hits="29" signature="()V">
              <lines>
                <line number="3274" hits="29"/>
              </lines>
            </method>
[...]
            <line number="19" hits="7" branch="false"/>
            <line number="20" hits="7" branch="false"/>
            <line number="21" hits="7" branch="false"/>
            <line number="22" hits="7" branch="false"/>
            <line number="23" hits="7" branch="false"/>
            <line number="26" hits="5" branch="true" condition-coverage="75% (3/4)"/>
            <line number="27" hits="5" branch="false"/>
            <line number="28" hits="5" branch="true" condition-coverage="100% (2/2)"/>
            <line number="32" hits="31" branch="false"/>
            <line number="40" hits="8" branch="false"/>
            <line number="44" hits="5" branch="false"/>
            <line number="45" hits="5" branch="true" condition-coverage="100% (4/4)"/>
            <line number="46" hits="3" branch="false"/>
            <line number="48" hits="2" branch="true" condition-coverage="100% (2/2)"/>
            <line number="49" hits="1" branch="false"/>
            <line number="51" hits="1" branch="true" condition-coverage="50% (1/2)"/>
            <line number="52" hits="0" branch="false"/>
            <line number="54" hits="1" branch="true" condition-coverage="50% (1/2)"/>
            <line number="55" hits="1" branch="false"/>
            <line number="57" hits="0" branch="true" condition-coverage="0% (0/3)"/>
            <line number="61" hits="8" branch="false"/>
            <line number="83" hits="8" branch="true" condition-coverage="50% (1/2)"/>
            <line number="87" hits="12" branch="true" condition-coverage="100% (2/2)"/>
            <line number="89" hits="3" branch="false"/>
            <line number="107" hits="3" branch="false"/>
            <line number="111" hits="4" branch="false"/>
            <line number="112" hits="4" branch="false"/>
            <line number="113" hits="4" branch="false"/>
            <line number="114" hits="4" branch="false"/>
            <line number="115" hits="3" branch="false"/>
            <line number="116" hits="3" branch="false"/>
            <line number="117" hits="3" branch="true" condition-coverage="50% (1/2)"/>
            <line number="122" hits="16" branch="true" condition-coverage="100% (4/4)"/>
            <line number="123" hits="6" branch="false"/>
            <line number="124" hits="6" branch="false"/>
            <line number="126" hits="10" branch="false"/>
            <line number="130" hits="4" branch="false"/>
            <line number="131" hits="4" branch="true" condition-coverage="100% (2/2)"/>
            <line number="132" hits="2" branch="false"/>
            <line number="133" hits="2" branch="false"/>
            <line number="136" hits="2" branch="false"/>
            <line number="137" hits="2" branch="true" condition-coverage="50% (1/2)"/>
            <line number="138" hits="2" branch="false"/>
            <line number="139" hits="2" branch="false"/>
            <line number="140" hits="2" branch="true" condition-coverage="50% (1/2)"/>
            <line number="142" hits="2" branch="false"/>
            <line number="143" hits="2" branch="false"/>
            <line number="144" hits="2" branch="false"/>
            <line number="145" hits="2" branch="false"/>
            <line number="146" hits="2" branch="false"/>
            <line number="148" hits="2" branch="false"/>
            <line number="149" hits="2" branch="false"/>
            <line number="150" hits="2" branch="false"/>
            <line number="153" hits="2" branch="false"/>
            <line number="154" hits="2" branch="false"/>
            <line number="156" hits="2" branch="false"/>
            <line number="159" hits="2" branch="false"/>
            <line number="164" hits="2" branch="false"/>
            <line number="165" hits="2" branch="false"/>
            <line number="166" hits="2" branch="false"/>
            <line number="168" hits="2" branch="false"/>
            <line number="169" hits="2" branch="false"/>
            <line number="171" hits="2" branch="false"/>
            <line number="173" hits="2" branch="false"/>
            <line number="174" hits="2" branch="false"/>
            <line number="175" hits="2" branch="true" condition-coverage="50% (1/2)"/>
            <line number="176" hits="2" branch="false"/>
            <line number="179" hits="2" branch="false"/>
            <line number="184" hits="5" branch="false"/>
            <line number="185" hits="5" branch="true" condition-coverage="100% (2/2)"/>
            <line number="186" hits="2" branch="false"/>
            <line number="189" hits="3" branch="false"/>
            <line number="190" hits="3" branch="true" condition-coverage="50% (1/2)"/>
            <line number="191" hits="3" branch="true" condition-coverage="50% (1/2)"/>
            <line number="192" hits="3" branch="false"/>
            <line number="193" hits="3" branch="true" condition-coverage="100% (2/2)"/>
            <line number="194" hits="3" branch="true" condition-coverage="50% (1/2)"/>
            <line number="195" hits="3" branch="true" condition-coverage="50% (1/2)"/>
            <line number="197" hits="3" branch="true" condition-coverage="100% (3/3)"/>
            <line number="199" hits="3" branch="true" condition-coverage="100% (2/2)"/>
            <line number="201" hits="3" branch="false"/>
            <line number="202" hits="3" branch="false"/>
            <line number="203" hits="3" branch="false"/>
            <line number="204" hits="3" branch="false"/>
            <line number="205" hits="3" branch="false"/>
            <line number="207" hits="3" branch="false"/>
            <line number="208" hits="3" branch="false"/>
            <line number="209" hits="3" branch="false"/>
            <line number="212" hits="3" branch="false"/>
            <line number="213" hits="3" branch="false"/>
            <line number="215" hits="3" branch="false"/>
            <line number="220" hits="3" branch="false"/>
            <line number="225" hits="3" branch="false"/>
            <line number="226" hits="3" branch="false"/>
            <line number="227" hits="3" branch="false"/>
            <line number="228" hits="3" branch="true" condition-coverage="50% (1/2)"/>
            <line number="229" hits="3" branch="false"/>
            <line number="230" hits="3" branch="false"/>
            <line number="231" hits="3" branch="false"/>
            <line number="234" hits="3" branch="false"/>
            <line number="236" hits="3" branch="false"/>
            <line number="237" hits="1" branch="false"/>
            <line number="238" hits="1" branch="false"/>
            <line number="239" hits="1" branch="true" condition-coverage="50% (1/2)"/>
            <line number="242" hits="3" branch="false"/>
            <line number="243" hits="3" branch="false"/>
            <line number="245" hits="3" branch="false"/>
            <line number="247" hits="2" branch="false"/>
            <line number="248" hits="3" branch="false"/>
            <line number="250" hits="1" branch="false"/>
            <line number="251" hits="3" branch="false"/>
            <line number="252" hits="3" branch="true" condition-coverage="50% (1/2)"/>
            <line number="253" hits="3" branch="false"/>
            <line number="256" hits="3" branch="false"/>
            <line number="261" hits="7" branch="false"/>
            <line number="262" hits="7" branch="true" condition-coverage="100% (2/2)"/>
            <line number="263" hits="2" branch="true" condition-coverage="50% (1/2)"/>
            <line number="264" hits="2" branch="false"/>
            <line number="267" hits="2" branch="true" condition-coverage="50% (1/2)"/>
            <line number="270" hits="5" branch="false"/>
            <line number="271" hits="5" branch="true" condition-coverage="50% (1/2)"/>
            <line number="272" hits="5" branch="true" condition-coverage="50% (1/2)"/>
            <line number="273" hits="5" branch="true" condition-coverage="100% (2/2)"/>
            <line number="274" hits="2" branch="false"/>
            <line number="275" hits="2" branch="false"/>
            <line number="278" hits="3" branch="true" condition-coverage="100% (2/2)"/>
            <line number="279" hits="3" branch="false"/>
            <line number="281" hits="3" branch="true" condition-coverage="100% (2/2)"/>
            <line number="283" hits="3" branch="true" condition-coverage="75% (3/4)"/>
            <line number="285" hits="3" branch="false"/>
            <line number="290" hits="3" branch="false"/>
            <line number="291" hits="3" branch="false"/>
            <line number="292" hits="3" branch="false"/>
            <line number="293" hits="3" branch="false"/>
            <line number="294" hits="3" branch="false"/>
            <line number="296" hits="3" branch="false"/>
            <line number="297" hits="3" branch="false"/>
            <line number="298" hits="3" branch="true" condition-coverage="50% (1/2)"/>
            <line number="299" hits="3" branch="false"/>
            <line number="301" hits="3" branch="true" condition-coverage="50% (1/2)"/>
            <line number="305" hits="3" branch="false"/>
            <line number="307" hits="5" branch="true" condition-coverage="75% (3/4)"/>
            <line number="309" hits="5" branch="true" condition-coverage="50% (3/6)"/>
            <line number="310" hits="5" branch="true" condition-coverage="100% (3/3)"/>
            <line number="311" hits="5" branch="true" condition-coverage="100% (2/2)"/>
            <line number="312" hits="5" branch="true" condition-coverage="100% (2/2)"/>
            <line number="315" hits="5" branch="false"/>
            <line number="316" hits="5" branch="false"/>
            <line number="323" hits="3" branch="true" condition-coverage="100% (2/2)"/>
            <line number="327" hits="3" branch="false"/>
            <line number="331" hits="3" branch="false"/>
            <line number="333" hits="3" branch="false"/>
            <line number="334" hits="3" branch="false"/>
            <line number="336" hits="3" branch="false"/>
            <line number="341" hits="3" branch="false"/>
            <line number="342" hits="3" branch="false"/>
            <line number="343" hits="3" branch="false"/>
            <line number="344" hits="3" branch="true" condition-coverage="50% (1/2)"/>
            <line number="345" hits="3" branch="false"/>
            <line number="346" hits="3" branch="false"/>
            <line number="347" hits="3" branch="false"/>
            <line number="348" hits="3" branch="false"/>
            <line number="351" hits="3" branch="false"/>
            <line number="353" hits="3" branch="false"/>
            <line number="354" hits="2" branch="false"/>
            <line number="355" hits="2" branch="false"/>
            <line number="356" hits="2" branch="false"/>
            <line number="357" hits="2" branch="true" condition-coverage="50% (1/2)"/>
            <line number="360" hits="3" branch="false"/>
            <line number="361" hits="3" branch="false"/>
            <line number="363" hits="3" branch="false"/>
            <line number="364" hits="5" branch="false"/>
            <line number="366" hits="2" branch="false"/>
            <line number="371" hits="3" branch="false"/>
            <line number="372" hits="3" branch="true" condition-coverage="100% (2/2)"/>
            <line number="373" hits="2" branch="false"/>
            <line number="375" hits="3" branch="false"/>
            <line number="376" hits="3" branch="true" condition-coverage="50% (1/2)"/>
            <line number="377" hits="3" branch="false"/>
            <line number="380" hits="3" branch="false"/>
            <line number="384" hits="7" branch="false"/>
          </lines>
        </class>
        <class name="temario_modal.js" filename="frontend\js\temario_modal.js" line-rate="0.9767" branch-rate="0.8358">
          <methods>
            <method name="(anonymous_0)" hits="4" signature="()V">
              <lines>
                <line number="5" hits="4"/>
              </lines>
            </method>
            <method name="wireTemarioDataTableToolbar" hits="2" signature="()V">
              <lines>
                <line number="11" hits="2"/>
              </lines>
            </method>
            <method name="(anonymous_2)" hits="4" signature="()V">
              <lines>
                <line number="27" hits="4"/>
              </lines>
            </method>
            <method name="destroy" hits="4" signature="()V">
              <lines>
                <line number="82" hits="4"/>
              </lines>
            </method>
            <method name="rebuildThead" hits="4" signature="()V">
              <lines>
                <line number="104" hits="4"/>
              </lines>
            </method>
            <method name="badgeHtml" hits="4" signature="()V">
              <lines>
                <line number="135" hits="4"/>
              </lines>
            </method>
            <method name="accionesColumn" hits="4" signature="()V">
              <lines>
                <line number="141" hits="4"/>
              </lines>
            </method>
            <method name="(anonymous_7)" hits="3" signature="()V">
              <lines>
                <line number="142" hits="3"/>
              </lines>
            </method>
            <method name="buildColumns" hits="4" signature="()V">
              <lines>
                <line number="184" hits="4"/>
              </lines>
            </method>
            <method name="(anonymous_9)" hits="3" signature="()V">
              <lines>
                <line number="209" hits="3"/>
              </lines>
            </method>
            <method name="(anonymous_10)" hits="1" signature="()V">
              <lines>
                <line number="230" hits="1"/>
              </lines>
            </method>
            <method name="columnDefsForMode" hits="4" signature="()V">
              <lines>
                <line number="238" hits="4"/>
              </lines>
            </method>
            <method name="buildLanguage" hits="2" signature="()V">
              <lines>
                <line number="254" hits="2"/>
              </lines>
            </method>
          </methods>
          <lines>
            <line number="5" hits="4" branch="false"/>
            <line number="6" hits="4" branch="false"/>
            <line number="7" hits="4" branch="true" condition-coverage="80% (4/5)"/>
            <line number="9" hits="4" branch="false"/>
            <line number="17" hits="2" branch="true" condition-coverage="50% (1/2)"/>
            <line number="19" hits="2" branch="false"/>
            <line number="20" hits="2" branch="false"/>
            <line number="21" hits="2" branch="false"/>
            <line number="22" hits="2" branch="false"/>
            <line number="23" hits="2" branch="true" condition-coverage="100% (4/4)"/>
            <line number="24" hits="1" branch="false"/>
            <line number="27" hits="2" branch="false"/>
            <line number="28" hits="4" branch="false"/>
            <line number="29" hits="4" branch="true" condition-coverage="100% (2/2)"/>
            <line number="30" hits="4" branch="true" condition-coverage="100% (2/2)"/>
            <line number="31" hits="4" branch="false"/>
            <line number="34" hits="2" branch="false"/>
            <line number="35" hits="2" branch="false"/>
            <line number="36" hits="2" branch="true" condition-coverage="100% (4/4)"/>
            <line number="37" hits="1" branch="false"/>
            <line number="38" hits="1" branch="false"/>
            <line number="39" hits="1" branch="false"/>
            <line number="40" hits="1" branch="false"/>
            <line number="41" hits="1" branch="false"/>
            <line number="42" hits="1" branch="false"/>
            <line number="45" hits="1" branch="false"/>
            <line number="51" hits="2" branch="false"/>
            <line number="52" hits="2" branch="false"/>
            <line number="53" hits="2" branch="true" condition-coverage="100% (4/4)"/>
            <line number="54" hits="1" branch="false"/>
            <line number="55" hits="1" branch="false"/>
            <line number="58" hits="1" branch="false"/>
            <line number="61" hits="1" branch="false"/>
            <line number="67" hits="1" branch="false"/>
            <line number="68" hits="1" branch="false"/>
            <line number="71" hits="1" branch="false"/>
            <line number="75" hits="1" branch="false"/>
            <line number="83" hits="4" branch="true" condition-coverage="100% (2/2)"/>
            <line number="84" hits="4" branch="false"/>
            <line number="86" hits="4" branch="true" condition-coverage="50% (1/2)"/>
            <line number="87" hits="4" branch="true" condition-coverage="100% (2/2)"/>
            <line number="89" hits="2" branch="false"/>
            <line number="90" hits="2" branch="true" condition-coverage="50% (1/2)"/>
            <line number="91" hits="0" branch="false"/>
            <line number="92" hits="0" branch="false"/>
            <line number="96" hits="2" branch="false"/>
            <line number="97" hits="4" branch="false"/>
            <line number="98" hits="4" branch="true" condition-coverage="100% (2/2)"/>
            <line number="99" hits="2" branch="false"/>
            <line number="100" hits="2" branch="false"/>
            <line number="105" hits="4" branch="true" condition-coverage="100% (2/2)"/>
            <line number="106" hits="4" branch="false"/>
            <line number="108" hits="4" branch="false"/>
            <line number="109" hits="4" branch="false"/>
            <line number="110" hits="4" branch="true" condition-coverage="100% (2/2)"/>
            <line number="111" hits="2" branch="false"/>
            <line number="120" hits="2" branch="false"/>
            <line number="128" hits="4" branch="false"/>
            <line number="130" hits="4" branch="true" condition-coverage="100% (2/2)"/>
            <line number="131" hits="4" branch="false"/>
            <line number="132" hits="4" branch="true" condition-coverage="100% (2/2)"/>
            <line number="136" hits="4" branch="true" condition-coverage="100% (2/2)"/>
            <line number="142" hits="4" branch="false"/>
            <line number="143" hits="3" branch="true" condition-coverage="100% (2/2)"/>
            <line number="144" hits="3" branch="true" condition-coverage="100% (2/2)"/>
            <line number="147" hits="3" branch="true" condition-coverage="50% (1/2)"/>
            <line number="151" hits="3" branch="true" condition-coverage="100% (2/2)"/>
            <line number="152" hits="3" branch="false"/>
            <line number="167" hits="4" branch="true" condition-coverage="100% (2/2)"/>
            <line number="168" hits="2" branch="false"/>
            <line number="175" hits="2" branch="false"/>
            <line number="185" hits="4" branch="false"/>
            <line number="186" hits="4" branch="true" condition-coverage="100% (2/2)"/>
            <line number="187" hits="2" branch="false"/>
            <line number="209" hits="3" branch="false"/>
            <line number="213" hits="2" branch="false"/>
            <line number="230" hits="1" branch="false"/>
            <line number="234" hits="4" branch="false"/>
            <line number="235" hits="4" branch="false"/>
            <line number="239" hits="4" branch="true" condition-coverage="100% (2/2)"/>
            <line number="240" hits="4" branch="false"/>
            <line number="247" hits="4" branch="false"/>
            <line number="249" hits="4" branch="false"/>
            <line number="255" hits="2" branch="false"/>
            <line number="274" hits="4" branch="false"/>
            <line number="286" hits="4" branch="false"/>
          </lines>
        </class>
      </classes>
    </package>
  </packages>
</coverage>
