TN:
SF:frontend\corrector_ortografico.js
FN:1,(anonymous_0)
FN:3,(anonymous_1)
FN:37,dlgAlert
FN:46,abs
FN:47,setEstadoOriginal
FN:48,setEstadoCorregido
FN:49,showLoader
FN:56,setPlaceholder
FN:66,disposeCorregirTooltip
FN:73,setCorregirTooltip
FN:89,setDropLocked
FN:96,syncCorregirButtonState
FN:125,disableDownloads
FN:127,(anonymous_13)
FN:130,setButtonBusy
FN:161,lockButtonBaseWidths
FN:162,(anonymous_16)
FN:178,syncActionButtonsState
FN:185,setActionsLocked
FN:188,(anonymous_19)
FN:193,setBadge
FN:207,withPdfZoom
FN:213,limpiar
FN:239,subirYRenderizar
FN:249,handleFile
FN:265,(anonymous_25)
FN:287,(anonymous_26)
FN:291,(anonymous_27)
FN:292,(anonymous_28)
FN:297,(anonymous_29)
FN:301,(anonymous_30)
FN:307,(anonymous_31)
FN:314,downloadViaFetch
FN:331,(anonymous_33)
FN:339,(anonymous_34)
FN:348,(anonymous_35)
FN:359,corregirConBackend
FN:412,(anonymous_37)
FN:447,(anonymous_38)
FN:451,(anonymous_39)
FNF:40
FNH:40
FNDA:14,(anonymous_0)
FNDA:224,(anonymous_1)
FNDA:8,dlgAlert
FNDA:15,abs
FNDA:23,setEstadoOriginal
FNDA:27,setEstadoCorregido
FNDA:39,showLoader
FNDA:50,setPlaceholder
FNDA:68,disposeCorregirTooltip
FNDA:68,setCorregirTooltip
FNDA:23,setDropLocked
FNDA:68,syncCorregirButtonState
FNDA:24,disableDownloads
FNDA:48,(anonymous_13)
FNDA:54,setButtonBusy
FNDA:14,lockButtonBaseWidths
FNDA:56,(anonymous_16)
FNDA:61,syncActionButtonsState
FNDA:12,setActionsLocked
FNDA:28,(anonymous_19)
FNDA:33,setBadge
FNDA:12,withPdfZoom
FNDA:2,limpiar
FNDA:11,subirYRenderizar
FNDA:11,handleFile
FNDA:8,(anonymous_25)
FNDA:1,(anonymous_26)
FNDA:10,(anonymous_27)
FNDA:1,(anonymous_28)
FNDA:1,(anonymous_29)
FNDA:1,(anonymous_30)
FNDA:1,(anonymous_31)
FNDA:5,downloadViaFetch
FNDA:2,(anonymous_33)
FNDA:3,(anonymous_34)
FNDA:2,(anonymous_35)
FNDA:9,corregirConBackend
FNDA:3,(anonymous_37)
FNDA:9,(anonymous_38)
FNDA:7,(anonymous_39)
DA:1,13
DA:2,14
DA:3,224
DA:5,14
DA:6,14
DA:7,14
DA:8,14
DA:9,14
DA:10,14
DA:11,14
DA:12,14
DA:13,14
DA:15,14
DA:16,14
DA:17,14
DA:18,14
DA:19,14
DA:20,14
DA:21,14
DA:23,14
DA:24,14
DA:25,14
DA:26,14
DA:27,14
DA:28,14
DA:29,14
DA:30,14
DA:31,14
DA:33,14
DA:34,14
DA:35,14
DA:39,8
DA:43,8
DA:46,15
DA:47,23
DA:48,27
DA:50,39
DA:51,39
DA:52,39
DA:53,39
DA:54,39
DA:57,50
DA:58,50
DA:59,50
DA:60,50
DA:61,50
DA:62,50
DA:63,50
DA:67,68
DA:68,27
DA:69,27
DA:74,68
DA:75,68
DA:76,68
DA:77,68
DA:78,68
DA:79,68
DA:80,68
DA:81,34
DA:82,34
DA:83,34
DA:84,34
DA:90,23
DA:91,23
DA:92,23
DA:93,23
DA:97,68
DA:98,12
DA:99,12
DA:100,12
DA:102,56
DA:103,18
DA:104,18
DA:105,18
DA:107,38
DA:108,13
DA:109,13
DA:110,13
DA:112,25
DA:113,17
DA:114,17
DA:115,17
DA:116,3
DA:117,3
DA:118,3
DA:121,22
DA:122,22
DA:126,24
DA:127,48
DA:131,54
DA:132,54
DA:133,12
DA:134,0
DA:135,0
DA:137,12
DA:138,12
DA:139,12
DA:140,12
DA:141,12
DA:142,12
DA:143,12
DA:144,12
DA:145,12
DA:146,12
DA:147,12
DA:149,12
DA:151,42
DA:152,42
DA:153,42
DA:154,42
DA:155,42
DA:156,42
DA:157,42
DA:158,42
DA:162,14
DA:163,56
DA:164,56
DA:165,56
DA:166,56
DA:168,56
DA:169,56
DA:170,56
DA:171,24
DA:172,24
DA:179,61
DA:180,61
DA:181,61
DA:182,61
DA:186,12
DA:187,12
DA:188,28
DA:190,12
DA:194,33
DA:195,3
DA:196,3
DA:197,3
DA:199,30
DA:200,0
DA:201,0
DA:202,0
DA:204,30
DA:209,12
DA:210,12
DA:214,2
DA:215,2
DA:216,2
DA:217,0
DA:218,0
DA:220,2
DA:221,2
DA:222,2
DA:223,2
DA:224,2
DA:225,2
DA:226,2
DA:227,2
DA:228,2
DA:229,2
DA:230,2
DA:231,2
DA:232,2
DA:233,2
DA:234,2
DA:235,2
DA:240,11
DA:241,11
DA:242,11
DA:243,11
DA:244,9
DA:245,9
DA:246,9
DA:250,11
DA:251,11
DA:252,11
DA:253,11
DA:254,11
DA:255,11
DA:256,11
DA:257,11
DA:258,11
DA:259,11
DA:260,11
DA:261,11
DA:263,11
DA:264,11
DA:265,9
DA:266,8
DA:267,8
DA:268,8
DA:269,8
DA:270,8
DA:271,8
DA:273,9
DA:275,2
DA:276,2
DA:277,2
DA:278,2
DA:279,2
DA:280,2
DA:281,2
DA:282,2
DA:287,14
DA:288,1
DA:291,14
DA:292,14
DA:293,1
DA:294,0
DA:295,0
DA:297,14
DA:298,1
DA:299,0
DA:301,14
DA:302,1
DA:303,1
DA:304,1
DA:305,1
DA:307,14
DA:308,1
DA:309,0
DA:312,14
DA:315,5
DA:316,5
DA:317,5
DA:318,5
DA:319,5
DA:320,5
DA:321,3
DA:322,3
DA:323,3
DA:324,3
DA:325,3
DA:326,3
DA:327,3
DA:328,3
DA:329,3
DA:330,3
DA:331,3
DA:333,5
DA:334,5
DA:335,5
DA:339,14
DA:340,3
DA:341,3
DA:342,3
DA:343,3
DA:344,3
DA:345,1
DA:348,14
DA:349,2
DA:350,2
DA:351,2
DA:352,2
DA:353,2
DA:354,2
DA:355,2
DA:356,1
DA:360,9
DA:361,9
DA:362,2
DA:363,2
DA:366,7
DA:367,7
DA:368,7
DA:370,7
DA:371,7
DA:372,7
DA:373,7
DA:375,7
DA:376,7
DA:378,7
DA:379,7
DA:380,1
DA:381,1
DA:382,1
DA:385,6
DA:386,6
DA:388,6
DA:389,6
DA:390,6
DA:391,6
DA:396,6
DA:397,4
DA:400,4
DA:404,4
DA:407,4
DA:408,4
DA:409,4
DA:410,4
DA:412,3
DA:413,3
DA:414,3
DA:415,3
DA:416,0
DA:417,3
DA:418,3
DA:420,3
DA:422,2
DA:423,2
DA:424,2
DA:425,2
DA:426,2
DA:427,2
DA:430,2
DA:431,2
DA:432,2
DA:433,2
DA:434,2
DA:435,2
DA:438,2
DA:440,7
DA:441,7
DA:447,14
DA:448,9
DA:452,7
DA:453,7
DA:454,7
DA:455,7
DA:456,7
DA:462,14
DA:463,14
LF:320
LH:308
BRDA:39,0,0,8
BRDA:39,0,1,0
BRDA:39,1,0,8
BRDA:39,1,1,8
BRDA:41,2,0,8
BRDA:41,2,1,0
BRDA:46,3,0,0
BRDA:46,3,1,15
BRDA:47,4,0,23
BRDA:47,4,1,0
BRDA:47,5,0,23
BRDA:47,5,1,13
BRDA:48,6,0,27
BRDA:48,6,1,0
BRDA:48,7,0,27
BRDA:48,7,1,20
BRDA:49,8,0,0
BRDA:50,9,0,23
BRDA:50,9,1,16
BRDA:51,10,0,39
BRDA:51,10,1,0
BRDA:52,11,0,23
BRDA:52,11,1,16
BRDA:53,12,0,0
BRDA:53,12,1,39
BRDA:53,13,0,39
BRDA:53,13,1,39
BRDA:56,14,0,0
BRDA:56,15,0,26
BRDA:56,16,0,32
BRDA:57,17,0,23
BRDA:57,17,1,27
BRDA:58,18,0,0
BRDA:58,18,1,50
BRDA:60,19,0,50
BRDA:60,19,1,0
BRDA:62,20,0,50
BRDA:62,20,1,39
BRDA:63,21,0,50
BRDA:63,21,1,0
BRDA:63,22,0,50
BRDA:63,22,1,26
BRDA:67,23,0,27
BRDA:67,23,1,41
BRDA:74,24,0,0
BRDA:74,24,1,68
BRDA:80,25,0,34
BRDA:80,25,1,34
BRDA:80,26,0,68
BRDA:80,26,1,34
BRDA:91,27,0,0
BRDA:91,27,1,23
BRDA:93,28,0,11
BRDA:93,28,1,12
BRDA:96,29,0,0
BRDA:96,30,0,0
BRDA:97,31,0,12
BRDA:97,31,1,56
BRDA:102,32,0,18
BRDA:102,32,1,38
BRDA:107,33,0,13
BRDA:107,33,1,25
BRDA:112,34,0,17
BRDA:112,34,1,8
BRDA:112,35,0,25
BRDA:112,35,1,25
BRDA:113,36,0,17
BRDA:113,36,1,0
BRDA:115,37,0,3
BRDA:115,37,1,14
BRDA:115,38,0,17
BRDA:115,38,1,14
BRDA:130,39,0,42
BRDA:131,40,0,0
BRDA:131,40,1,54
BRDA:132,41,0,12
BRDA:132,41,1,42
BRDA:133,42,0,0
BRDA:133,42,1,12
BRDA:135,43,0,0
BRDA:135,43,1,0
BRDA:140,44,0,12
BRDA:140,44,1,0
BRDA:140,45,0,12
BRDA:140,45,1,0
BRDA:142,46,0,12
BRDA:142,46,1,0
BRDA:143,47,0,12
BRDA:143,47,1,0
BRDA:154,48,0,42
BRDA:154,48,1,0
BRDA:154,49,0,42
BRDA:154,49,1,42
BRDA:156,50,0,12
BRDA:156,50,1,30
BRDA:158,51,0,42
BRDA:158,51,1,0
BRDA:163,52,0,0
BRDA:163,52,1,56
BRDA:165,53,0,56
BRDA:165,53,1,0
BRDA:165,54,0,56
BRDA:165,54,1,56
BRDA:168,55,0,56
BRDA:168,55,1,0
BRDA:169,56,0,56
BRDA:169,56,1,32
BRDA:170,57,0,24
BRDA:170,57,1,32
BRDA:180,58,0,61
BRDA:180,58,1,56
BRDA:181,59,0,61
BRDA:181,59,1,56
BRDA:182,60,0,61
BRDA:182,60,1,56
BRDA:187,61,0,7
BRDA:187,61,1,5
BRDA:194,62,0,3
BRDA:194,62,1,30
BRDA:194,63,0,33
BRDA:194,63,1,3
BRDA:199,64,0,0
BRDA:199,64,1,30
BRDA:199,65,0,30
BRDA:199,65,1,30
BRDA:209,66,0,0
BRDA:209,66,1,12
BRDA:216,67,0,0
BRDA:216,67,1,2
BRDA:243,68,0,2
BRDA:243,68,1,9
BRDA:245,69,0,0
BRDA:245,69,1,9
BRDA:245,70,0,0
BRDA:245,70,1,0
BRDA:250,71,0,0
BRDA:250,71,1,11
BRDA:293,72,0,1
BRDA:293,72,1,0
BRDA:298,73,0,1
BRDA:298,73,1,0
BRDA:302,74,0,0
BRDA:302,74,1,1
BRDA:304,75,0,1
BRDA:304,75,1,1
BRDA:305,76,0,1
BRDA:305,76,1,0
BRDA:308,77,0,1
BRDA:308,77,1,0
BRDA:316,78,0,5
BRDA:316,78,1,0
BRDA:317,79,0,5
BRDA:317,79,1,0
BRDA:320,80,0,2
BRDA:320,80,1,3
BRDA:324,81,0,3
BRDA:324,81,1,3
BRDA:325,82,0,3
BRDA:325,82,1,0
BRDA:325,83,0,3
BRDA:325,83,1,2
BRDA:328,84,0,3
BRDA:328,84,1,0
BRDA:333,85,0,5
BRDA:333,85,1,0
BRDA:340,86,0,0
BRDA:340,86,1,3
BRDA:342,87,0,0
BRDA:342,87,1,3
BRDA:349,88,0,0
BRDA:349,88,1,2
BRDA:351,89,0,0
BRDA:351,89,1,2
BRDA:361,90,0,2
BRDA:361,90,1,7
BRDA:379,91,0,1
BRDA:379,91,1,6
BRDA:381,92,0,1
BRDA:381,92,1,0
BRDA:386,93,0,0
BRDA:386,93,1,6
BRDA:386,94,0,0
BRDA:386,94,1,0
BRDA:388,95,0,6
BRDA:388,95,1,0
BRDA:396,96,0,4
BRDA:396,96,1,2
BRDA:400,97,0,0
BRDA:400,97,1,4
BRDA:408,98,0,0
BRDA:408,98,1,4
BRDA:410,99,0,1
BRDA:410,99,1,3
BRDA:410,100,0,1
BRDA:410,100,1,0
BRDA:415,101,0,3
BRDA:415,101,1,0
BRDA:416,102,0,0
BRDA:416,102,1,0
BRF:199
BRH:137
end_of_record
TN:
SF:frontend\cuadernillos.js
FN:11,(anonymous_0)
FN:36,repararEstadoModales
FN:41,(anonymous_2)
FN:50,(anonymous_3)
FN:66,(anonymous_4)
FN:71,(anonymous_5)
FN:72,(anonymous_6)
FN:82,(anonymous_7)
FN:83,(anonymous_8)
FN:86,(anonymous_9)
FN:89,(anonymous_10)
FN:102,(anonymous_11)
FN:115,(anonymous_12)
FN:127,(anonymous_13)
FN:131,(anonymous_14)
FN:133,(anonymous_15)
FN:136,(anonymous_16)
FN:140,uiAlert
FN:145,(anonymous_18)
FN:150,uiConfirm
FN:155,(anonymous_20)
FN:165,(anonymous_21)
FN:169,forceStaticModalsCuadOnce
FN:186,aplicarStatic
FN:207,aplicarATodos
FN:208,(anonymous_25)
FN:213,(anonymous_26)
FN:220,(anonymous_27)
FN:228,esModalTemasCuad
FN:233,esModalTemasBanco
FN:252,(anonymous_30)
FN:255,(anonymous_31)
FN:277,(anonymous_32)
FN:302,(anonymous_33)
FN:318,apiURL
FN:327,(anonymous_35)
FN:348,patchFetch404LogOnce
FN:352,(anonymous_37)
FN:373,(anonymous_38)
FN:398,actualizarEstadoBtnGenerarMatriz
FN:402,(anonymous_40)
FN:405,(anonymous_41)
FN:409,hayTemaRepetidoEnMatriz
FN:423,validarTemasUnicosMatriz
FN:441,getTemasActivos
FN:443,(anonymous_45)
FN:444,(anonymous_46)
FN:446,postJSON
FN:452,(anonymous_48)
FN:456,postForm
FN:458,(anonymous_50)
FN:464,saveDraft
FN:470,(anonymous_52)
FN:480,loadDraft
FN:491,clearDraft
FN:498,(anonymous_55)
FN:501,(anonymous_56)
FN:510,(anonymous_57)
FN:517,(anonymous_58)
FN:525,addFila
FN:534,(anonymous_60)
FN:581,restaurarDesdeDraft
FN:590,(anonymous_62)
FN:596,actualizarResumenMatriz
FN:602,(anonymous_64)
FN:606,(anonymous_65)
FN:616,getMatrizProgressEls
FN:625,clearMatrizProgressTimer
FN:632,setMatrizProgressVisible
FN:652,updateMatrizProgress
FN:666,showMatrizProgressDone
FN:681,startMatrizGenerateTicker
FN:687,(anonymous_72)
FN:694,setMatrizUiLocked
FN:712,(anonymous_74)
FN:719,(anonymous_75)
FN:727,(anonymous_76)
FN:736,(anonymous_77)
FN:755,(anonymous_78)
FN:765,(anonymous_79)
FN:776,(anonymous_80)
FN:780,(anonymous_81)
FN:784,(anonymous_82)
FN:791,(anonymous_83)
FN:806,(anonymous_84)
FN:821,(anonymous_85)
FN:830,(anonymous_86)
FN:842,(anonymous_87)
FN:879,(anonymous_88)
FN:936,(anonymous_89)
FN:945,(anonymous_90)
FN:979,(anonymous_91)
FN:988,(anonymous_92)
FN:1018,getExamenImportadoPorClaveGrupo
FN:1022,(anonymous_94)
FN:1029,(anonymous_95)
FN:1034,(anonymous_96)
FN:1039,(anonymous_97)
FN:1044,(anonymous_98)
FN:1051,(anonymous_99)
FN:1060,(anonymous_100)
FN:1063,(anonymous_101)
FN:1069,fetchTemas
FN:1071,(anonymous_103)
FN:1080,(anonymous_104)
FN:1097,setOrigen
FN:1115,(anonymous_106)
FN:1126,(anonymous_107)
FN:1132,(anonymous_108)
FN:1167,(anonymous_109)
FN:1177,(anonymous_110)
FN:1194,(anonymous_111)
FN:1205,(anonymous_112)
FN:1276,cerrarModalById
FN:1287,(anonymous_114)
FN:1290,(anonymous_115)
FN:1298,getModalBancoEl
FN:1300,(anonymous_117)
FN:1306,getBancoTbody
FN:1313,getDetalleTbody
FN:1320,mostrarVistaBancoCuad
FN:1365,(anonymous_121)
FN:1368,(anonymous_122)
FN:1378,abrirModalBanco
FN:1414,(anonymous_124)
FN:1426,cargarResumenTemas
FN:1469,(anonymous_126)
FN:1478,(anonymous_127)
FN:1516,waitModalHidden
FN:1517,(anonymous_129)
FN:1523,(anonymous_130)
FN:1528,(anonymous_131)
FN:1538,waitModalShown
FN:1539,(anonymous_133)
FN:1547,(anonymous_134)
FN:1560,(anonymous_135)
FN:1571,debugDuplicadosBanco
FN:1586,renderDetalleBancoTbody
FN:1599,(anonymous_138)
FN:1634,fetchDocsBancoTema
FN:1641,(anonymous_140)
FN:1648,abrirDetalleBancoTema
FN:1666,(anonymous_142)
FN:1671,guardarSeleccionBancoTemaActual
FN:1682,(anonymous_144)
FN:1698,(anonymous_145)
FN:1703,(anonymous_146)
FN:1716,(anonymous_147)
FN:1741,setBancoMatrizGenerando
FN:1751,(anonymous_149)
FN:1773,(anonymous_150)
FN:1783,(anonymous_151)
FN:1795,(anonymous_152)
FN:1806,generarMatrizDesdeBanco
FN:1810,(anonymous_154)
FN:1814,(anonymous_155)
FN:1847,(anonymous_156)
FN:1898,(anonymous_157)
FN:1916,(anonymous_158)
FN:1938,(anonymous_159)
FN:1954,getGruposProgressEls
FN:1963,clearGruposProgressTimer
FN:1970,setGruposProgressVisible
FN:1990,updateGruposProgress
FN:2004,showGruposProgressDone
FN:2019,startGruposGenerateTicker
FN:2025,(anonymous_166)
FN:2032,setGruposUiLocked
FN:2049,(anonymous_168)
FN:2056,(anonymous_169)
FN:2071,fechaActualPCParaArchivo
FN:2085,bindGenerarGruposOnce
FN:2086,(anonymous_172)
FN:2097,(anonymous_173)
FN:2130,(anonymous_174)
FN:2145,(anonymous_175)
FN:2152,(anonymous_176)
FN:2177,(anonymous_177)
FN:2182,(anonymous_178)
FN:2213,__getJSON
FN:2215,(anonymous_180)
FN:2218,fetchGruposAll
FN:2222,fetchTemasActivos2
FN:2224,(anonymous_183)
FN:2226,fetchCuotasGrupo2
FN:2230,saveCuotasGrupo2
FN:2240,rowGrupoHTML
FN:2263,getModalGruposEl
FN:2268,(anonymous_188)
FN:2269,(anonymous_189)
FN:2270,(anonymous_190)
FN:2275,getGruposTbody
FN:2281,limpiarDuplicadosModalCuad
FN:2286,(anonymous_193)
FN:2287,(anonymous_194)
FN:2288,(anonymous_195)
FN:2291,(anonymous_196)
FN:2301,renderGruposCuadSimple
FN:2336,filaCuotaHTML2
FN:2346,(anonymous_199)
FN:2375,totalFrom2
FN:2378,(anonymous_201)
FN:2385,leerCuotasGrupoCuad
FN:2409,abrirEditorGrupoCuadSimple
FN:2486,(anonymous_204)
FN:2492,(anonymous_205)
FN:2496,(anonymous_206)
FN:2504,(anonymous_207)
FN:2509,(anonymous_208)
FN:2534,(anonymous_209)
FN:2568,(anonymous_210)
FN:2601,(anonymous_211)
FN:2613,(anonymous_212)
FN:2620,bindGruposTableHandlers
FN:2623,(anonymous_214)
FN:2656,(anonymous_215)
FN:2661,(anonymous_216)
FN:2673,(anonymous_217)
FN:2701,(anonymous_218)
FN:2714,(anonymous_219)
FN:2737,(anonymous_220)
FN:2739,(anonymous_221)
FN:2752,postJSON_claves
FN:2758,(anonymous_223)
FN:2763,ensureClaves
FN:2770,aleatorizarClavesServer
FN:2778,guardarClavesServer
FN:2787,getClavesOrigen
FN:2791,(anonymous_228)
FN:2795,(anonymous_229)
FN:2813,getAleaCounterStore
FN:2821,setAleaCounterStore
FN:2825,aleaCounterKey
FN:2829,getAleaCounter
FN:2835,setAleaCounter
FN:2842,incrementAleaCounter
FN:2848,renderAleaCounter
FN:2869,renderAleaStatusText
FN:2886,getAleaDoneStore
FN:2894,setAleaDoneStore
FN:2898,marcarGrupoAleatorizado
FN:2908,grupoYaFueAleatorizado
FN:2918,setBotonPostAlea
FN:2944,actualizarEstadoBotonesPostAlea
FN:2964,inferirClaveGrupoDesdeNombreImportado
FN:2978,getClavesImportadas
FN:2989,getGruposFiltradosPorImportados
FN:2994,(anonymous_247)
FN:3012,syncExamenesCache
FN:3016,getExamenesImportadosSafe
FN:3022,getExamenImportadoPorClaveGrupo
FN:3026,(anonymous_251)
FN:3032,(anonymous_252)
FN:3038,(anonymous_253)
FN:3039,(anonymous_254)
FN:3045,(anonymous_255)
FN:3059,(anonymous_256)
FN:3077,(anonymous_257)
FN:3081,(anonymous_258)
FN:3082,(anonymous_259)
FN:3083,(anonymous_260)
FN:3084,(anonymous_261)
FN:3086,(anonymous_262)
FN:3088,fetchJSON
FN:3090,(anonymous_264)
FN:3095,listarTipos
FN:3102,crearTipo
FN:3110,toggleTipo
FN:3122,(anonymous_268)
FN:3128,renderTipos
FN:3135,(anonymous_270)
FN:3164,(anonymous_271)
FN:3185,(anonymous_272)
FN:3201,(anonymous_273)
FN:3228,(anonymous_274)
FN:3255,(anonymous_275)
FN:3274,(anonymous_276)
FN:3290,(anonymous_277)
FN:3295,(anonymous_278)
FN:3309,(anonymous_279)
FN:3313,(anonymous_280)
FN:3314,(anonymous_281)
FN:3317,(anonymous_282)
FN:3327,(anonymous_283)
FN:3339,(anonymous_284)
FN:3355,cargarGrupos
FN:3363,(anonymous_286)
FN:3366,(anonymous_287)
FN:3371,(anonymous_288)
FN:3383,(anonymous_289)
FN:3399,cargarClaves
FN:3419,(anonymous_291)
FN:3422,(anonymous_292)
FN:3423,(anonymous_293)
FN:3442,(anonymous_294)
FN:3456,listarExamenesImportados
FN:3460,(anonymous_296)
FN:3482,limpiarImportadosAlSalir
FN:3492,(anonymous_298)
FN:3503,(anonymous_299)
FN:3506,(anonymous_300)
FN:3515,(anonymous_301)
FN:3520,(anonymous_302)
FN:3533,(anonymous_303)
FN:3579,(anonymous_304)
FN:3588,(anonymous_305)
FN:3595,(anonymous_306)
FN:3638,(anonymous_307)
FN:3654,bindBtnTipoPruebaOnce
FN:3655,(anonymous_309)
FN:3673,(anonymous_310)
FN:3708,(anonymous_311)
FN:3743,(anonymous_312)
FN:3748,(anonymous_313)
FN:3779,(anonymous_314)
FN:3782,(anonymous_315)
FN:3799,(anonymous_316)
FN:3878,(anonymous_317)
FN:3894,(anonymous_318)
FN:3933,(anonymous_319)
FN:3961,(anonymous_320)
FN:3991,(anonymous_321)
FN:4027,(anonymous_322)
FN:4033,(anonymous_323)
FN:4047,(anonymous_324)
FN:4067,(anonymous_325)
FN:4076,(anonymous_326)
FN:4079,(anonymous_327)
FN:4086,getModalCuadById
FN:4091,(anonymous_329)
FN:4092,(anonymous_330)
FN:4093,(anonymous_331)
FN:4098,bindAleaOpenOnce
FN:4102,(anonymous_333)
FN:4111,(anonymous_334)
FN:4148,(anonymous_335)
FN:4162,destroyDtWrappersCuad
FN:4209,fetchTemasCuad
FN:4214,(anonymous_338)
FN:4221,panelTemaCuadEls
FN:4233,hidePanelTemaCuad
FN:4252,showPanelTemaCuad
FN:4285,(anonymous_342)
FN:4286,(anonymous_343)
FN:4288,(anonymous_344)
FN:4297,guardarPanelTemaCuad
FN:4349,renderTemasCuad
FN:4383,(anonymous_347)
FN:4396,(anonymous_348)
FN:4403,(anonymous_349)
FN:4431,(anonymous_350)
FN:4451,(anonymous_351)
FN:4471,(anonymous_352)
FN:4479,(anonymous_353)
FN:4499,(anonymous_354)
FN:4506,(anonymous_355)
FN:4513,(anonymous_356)
FN:4518,(anonymous_357)
FN:4523,(anonymous_358)
FNF:359
FNH:154
FNDA:10,(anonymous_0)
FNDA:24,repararEstadoModales
FNDA:0,(anonymous_2)
FNDA:42,(anonymous_3)
FNDA:0,(anonymous_4)
FNDA:40,(anonymous_5)
FNDA:19,(anonymous_6)
FNDA:40,(anonymous_7)
FNDA:26,(anonymous_8)
FNDA:36,(anonymous_9)
FNDA:26,(anonymous_10)
FNDA:26,(anonymous_11)
FNDA:16,(anonymous_12)
FNDA:14,(anonymous_13)
FNDA:0,(anonymous_14)
FNDA:3,(anonymous_15)
FNDA:0,(anonymous_16)
FNDA:14,uiAlert
FNDA:14,(anonymous_18)
FNDA:6,uiConfirm
FNDA:6,(anonymous_20)
FNDA:2,(anonymous_21)
FNDA:16,forceStaticModalsCuadOnce
FNDA:61,aplicarStatic
FNDA:7,aplicarATodos
FNDA:56,(anonymous_25)
FNDA:14,(anonymous_26)
FNDA:0,(anonymous_27)
FNDA:14,esModalTemasCuad
FNDA:0,esModalTemasBanco
FNDA:7,(anonymous_30)
FNDA:7,(anonymous_31)
FNDA:5,(anonymous_32)
FNDA:0,(anonymous_33)
FNDA:21,apiURL
FNDA:3,(anonymous_35)
FNDA:16,patchFetch404LogOnce
FNDA:61,(anonymous_37)
FNDA:16,(anonymous_38)
FNDA:65,actualizarEstadoBtnGenerarMatriz
FNDA:657,(anonymous_40)
FNDA:213,(anonymous_41)
FNDA:0,hayTemaRepetidoEnMatriz
FNDA:3,validarTemasUnicosMatriz
FNDA:3,getTemasActivos
FNDA:0,(anonymous_45)
FNDA:35,(anonymous_46)
FNDA:1,postJSON
FNDA:0,(anonymous_48)
FNDA:16,postForm
FNDA:0,(anonymous_50)
FNDA:28,saveDraft
FNDA:365,(anonymous_52)
FNDA:3,loadDraft
FNDA:2,clearDraft
FNDA:543,(anonymous_55)
FNDA:0,(anonymous_56)
FNDA:38,(anonymous_57)
FNDA:543,(anonymous_58)
FNDA:38,addFila
FNDA:278,(anonymous_60)
FNDA:3,restaurarDesdeDraft
FNDA:317,(anonymous_62)
FNDA:64,actualizarResumenMatriz
FNDA:641,(anonymous_64)
FNDA:634,(anonymous_65)
FNDA:42,getMatrizProgressEls
FNDA:7,clearMatrizProgressTimer
FNDA:3,setMatrizProgressVisible
FNDA:38,updateMatrizProgress
FNDA:1,showMatrizProgressDone
FNDA:1,startMatrizGenerateTicker
FNDA:1,(anonymous_72)
FNDA:2,setMatrizUiLocked
FNDA:0,(anonymous_74)
FNDA:3,(anonymous_75)
FNDA:3,(anonymous_76)
FNDA:0,(anonymous_77)
FNDA:3,(anonymous_78)
FNDA:2,(anonymous_79)
FNDA:1,(anonymous_80)
FNDA:20,(anonymous_81)
FNDA:141,(anonymous_82)
FNDA:3,(anonymous_83)
FNDA:1,(anonymous_84)
FNDA:1,(anonymous_85)
FNDA:1,(anonymous_86)
FNDA:4,(anonymous_87)
FNDA:16,(anonymous_88)
FNDA:0,(anonymous_89)
FNDA:0,(anonymous_90)
FNDA:1,(anonymous_91)
FNDA:0,(anonymous_92)
FNDA:0,getExamenImportadoPorClaveGrupo
FNDA:0,(anonymous_94)
FNDA:0,(anonymous_95)
FNDA:0,(anonymous_96)
FNDA:0,(anonymous_97)
FNDA:0,(anonymous_98)
FNDA:0,(anonymous_99)
FNDA:0,(anonymous_100)
FNDA:0,(anonymous_101)
FNDA:0,fetchTemas
FNDA:0,(anonymous_103)
FNDA:16,(anonymous_104)
FNDA:0,setOrigen
FNDA:35,(anonymous_106)
FNDA:0,(anonymous_107)
FNDA:0,(anonymous_108)
FNDA:20,(anonymous_109)
FNDA:35,(anonymous_110)
FNDA:14,(anonymous_111)
FNDA:0,(anonymous_112)
FNDA:0,cerrarModalById
FNDA:16,(anonymous_114)
FNDA:0,(anonymous_115)
FNDA:0,getModalBancoEl
FNDA:0,(anonymous_117)
FNDA:0,getBancoTbody
FNDA:0,getDetalleTbody
FNDA:0,mostrarVistaBancoCuad
FNDA:0,(anonymous_121)
FNDA:0,(anonymous_122)
FNDA:0,abrirModalBanco
FNDA:0,(anonymous_124)
FNDA:0,cargarResumenTemas
FNDA:0,(anonymous_126)
FNDA:0,(anonymous_127)
FNDA:0,waitModalHidden
FNDA:0,(anonymous_129)
FNDA:0,(anonymous_130)
FNDA:0,(anonymous_131)
FNDA:0,waitModalShown
FNDA:0,(anonymous_133)
FNDA:0,(anonymous_134)
FNDA:35,(anonymous_135)
FNDA:0,debugDuplicadosBanco
FNDA:0,renderDetalleBancoTbody
FNDA:0,(anonymous_138)
FNDA:0,fetchDocsBancoTema
FNDA:0,(anonymous_140)
FNDA:0,abrirDetalleBancoTema
FNDA:0,(anonymous_142)
FNDA:0,guardarSeleccionBancoTemaActual
FNDA:0,(anonymous_144)
FNDA:0,(anonymous_145)
FNDA:35,(anonymous_146)
FNDA:35,(anonymous_147)
FNDA:0,setBancoMatrizGenerando
FNDA:0,(anonymous_149)
FNDA:0,(anonymous_150)
FNDA:0,(anonymous_151)
FNDA:0,(anonymous_152)
FNDA:0,generarMatrizDesdeBanco
FNDA:0,(anonymous_154)
FNDA:0,(anonymous_155)
FNDA:0,(anonymous_156)
FNDA:35,(anonymous_157)
FNDA:35,(anonymous_158)
FNDA:3,(anonymous_159)
FNDA:0,getGruposProgressEls
FNDA:0,clearGruposProgressTimer
FNDA:0,setGruposProgressVisible
FNDA:0,updateGruposProgress
FNDA:0,showGruposProgressDone
FNDA:0,startGruposGenerateTicker
FNDA:0,(anonymous_166)
FNDA:0,setGruposUiLocked
FNDA:0,(anonymous_168)
FNDA:3,(anonymous_169)
FNDA:0,fechaActualPCParaArchivo
FNDA:16,bindGenerarGruposOnce
FNDA:35,(anonymous_172)
FNDA:0,(anonymous_173)
FNDA:0,(anonymous_174)
FNDA:0,(anonymous_175)
FNDA:0,(anonymous_176)
FNDA:0,(anonymous_177)
FNDA:0,(anonymous_178)
FNDA:0,__getJSON
FNDA:0,(anonymous_180)
FNDA:0,fetchGruposAll
FNDA:0,fetchTemasActivos2
FNDA:0,(anonymous_183)
FNDA:0,fetchCuotasGrupo2
FNDA:0,saveCuotasGrupo2
FNDA:0,rowGrupoHTML
FNDA:3,getModalGruposEl
FNDA:3,(anonymous_188)
FNDA:0,(anonymous_189)
FNDA:0,(anonymous_190)
FNDA:3,getGruposTbody
FNDA:39,limpiarDuplicadosModalCuad
FNDA:18,(anonymous_193)
FNDA:15,(anonymous_194)
FNDA:7,(anonymous_195)
FNDA:20,(anonymous_196)
FNDA:3,renderGruposCuadSimple
FNDA:0,filaCuotaHTML2
FNDA:0,(anonymous_199)
FNDA:0,totalFrom2
FNDA:0,(anonymous_201)
FNDA:0,leerCuotasGrupoCuad
FNDA:0,abrirEditorGrupoCuadSimple
FNDA:0,(anonymous_204)
FNDA:0,(anonymous_205)
FNDA:0,(anonymous_206)
FNDA:0,(anonymous_207)
FNDA:0,(anonymous_208)
FNDA:0,(anonymous_209)
FNDA:0,(anonymous_210)
FNDA:0,(anonymous_211)
FNDA:0,(anonymous_212)
FNDA:16,bindGruposTableHandlers
FNDA:35,(anonymous_214)
FNDA:0,(anonymous_215)
FNDA:0,(anonymous_216)
FNDA:0,(anonymous_217)
FNDA:0,(anonymous_218)
FNDA:0,(anonymous_219)
FNDA:14,(anonymous_220)
FNDA:3,(anonymous_221)
FNDA:0,postJSON_claves
FNDA:0,(anonymous_223)
FNDA:0,ensureClaves
FNDA:0,aleatorizarClavesServer
FNDA:0,guardarClavesServer
FNDA:0,getClavesOrigen
FNDA:0,(anonymous_228)
FNDA:16,(anonymous_229)
FNDA:0,getAleaCounterStore
FNDA:0,setAleaCounterStore
FNDA:0,aleaCounterKey
FNDA:0,getAleaCounter
FNDA:0,setAleaCounter
FNDA:0,incrementAleaCounter
FNDA:0,renderAleaCounter
FNDA:0,renderAleaStatusText
FNDA:0,getAleaDoneStore
FNDA:0,setAleaDoneStore
FNDA:0,marcarGrupoAleatorizado
FNDA:0,grupoYaFueAleatorizado
FNDA:0,setBotonPostAlea
FNDA:0,actualizarEstadoBotonesPostAlea
FNDA:0,inferirClaveGrupoDesdeNombreImportado
FNDA:0,getClavesImportadas
FNDA:0,getGruposFiltradosPorImportados
FNDA:0,(anonymous_247)
FNDA:6,syncExamenesCache
FNDA:0,getExamenesImportadosSafe
FNDA:0,getExamenImportadoPorClaveGrupo
FNDA:0,(anonymous_251)
FNDA:0,(anonymous_252)
FNDA:0,(anonymous_253)
FNDA:0,(anonymous_254)
FNDA:0,(anonymous_255)
FNDA:0,(anonymous_256)
FNDA:16,(anonymous_257)
FNDA:1,(anonymous_258)
FNDA:0,(anonymous_259)
FNDA:0,(anonymous_260)
FNDA:0,(anonymous_261)
FNDA:0,(anonymous_262)
FNDA:0,fetchJSON
FNDA:0,(anonymous_264)
FNDA:0,listarTipos
FNDA:0,crearTipo
FNDA:0,toggleTipo
FNDA:0,(anonymous_268)
FNDA:0,renderTipos
FNDA:0,(anonymous_270)
FNDA:35,(anonymous_271)
FNDA:35,(anonymous_272)
FNDA:0,(anonymous_273)
FNDA:35,(anonymous_274)
FNDA:6,(anonymous_275)
FNDA:0,(anonymous_276)
FNDA:0,(anonymous_277)
FNDA:0,(anonymous_278)
FNDA:0,(anonymous_279)
FNDA:0,(anonymous_280)
FNDA:0,(anonymous_281)
FNDA:0,(anonymous_282)
FNDA:0,(anonymous_283)
FNDA:0,(anonymous_284)
FNDA:0,cargarGrupos
FNDA:0,(anonymous_286)
FNDA:0,(anonymous_287)
FNDA:0,(anonymous_288)
FNDA:0,(anonymous_289)
FNDA:0,cargarClaves
FNDA:0,(anonymous_291)
FNDA:0,(anonymous_292)
FNDA:0,(anonymous_293)
FNDA:1,(anonymous_294)
FNDA:6,listarExamenesImportados
FNDA:0,(anonymous_296)
FNDA:0,limpiarImportadosAlSalir
FNDA:0,(anonymous_298)
FNDA:7,(anonymous_299)
FNDA:0,(anonymous_300)
FNDA:16,(anonymous_301)
FNDA:35,(anonymous_302)
FNDA:20,(anonymous_303)
FNDA:35,(anonymous_304)
FNDA:0,(anonymous_305)
FNDA:35,(anonymous_306)
FNDA:0,(anonymous_307)
FNDA:16,bindBtnTipoPruebaOnce
FNDA:35,(anonymous_309)
FNDA:0,(anonymous_310)
FNDA:0,(anonymous_311)
FNDA:20,(anonymous_312)
FNDA:0,(anonymous_313)
FNDA:0,(anonymous_314)
FNDA:0,(anonymous_315)
FNDA:35,(anonymous_316)
FNDA:0,(anonymous_317)
FNDA:0,(anonymous_318)
FNDA:0,(anonymous_319)
FNDA:0,(anonymous_320)
FNDA:0,(anonymous_321)
FNDA:14,(anonymous_322)
FNDA:0,(anonymous_323)
FNDA:16,(anonymous_324)
FNDA:1,(anonymous_325)
FNDA:0,(anonymous_326)
FNDA:0,(anonymous_327)
FNDA:2,getModalCuadById
FNDA:2,(anonymous_329)
FNDA:0,(anonymous_330)
FNDA:0,(anonymous_331)
FNDA:16,bindAleaOpenOnce
FNDA:35,(anonymous_333)
FNDA:0,(anonymous_334)
FNDA:16,(anonymous_335)
FNDA:16,destroyDtWrappersCuad
FNDA:16,fetchTemasCuad
FNDA:0,(anonymous_338)
FNDA:47,panelTemaCuadEls
FNDA:15,hidePanelTemaCuad
FNDA:14,showPanelTemaCuad
FNDA:14,(anonymous_342)
FNDA:14,(anonymous_343)
FNDA:14,(anonymous_344)
FNDA:9,guardarPanelTemaCuad
FNDA:19,renderTemasCuad
FNDA:16,(anonymous_347)
FNDA:5,(anonymous_348)
FNDA:6,(anonymous_349)
FNDA:16,(anonymous_350)
FNDA:4,(anonymous_351)
FNDA:3,(anonymous_352)
FNDA:3,(anonymous_353)
FNDA:4,(anonymous_354)
FNDA:9,(anonymous_355)
FNDA:9,(anonymous_356)
FNDA:2,(anonymous_357)
FNDA:4,(anonymous_358)
DA:1,16
DA:2,0
DA:4,16
DA:5,16
DA:7,16
DA:11,16
DA:12,10
DA:13,10
DA:14,3
DA:15,3
DA:18,7
DA:19,6
DA:21,6
DA:22,2
DA:23,2
DA:26,4
DA:28,1
DA:29,1
DA:33,16
DA:37,24
DA:38,24
DA:40,24
DA:41,5
DA:42,5
DA:43,5
DA:44,5
DA:47,19
DA:48,19
DA:50,19
DA:51,42
DA:52,42
DA:55,19
DA:56,3
DA:57,3
DA:60,19
DA:62,19
DA:64,19
DA:65,2
DA:66,2
DA:67,0
DA:68,0
DA:71,40
DA:72,17
DA:73,19
DA:74,19
DA:75,19
DA:76,19
DA:77,19
DA:78,19
DA:79,0
DA:82,40
DA:83,26
DA:86,17
DA:87,36
DA:89,17
DA:90,26
DA:93,17
DA:94,17
DA:95,4
DA:96,4
DA:97,4
DA:98,4
DA:99,4
DA:102,17
DA:103,26
DA:107,17
DA:108,17
DA:109,4
DA:110,13
DA:111,13
DA:115,19
DA:116,16
DA:125,16
DA:126,15
DA:127,15
DA:128,14
DA:129,14
DA:130,0
DA:131,0
DA:133,15
DA:134,3
DA:135,3
DA:136,0
DA:142,14
DA:145,14
DA:146,14
DA:151,6
DA:155,6
DA:156,6
DA:157,6
DA:160,0
DA:161,0
DA:162,0
DA:165,16
DA:166,2
DA:169,16
DA:170,16
DA:171,16
DA:175,16
DA:187,61
DA:191,14
DA:193,14
DA:194,14
DA:196,14
DA:197,10
DA:200,14
DA:208,56
DA:211,16
DA:213,16
DA:214,14
DA:215,5
DA:219,16
DA:220,16
DA:221,0
DA:222,0
DA:224,0
DA:229,14
DA:230,14
DA:234,0
DA:235,0
DA:238,16
DA:239,15
DA:243,16
DA:244,10
DA:248,16
DA:249,16
DA:253,7
DA:255,7
DA:256,7
DA:257,7
DA:264,7
DA:267,7
DA:268,0
DA:269,0
DA:270,0
DA:271,0
DA:277,16
DA:278,5
DA:280,5
DA:281,5
DA:282,5
DA:283,0
DA:284,0
DA:287,0
DA:290,5
DA:291,5
DA:292,0
DA:295,5
DA:298,5
DA:299,0
DA:302,5
DA:303,0
DA:304,0
DA:307,5
DA:308,5
DA:309,5
DA:310,5
DA:311,5
DA:312,5
DA:313,5
DA:319,21
DA:320,19
DA:321,19
DA:323,19
DA:327,16
DA:328,3
DA:329,3
DA:333,3
DA:334,3
DA:335,3
DA:336,3
DA:338,1
DA:342,3
DA:343,3
DA:348,16
DA:349,16
DA:350,16
DA:351,16
DA:352,16
DA:353,61
DA:354,60
DA:355,60
DA:356,60
DA:357,0
DA:366,60
DA:373,16
DA:374,16
DA:376,16
DA:399,65
DA:400,65
DA:402,657
DA:403,65
DA:405,213
DA:406,65
DA:410,0
DA:412,0
DA:413,0
DA:414,0
DA:416,0
DA:417,0
DA:420,0
DA:424,3
DA:426,3
DA:427,34
DA:428,34
DA:430,33
DA:431,0
DA:433,33
DA:437,16
DA:438,16
DA:442,3
DA:443,3
DA:444,35
DA:447,1
DA:452,1
DA:453,1
DA:454,1
DA:457,16
DA:458,16
DA:459,16
DA:460,16
DA:465,28
DA:466,28
DA:470,365
DA:475,28
DA:481,3
DA:482,3
DA:483,3
DA:484,0
DA:485,0
DA:486,0
DA:488,0
DA:492,2
DA:493,2
DA:498,16
DA:499,543
DA:502,0
DA:510,16
DA:511,38
DA:518,543
DA:526,38
DA:528,38
DA:533,38
DA:534,278
DA:537,38
DA:538,38
DA:540,38
DA:548,38
DA:577,38
DA:578,38
DA:583,3
DA:584,3
DA:587,3
DA:588,3
DA:590,317
DA:591,35
DA:597,64
DA:598,64
DA:600,64
DA:602,641
DA:604,64
DA:605,64
DA:606,634
DA:610,64
DA:611,64
DA:614,16
DA:617,42
DA:626,7
DA:627,1
DA:628,1
DA:633,3
DA:634,3
DA:636,2
DA:638,2
DA:639,1
DA:640,1
DA:641,1
DA:642,1
DA:643,1
DA:644,1
DA:645,1
DA:647,1
DA:648,1
DA:653,38
DA:654,38
DA:656,38
DA:657,38
DA:658,38
DA:660,38
DA:661,38
DA:662,38
DA:663,38
DA:667,1
DA:668,1
DA:670,1
DA:672,1
DA:673,1
DA:674,1
DA:675,1
DA:676,1
DA:677,1
DA:678,1
DA:682,1
DA:684,1
DA:685,1
DA:687,1
DA:688,1
DA:689,1
DA:690,1
DA:695,2
DA:696,2
DA:697,2
DA:700,2
DA:701,2
DA:702,2
DA:703,2
DA:706,2
DA:712,16
DA:713,0
DA:714,0
DA:715,0
DA:719,16
DA:720,3
DA:721,1
DA:722,1
DA:723,1
DA:727,16
DA:729,3
DA:730,3
DA:731,3
DA:732,3
DA:733,3
DA:736,3
DA:737,3
DA:738,3
DA:739,3
DA:742,3
DA:744,3
DA:745,0
DA:747,3
DA:748,3
DA:749,3
DA:752,3
DA:755,3
DA:756,3
DA:757,0
DA:758,0
DA:760,3
DA:761,3
DA:765,3
DA:766,2
DA:767,2
DA:768,2
DA:769,2
DA:770,2
DA:771,2
DA:775,3
DA:776,3
DA:780,3
DA:781,20
DA:782,20
DA:783,20
DA:784,141
DA:785,20
DA:787,20
DA:788,2
DA:790,2
DA:791,3
DA:794,2
DA:795,1
DA:796,1
DA:797,1
DA:798,1
DA:799,1
DA:800,1
DA:801,1
DA:802,1
DA:805,1
DA:806,1
DA:807,18
DA:808,1
DA:809,17
DA:810,17
DA:811,17
DA:816,19
DA:817,19
DA:818,19
DA:821,3
DA:822,1
DA:823,1
DA:824,1
DA:825,1
DA:827,1
DA:828,0
DA:829,1
DA:830,1
DA:831,1
DA:832,1
DA:833,1
DA:834,1
DA:835,1
DA:842,3
DA:843,4
DA:844,1
DA:845,1
DA:848,3
DA:849,3
DA:851,0
DA:852,0
DA:855,3
DA:856,19
DA:857,0
DA:858,0
DA:860,19
DA:861,2
DA:862,2
DA:866,1
DA:867,1
DA:869,1
DA:870,1
DA:871,1
DA:873,1
DA:875,1
DA:879,16
DA:887,1
DA:888,1
DA:891,1
DA:893,1
DA:894,16
DA:895,16
DA:896,16
DA:897,16
DA:898,16
DA:899,16
DA:901,16
DA:907,16
DA:909,16
DA:917,1
DA:918,1
DA:920,1
DA:924,1
DA:926,1
DA:927,0
DA:928,0
DA:929,0
DA:931,0
DA:932,0
DA:937,0
DA:940,0
DA:941,0
DA:946,0
DA:948,0
DA:952,0
DA:954,0
DA:959,0
DA:960,0
DA:964,0
DA:967,1
DA:969,1
DA:970,1
DA:971,1
DA:972,1
DA:973,1
DA:974,1
DA:975,1
DA:976,1
DA:978,1
DA:979,1
DA:982,1
DA:985,1
DA:988,1
DA:990,0
DA:993,0
DA:996,1
DA:998,0
DA:999,0
DA:1000,0
DA:1002,1
DA:1004,1
DA:1005,0
DA:1008,1
DA:1019,0
DA:1020,0
DA:1022,0
DA:1023,0
DA:1027,16
DA:1030,0
DA:1032,16
DA:1035,0
DA:1037,16
DA:1040,0
DA:1042,16
DA:1045,0
DA:1046,0
DA:1049,16
DA:1052,0
DA:1053,0
DA:1055,0
DA:1058,0
DA:1060,16
DA:1061,0
DA:1064,0
DA:1070,0
DA:1071,0
DA:1072,0
DA:1075,16
DA:1080,16
DA:1083,16
DA:1084,16
DA:1086,16
DA:1098,0
DA:1099,0
DA:1101,0
DA:1102,0
DA:1104,0
DA:1105,0
DA:1106,0
DA:1108,0
DA:1109,0
DA:1110,0
DA:1115,16
DA:1116,35
DA:1117,35
DA:1119,0
DA:1122,0
DA:1123,0
DA:1124,0
DA:1125,0
DA:1126,0
DA:1127,0
DA:1128,0
DA:1133,0
DA:1141,0
DA:1142,0
DA:1143,0
DA:1144,0
DA:1148,0
DA:1149,0
DA:1150,0
DA:1151,0
DA:1152,0
DA:1155,0
DA:1156,0
DA:1157,0
DA:1158,0
DA:1161,0
DA:1163,0
DA:1167,16
DA:1168,20
DA:1172,0
DA:1177,16
DA:1178,35
DA:1181,35
DA:1182,0
DA:1183,0
DA:1184,0
DA:1185,0
DA:1187,0
DA:1188,0
DA:1189,0
DA:1190,0
DA:1194,16
DA:1195,14
DA:1197,0
DA:1199,0
DA:1200,0
DA:1201,0
DA:1202,0
DA:1205,0
DA:1206,0
DA:1207,0
DA:1209,0
DA:1210,0
DA:1211,0
DA:1213,0
DA:1215,0
DA:1216,0
DA:1217,0
DA:1218,0
DA:1219,0
DA:1221,0
DA:1227,0
DA:1231,0
DA:1234,0
DA:1235,0
DA:1236,0
DA:1237,0
DA:1238,0
DA:1240,0
DA:1245,0
DA:1249,0
DA:1253,0
DA:1254,0
DA:1256,0
DA:1258,0
DA:1261,0
DA:1262,0
DA:1277,0
DA:1278,0
DA:1281,0
DA:1284,0
DA:1287,16
DA:1289,16
DA:1290,16
DA:1291,0
DA:1292,0
DA:1293,0
DA:1296,16
DA:1299,0
DA:1300,0
DA:1301,0
DA:1303,0
DA:1307,0
DA:1308,0
DA:1309,0
DA:1310,0
DA:1314,0
DA:1315,0
DA:1316,0
DA:1317,0
DA:1321,0
DA:1322,0
DA:1324,0
DA:1326,0
DA:1327,0
DA:1328,0
DA:1329,0
DA:1330,0
DA:1331,0
DA:1332,0
DA:1334,0
DA:1335,0
DA:1341,0
DA:1342,0
DA:1343,0
DA:1344,0
DA:1345,0
DA:1346,0
DA:1347,0
DA:1348,0
DA:1349,0
DA:1351,0
DA:1353,0
DA:1354,0
DA:1355,0
DA:1356,0
DA:1357,0
DA:1358,0
DA:1359,0
DA:1360,0
DA:1365,16
DA:1366,0
DA:1369,0
DA:1379,0
DA:1380,0
DA:1381,0
DA:1382,0
DA:1385,0
DA:1387,0
DA:1388,0
DA:1389,0
DA:1390,0
DA:1392,0
DA:1393,0
DA:1396,0
DA:1397,0
DA:1398,0
DA:1403,0
DA:1410,0
DA:1411,0
DA:1414,0
DA:1415,0
DA:1418,0
DA:1419,0
DA:1427,0
DA:1429,0
DA:1430,0
DA:1432,0
DA:1433,0
DA:1434,0
DA:1436,0
DA:1437,0
DA:1438,0
DA:1441,0
DA:1443,0
DA:1445,0
DA:1446,0
DA:1447,0
DA:1449,0
DA:1451,0
DA:1453,0
DA:1454,0
DA:1456,0
DA:1457,0
DA:1458,0
DA:1460,0
DA:1463,0
DA:1464,0
DA:1465,0
DA:1467,0
DA:1469,0
DA:1471,0
DA:1472,0
DA:1474,0
DA:1477,0
DA:1479,0
DA:1480,0
DA:1482,0
DA:1502,0
DA:1504,0
DA:1506,0
DA:1507,0
DA:1508,0
DA:1510,0
DA:1511,0
DA:1517,0
DA:1518,0
DA:1519,0
DA:1520,0
DA:1523,0
DA:1525,0
DA:1528,0
DA:1530,0
DA:1533,0
DA:1539,0
DA:1540,0
DA:1541,0
DA:1542,0
DA:1545,0
DA:1547,0
DA:1560,16
DA:1561,35
DA:1562,35
DA:1564,0
DA:1565,0
DA:1567,0
DA:1568,0
DA:1572,0
DA:1573,0
DA:1574,0
DA:1576,0
DA:1577,0
DA:1578,0
DA:1584,16
DA:1587,0
DA:1588,0
DA:1590,0
DA:1592,0
DA:1593,0
DA:1595,0
DA:1598,0
DA:1600,0
DA:1602,0
DA:1604,0
DA:1606,0
DA:1614,0
DA:1635,0
DA:1636,0
DA:1639,0
DA:1640,0
DA:1641,0
DA:1643,0
DA:1644,0
DA:1649,0
DA:1650,0
DA:1652,0
DA:1654,0
DA:1655,0
DA:1656,0
DA:1658,0
DA:1659,0
DA:1661,0
DA:1664,0
DA:1666,0
DA:1667,0
DA:1672,0
DA:1673,0
DA:1674,0
DA:1676,0
DA:1677,0
DA:1679,0
DA:1680,0
DA:1682,0
DA:1683,0
DA:1684,0
DA:1685,0
DA:1686,0
DA:1689,0
DA:1690,0
DA:1692,0
DA:1694,0
DA:1695,0
DA:1696,0
DA:1698,0
DA:1699,0
DA:1703,16
DA:1704,35
DA:1705,35
DA:1707,0
DA:1708,0
DA:1709,0
DA:1710,0
DA:1712,0
DA:1716,16
DA:1717,35
DA:1718,0
DA:1719,0
DA:1720,0
DA:1723,35
DA:1724,35
DA:1726,0
DA:1727,0
DA:1728,0
DA:1730,0
DA:1731,0
DA:1739,16
DA:1742,0
DA:1743,0
DA:1744,0
DA:1746,0
DA:1747,0
DA:1748,0
DA:1749,0
DA:1751,0
DA:1753,0
DA:1754,0
DA:1756,0
DA:1758,0
DA:1759,0
DA:1760,0
DA:1763,0
DA:1768,0
DA:1769,0
DA:1770,0
DA:1773,0
DA:1774,0
DA:1777,0
DA:1778,0
DA:1780,0
DA:1783,0
DA:1784,0
DA:1785,0
DA:1787,0
DA:1788,0
DA:1790,0
DA:1791,0
DA:1792,0
DA:1795,0
DA:1796,0
DA:1799,0
DA:1800,0
DA:1802,0
DA:1807,0
DA:1809,0
DA:1810,0
DA:1814,0
DA:1816,0
DA:1817,0
DA:1818,0
DA:1822,0
DA:1825,0
DA:1829,0
DA:1830,0
DA:1832,0
DA:1833,0
DA:1839,0
DA:1840,0
DA:1841,0
DA:1842,0
DA:1845,0
DA:1846,0
DA:1847,0
DA:1850,0
DA:1854,0
DA:1858,0
DA:1859,0
DA:1860,0
DA:1861,0
DA:1863,0
DA:1866,0
DA:1867,0
DA:1869,0
DA:1870,0
DA:1871,0
DA:1875,0
DA:1876,0
DA:1877,0
DA:1878,0
DA:1880,0
DA:1881,0
DA:1883,0
DA:1886,0
DA:1889,0
DA:1890,0
DA:1892,0
DA:1893,0
DA:1898,16
DA:1899,35
DA:1900,35
DA:1901,0
DA:1902,0
DA:1903,0
DA:1906,35
DA:1907,35
DA:1908,0
DA:1909,0
DA:1912,16
DA:1913,16
DA:1914,16
DA:1917,35
DA:1918,35
DA:1919,0
DA:1920,0
DA:1921,0
DA:1922,0
DA:1923,0
DA:1924,0
DA:1927,0
DA:1929,0
DA:1938,16
DA:1939,3
DA:1941,1
DA:1942,1
DA:1943,0
DA:1945,1
DA:1948,1
DA:1952,16
DA:1955,0
DA:1964,0
DA:1965,0
DA:1966,0
DA:1971,0
DA:1972,0
DA:1974,0
DA:1976,0
DA:1977,0
DA:1978,0
DA:1979,0
DA:1980,0
DA:1981,0
DA:1982,0
DA:1983,0
DA:1985,0
DA:1986,0
DA:1991,0
DA:1992,0
DA:1994,0
DA:1995,0
DA:1996,0
DA:1998,0
DA:1999,0
DA:2000,0
DA:2001,0
DA:2005,0
DA:2006,0
DA:2008,0
DA:2010,0
DA:2011,0
DA:2012,0
DA:2013,0
DA:2014,0
DA:2015,0
DA:2016,0
DA:2020,0
DA:2022,0
DA:2023,0
DA:2025,0
DA:2026,0
DA:2027,0
DA:2028,0
DA:2033,0
DA:2034,0
DA:2035,0
DA:2040,0
DA:2041,0
DA:2042,0
DA:2043,0
DA:2046,0
DA:2049,16
DA:2050,0
DA:2051,0
DA:2052,0
DA:2056,16
DA:2057,3
DA:2059,0
DA:2060,0
DA:2061,0
DA:2063,0
DA:2066,0
DA:2072,0
DA:2074,0
DA:2075,0
DA:2076,0
DA:2078,0
DA:2085,16
DA:2086,16
DA:2087,35
DA:2088,35
DA:2090,0
DA:2092,0
DA:2094,0
DA:2095,0
DA:2097,0
DA:2098,0
DA:2099,0
DA:2100,0
DA:2103,0
DA:2104,0
DA:2105,0
DA:2107,0
DA:2108,0
DA:2109,0
DA:2110,0
DA:2115,0
DA:2117,0
DA:2118,0
DA:2120,0
DA:2121,0
DA:2123,0
DA:2129,0
DA:2130,0
DA:2131,0
DA:2132,0
DA:2134,0
DA:2135,0
DA:2137,0
DA:2139,0
DA:2144,0
DA:2145,0
DA:2147,0
DA:2150,0
DA:2151,0
DA:2152,0
DA:2153,0
DA:2155,0
DA:2158,0
DA:2160,0
DA:2161,0
DA:2162,0
DA:2164,0
DA:2166,0
DA:2167,0
DA:2168,0
DA:2169,0
DA:2170,0
DA:2171,0
DA:2172,0
DA:2173,0
DA:2176,0
DA:2177,0
DA:2179,0
DA:2180,0
DA:2182,0
DA:2184,0
DA:2187,0
DA:2190,0
DA:2192,0
DA:2193,0
DA:2194,0
DA:2195,0
DA:2197,0
DA:2199,0
DA:2200,0
DA:2203,0
DA:2209,16
DA:2210,16
DA:2214,0
DA:2215,0
DA:2216,0
DA:2219,0
DA:2220,0
DA:2223,0
DA:2224,0
DA:2227,0
DA:2228,0
DA:2231,0
DA:2236,0
DA:2241,0
DA:2264,3
DA:2265,3
DA:2267,3
DA:2268,3
DA:2269,0
DA:2270,0
DA:2276,3
DA:2277,3
DA:2278,3
DA:2282,39
DA:2283,39
DA:2286,18
DA:2287,15
DA:2288,7
DA:2291,10
DA:2292,20
DA:2293,10
DA:2294,10
DA:2296,10
DA:2302,3
DA:2303,3
DA:2304,3
DA:2305,3
DA:2308,0
DA:2314,0
DA:2315,0
DA:2316,0
DA:2325,0
DA:2326,0
DA:2338,0
DA:2342,0
DA:2344,0
DA:2347,0
DA:2353,0
DA:2376,0
DA:2377,0
DA:2378,0
DA:2381,0
DA:2386,0
DA:2387,0
DA:2388,0
DA:2390,0
DA:2391,0
DA:2392,0
DA:2397,0
DA:2399,0
DA:2400,0
DA:2403,0
DA:2404,0
DA:2407,0
DA:2411,0
DA:2412,0
DA:2415,0
DA:2416,0
DA:2417,0
DA:2418,0
DA:2419,0
DA:2420,0
DA:2422,0
DA:2423,0
DA:2428,0
DA:2429,0
DA:2430,0
DA:2432,0
DA:2433,0
DA:2434,0
DA:2435,0
DA:2438,0
DA:2439,0
DA:2480,0
DA:2482,0
DA:2486,0
DA:2487,0
DA:2489,0
DA:2492,0
DA:2493,0
DA:2494,0
DA:2496,0
DA:2497,0
DA:2498,0
DA:2499,0
DA:2500,0
DA:2504,0
DA:2505,0
DA:2507,0
DA:2508,0
DA:2509,0
DA:2511,0
DA:2512,0
DA:2513,0
DA:2516,0
DA:2519,0
DA:2520,0
DA:2521,0
DA:2524,0
DA:2533,16
DA:2534,16
DA:2535,0
DA:2536,0
DA:2538,0
DA:2539,0
DA:2541,0
DA:2544,0
DA:2547,0
DA:2549,0
DA:2550,0
DA:2551,0
DA:2552,0
DA:2555,0
DA:2556,0
DA:2559,0
DA:2561,0
DA:2562,0
DA:2563,0
DA:2566,0
DA:2567,0
DA:2568,0
DA:2573,0
DA:2574,0
DA:2577,0
DA:2586,0
DA:2587,0
DA:2588,0
DA:2591,0
DA:2592,0
DA:2594,0
DA:2596,0
DA:2597,0
DA:2599,0
DA:2601,0
DA:2602,0
DA:2605,0
DA:2606,0
DA:2608,0
DA:2609,0
DA:2610,0
DA:2611,0
DA:2613,0
DA:2614,0
DA:2620,16
DA:2623,16
DA:2625,35
DA:2628,35
DA:2631,0
DA:2632,0
DA:2633,0
DA:2636,0
DA:2637,0
DA:2638,0
DA:2641,0
DA:2642,0
DA:2643,0
DA:2644,0
DA:2645,0
DA:2650,0
DA:2651,0
DA:2652,0
DA:2654,0
DA:2656,0
DA:2657,0
DA:2658,0
DA:2661,0
DA:2662,0
DA:2663,0
DA:2666,0
DA:2668,0
DA:2670,0
DA:2673,0
DA:2675,0
DA:2678,0
DA:2679,0
DA:2681,0
DA:2692,0
DA:2694,0
DA:2696,0
DA:2698,0
DA:2701,0
DA:2703,0
DA:2706,0
DA:2707,0
DA:2708,0
DA:2711,0
DA:2712,0
DA:2714,0
DA:2715,0
DA:2718,0
DA:2719,0
DA:2721,0
DA:2722,0
DA:2725,0
DA:2737,16
DA:2738,14
DA:2739,3
DA:2740,3
DA:2741,3
DA:2753,0
DA:2758,0
DA:2759,0
DA:2760,0
DA:2764,0
DA:2771,0
DA:2779,0
DA:2788,0
DA:2791,0
DA:2792,0
DA:2795,16
DA:2796,16
DA:2799,16
DA:2800,16
DA:2801,16
DA:2803,16
DA:2804,16
DA:2805,16
DA:2806,16
DA:2808,16
DA:2809,16
DA:2811,16
DA:2814,0
DA:2815,0
DA:2817,0
DA:2822,0
DA:2826,0
DA:2830,0
DA:2831,0
DA:2832,0
DA:2836,0
DA:2837,0
DA:2838,0
DA:2839,0
DA:2843,0
DA:2844,0
DA:2845,0
DA:2849,0
DA:2850,0
DA:2851,0
DA:2852,0
DA:2854,0
DA:2855,0
DA:2856,0
DA:2857,0
DA:2859,0
DA:2860,0
DA:2861,0
DA:2863,0
DA:2864,0
DA:2866,0
DA:2870,0
DA:2871,0
DA:2873,0
DA:2875,0
DA:2877,0
DA:2878,0
DA:2884,16
DA:2887,0
DA:2888,0
DA:2890,0
DA:2895,0
DA:2899,0
DA:2901,0
DA:2902,0
DA:2904,0
DA:2905,0
DA:2909,0
DA:2911,0
DA:2912,0
DA:2915,0
DA:2919,0
DA:2921,0
DA:2922,0
DA:2925,0
DA:2926,0
DA:2927,0
DA:2929,0
DA:2930,0
DA:2935,0
DA:2936,0
DA:2937,0
DA:2939,0
DA:2945,0
DA:2947,0
DA:2948,0
DA:2949,0
DA:2951,0
DA:2952,0
DA:2953,0
DA:2954,0
DA:2957,0
DA:2960,16
DA:2961,16
DA:2965,0
DA:2968,0
DA:2969,0
DA:2972,0
DA:2973,0
DA:2975,0
DA:2979,0
DA:2981,0
DA:2982,0
DA:2983,0
DA:2986,0
DA:2990,0
DA:2992,0
DA:2994,0
DA:2995,0
DA:2996,0
DA:3002,16
DA:3003,16
DA:3004,16
DA:3005,16
DA:3006,16
DA:3009,16
DA:3010,16
DA:3013,6
DA:3017,0
DA:3018,0
DA:3019,0
DA:3023,0
DA:3024,0
DA:3026,0
DA:3027,0
DA:3032,16
DA:3033,0
DA:3035,0
DA:3036,0
DA:3038,0
DA:3039,0
DA:3040,0
DA:3045,0
DA:3046,0
DA:3048,0
DA:3049,0
DA:3053,0
DA:3055,0
DA:3056,0
DA:3058,0
DA:3059,0
DA:3060,0
DA:3065,0
DA:3066,0
DA:3069,0
DA:3077,16
DA:3078,16
DA:3079,16
DA:3081,16
DA:3082,16
DA:3083,16
DA:3084,16
DA:3086,16
DA:3089,0
DA:3090,0
DA:3091,0
DA:3092,0
DA:3096,0
DA:3099,0
DA:3103,0
DA:3112,0
DA:3113,0
DA:3119,0
DA:3122,0
DA:3123,0
DA:3124,0
DA:3129,0
DA:3130,0
DA:3132,0
DA:3133,0
DA:3135,0
DA:3164,16
DA:3165,35
DA:3166,35
DA:3168,1
DA:3169,1
DA:3171,0
DA:3172,0
DA:3173,0
DA:3175,0
DA:3176,0
DA:3177,0
DA:3179,0
DA:3180,0
DA:3185,16
DA:3186,35
DA:3187,35
DA:3189,0
DA:3190,0
DA:3192,0
DA:3193,0
DA:3194,0
DA:3195,0
DA:3198,0
DA:3199,0
DA:3200,0
DA:3201,0
DA:3202,0
DA:3203,0
DA:3206,0
DA:3209,0
DA:3215,0
DA:3217,0
DA:3218,0
DA:3220,0
DA:3221,0
DA:3223,0
DA:3228,16
DA:3229,35
DA:3230,35
DA:3232,0
DA:3233,0
DA:3235,0
DA:3236,0
DA:3238,0
DA:3239,0
DA:3240,0
DA:3241,0
DA:3242,0
DA:3244,0
DA:3245,0
DA:3247,0
DA:3255,16
DA:3257,6
DA:3258,6
DA:3261,0
DA:3262,0
DA:3273,0
DA:3274,0
DA:3290,0
DA:3291,0
DA:3295,16
DA:3296,0
DA:3298,0
DA:3301,0
DA:3303,0
DA:3305,0
DA:3309,0
DA:3313,0
DA:3314,0
DA:3317,0
DA:3322,0
DA:3327,0
DA:3337,16
DA:3339,16
DA:3340,0
DA:3341,0
DA:3342,0
DA:3343,0
DA:3344,0
DA:3345,0
DA:3347,0
DA:3348,0
DA:3350,0
DA:3351,0
DA:3356,0
DA:3357,0
DA:3358,0
DA:3361,0
DA:3362,0
DA:3363,0
DA:3365,0
DA:3366,0
DA:3371,0
DA:3374,0
DA:3376,0
DA:3378,0
DA:3379,0
DA:3380,0
DA:3383,0
DA:3385,0
DA:3388,0
DA:3391,0
DA:3392,0
DA:3393,0
DA:3394,0
DA:3400,0
DA:3402,0
DA:3403,0
DA:3404,0
DA:3405,0
DA:3406,0
DA:3407,0
DA:3411,0
DA:3414,0
DA:3415,0
DA:3416,0
DA:3419,0
DA:3420,0
DA:3421,0
DA:3422,0
DA:3423,0
DA:3428,0
DA:3436,0
DA:3442,16
DA:3443,1
DA:3445,1
DA:3447,1
DA:3451,1
DA:3457,6
DA:3458,6
DA:3459,6
DA:3460,6
DA:3462,6
DA:3463,6
DA:3464,5
DA:3467,6
DA:3468,6
DA:3470,0
DA:3471,0
DA:3472,0
DA:3475,6
DA:3479,16
DA:3480,16
DA:3483,0
DA:3484,0
DA:3486,0
DA:3487,0
DA:3494,0
DA:3498,16
DA:3499,16
DA:3503,16
DA:3505,7
DA:3506,0
DA:3507,0
DA:3515,16
DA:3516,16
DA:3517,16
DA:3520,16
DA:3521,35
DA:3522,35
DA:3524,0
DA:3525,0
DA:3526,0
DA:3527,0
DA:3529,0
DA:3533,16
DA:3534,20
DA:3536,0
DA:3537,0
DA:3539,0
DA:3540,0
DA:3541,0
DA:3544,0
DA:3545,0
DA:3550,0
DA:3551,0
DA:3552,0
DA:3555,0
DA:3556,0
DA:3562,0
DA:3565,0
DA:3566,0
DA:3569,0
DA:3570,0
DA:3572,0
DA:3573,0
DA:3579,16
DA:3580,35
DA:3581,35
DA:3583,0
DA:3585,0
DA:3586,0
DA:3588,0
DA:3589,0
DA:3591,0
DA:3595,16
DA:3596,35
DA:3597,35
DA:3599,0
DA:3600,0
DA:3603,0
DA:3604,0
DA:3606,0
DA:3607,0
DA:3608,0
DA:3609,0
DA:3610,0
DA:3613,0
DA:3621,0
DA:3622,0
DA:3625,0
DA:3626,0
DA:3629,0
DA:3630,0
DA:3631,0
DA:3634,0
DA:3635,0
DA:3638,0
DA:3639,0
DA:3640,0
DA:3641,0
DA:3643,0
DA:3644,0
DA:3646,0
DA:3654,16
DA:3655,16
DA:3656,35
DA:3657,35
DA:3659,0
DA:3660,0
DA:3663,0
DA:3664,0
DA:3665,0
DA:3668,0
DA:3671,0
DA:3672,0
DA:3673,0
DA:3675,0
DA:3678,0
DA:3679,0
DA:3684,0
DA:3685,0
DA:3686,0
DA:3687,0
DA:3691,0
DA:3692,0
DA:3694,0
DA:3696,0
DA:3697,0
DA:3698,0
DA:3700,0
DA:3701,0
DA:3702,0
DA:3705,0
DA:3706,0
DA:3708,0
DA:3709,0
DA:3710,0
DA:3712,0
DA:3713,0
DA:3714,0
DA:3715,0
DA:3716,0
DA:3717,0
DA:3718,0
DA:3721,0
DA:3723,0
DA:3724,0
DA:3725,0
DA:3726,0
DA:3729,0
DA:3730,0
DA:3731,0
DA:3732,0
DA:3734,0
DA:3737,0
DA:3743,16
DA:3744,20
DA:3745,20
DA:3747,0
DA:3748,0
DA:3750,0
DA:3751,0
DA:3752,0
DA:3753,0
DA:3754,0
DA:3755,0
DA:3758,0
DA:3759,0
DA:3761,0
DA:3762,0
DA:3763,0
DA:3764,0
DA:3765,0
DA:3766,0
DA:3767,0
DA:3770,0
DA:3772,0
DA:3773,0
DA:3774,0
DA:3775,0
DA:3779,16
DA:3780,0
DA:3781,0
DA:3782,0
DA:3783,0
DA:3784,0
DA:3785,0
DA:3786,0
DA:3787,0
DA:3788,0
DA:3790,0
DA:3791,0
DA:3796,16
DA:3797,16
DA:3799,16
DA:3800,35
DA:3801,35
DA:3803,0
DA:3804,0
DA:3806,0
DA:3808,0
DA:3810,0
DA:3811,0
DA:3812,0
DA:3813,0
DA:3818,0
DA:3819,0
DA:3821,0
DA:3822,0
DA:3823,0
DA:3827,0
DA:3829,0
DA:3831,0
DA:3833,0
DA:3834,0
DA:3837,0
DA:3842,0
DA:3844,0
DA:3846,0
DA:3849,0
DA:3851,0
DA:3852,0
DA:3854,0
DA:3856,0
DA:3857,0
DA:3859,0
DA:3860,0
DA:3861,0
DA:3863,0
DA:3865,0
DA:3867,0
DA:3878,16
DA:3879,0
DA:3880,0
DA:3882,0
DA:3883,0
DA:3884,0
DA:3886,0
DA:3887,0
DA:3889,0
DA:3890,0
DA:3891,0
DA:3894,0
DA:3895,0
DA:3897,0
DA:3898,0
DA:3899,0
DA:3902,0
DA:3903,0
DA:3904,0
DA:3905,0
DA:3908,0
DA:3909,0
DA:3911,0
DA:3912,0
DA:3913,0
DA:3914,0
DA:3917,0
DA:3918,0
DA:3921,0
DA:3932,0
DA:3933,0
DA:3934,0
DA:3937,0
DA:3938,0
DA:3939,0
DA:3940,0
DA:3941,0
DA:3942,0
DA:3943,0
DA:3944,0
DA:3945,0
DA:3947,0
DA:3948,0
DA:3950,0
DA:3951,0
DA:3952,0
DA:3961,16
DA:3962,0
DA:3963,0
DA:3965,0
DA:3966,0
DA:3967,0
DA:3969,0
DA:3970,0
DA:3972,0
DA:3973,0
DA:3974,0
DA:3975,0
DA:3978,0
DA:3979,0
DA:3982,0
DA:3991,0
DA:3992,0
DA:3993,0
DA:3996,0
DA:3997,0
DA:4000,0
DA:4001,0
DA:4003,0
DA:4004,0
DA:4007,0
DA:4012,0
DA:4013,0
DA:4015,0
DA:4016,0
DA:4017,0
DA:4027,16
DA:4028,14
DA:4030,8
DA:4032,0
DA:4033,0
DA:4034,0
DA:4047,16
DA:4048,16
DA:4049,16
DA:4051,16
DA:4055,2
DA:4056,2
DA:4060,2
DA:4061,2
DA:4062,2
DA:4065,2
DA:4068,1
DA:4069,1
DA:4070,1
DA:4076,2
DA:4077,0
DA:4079,2
DA:4080,0
DA:4087,2
DA:4088,2
DA:4090,2
DA:4091,2
DA:4092,0
DA:4093,0
DA:4098,16
DA:4099,16
DA:4100,16
DA:4102,16
DA:4103,35
DA:4104,35
DA:4106,2
DA:4107,2
DA:4109,2
DA:4110,2
DA:4111,0
DA:4114,2
DA:4115,2
DA:4117,2
DA:4118,2
DA:4119,0
DA:4120,0
DA:4123,2
DA:4124,1
DA:4127,2
DA:4133,2
DA:4134,2
DA:4148,16
DA:4149,16
DA:4150,16
DA:4152,16
DA:4153,16
DA:4154,16
DA:4155,16
DA:4156,16
DA:4157,16
DA:4159,16
DA:4160,16
DA:4163,16
DA:4164,16
DA:4166,16
DA:4167,16
DA:4168,16
DA:4169,16
DA:4170,16
DA:4173,0
DA:4175,0
DA:4177,0
DA:4178,0
DA:4179,0
DA:4183,0
DA:4184,0
DA:4185,0
DA:4186,0
DA:4187,0
DA:4190,0
DA:4192,0
DA:4193,0
DA:4194,0
DA:4202,0
DA:4204,0
DA:4205,0
DA:4206,0
DA:4210,16
DA:4211,16
DA:4212,16
DA:4213,16
DA:4214,0
DA:4215,0
DA:4217,16
DA:4218,16
DA:4222,47
DA:4234,15
DA:4235,15
DA:4236,15
DA:4241,15
DA:4242,15
DA:4243,15
DA:4244,15
DA:4245,15
DA:4246,15
DA:4247,15
DA:4249,15
DA:4253,14
DA:4254,14
DA:4255,14
DA:4259,14
DA:4262,14
DA:4263,14
DA:4266,14
DA:4267,14
DA:4268,14
DA:4270,14
DA:4271,14
DA:4273,14
DA:4274,14
DA:4275,14
DA:4276,14
DA:4278,14
DA:4279,14
DA:4282,14
DA:4283,14
DA:4284,14
DA:4285,14
DA:4286,14
DA:4287,14
DA:4288,14
DA:4289,14
DA:4290,14
DA:4298,9
DA:4299,9
DA:4301,9
DA:4302,9
DA:4303,9
DA:4305,9
DA:4306,9
DA:4308,9
DA:4309,9
DA:4311,9
DA:4312,9
DA:4313,5
DA:4318,5
DA:4319,5
DA:4320,1
DA:4321,1
DA:4323,4
DA:4324,4
DA:4325,4
DA:4326,4
DA:4331,4
DA:4332,4
DA:4333,1
DA:4334,1
DA:4337,7
DA:4338,7
DA:4340,0
DA:4341,0
DA:4343,9
DA:4344,9
DA:4345,9
DA:4350,19
DA:4351,19
DA:4352,19
DA:4354,16
DA:4355,16
DA:4357,16
DA:4359,16
DA:4360,16
DA:4362,16
DA:4364,16
DA:4366,16
DA:4367,16
DA:4368,0
DA:4369,0
DA:4372,16
DA:4384,16
DA:4393,16
DA:4394,16
DA:4396,16
DA:4397,5
DA:4403,16
DA:4404,6
DA:4405,6
DA:4412,0
DA:4415,6
DA:4416,6
DA:4419,5
DA:4420,5
DA:4421,0
DA:4422,0
DA:4424,5
DA:4426,1
DA:4427,1
DA:4431,16
DA:4432,16
DA:4433,16
DA:4434,16
DA:4435,16
DA:4436,16
DA:4441,16
DA:4448,16
DA:4451,16
DA:4452,4
DA:4454,4
DA:4456,4
DA:4458,4
DA:4459,4
DA:4461,4
DA:4465,4
DA:4467,4
DA:4471,16
DA:4472,3
DA:4474,3
DA:4475,3
DA:4479,16
DA:4480,3
DA:4482,3
DA:4484,3
DA:4485,3
DA:4487,3
DA:4488,3
DA:4489,3
DA:4490,3
DA:4499,16
DA:4500,4
DA:4501,4
DA:4502,4
DA:4506,16
DA:4507,9
DA:4508,9
DA:4509,9
DA:4510,9
DA:4513,16
DA:4514,9
DA:4515,9
DA:4518,16
DA:4519,2
DA:4520,2
DA:4523,16
DA:4524,4
DA:4525,4
DA:4526,4
DA:4527,3
DA:4528,3
DA:4529,3
DA:4530,3
LF:2122
LH:817
BRDA:1,0,0,0
BRDA:1,0,1,16
BRDA:5,1,0,16
BRDA:5,1,1,16
BRDA:8,2,0,16
BRDA:8,2,1,16
BRDA:8,3,0,16
BRDA:8,3,1,0
BRDA:13,4,0,3
BRDA:13,4,1,7
BRDA:21,5,0,2
BRDA:21,5,1,4
BRDA:21,6,0,6
BRDA:21,6,1,4
BRDA:22,7,0,2
BRDA:22,7,1,0
BRDA:40,8,0,5
BRDA:40,8,1,19
BRDA:64,9,0,2
BRDA:64,9,1,17
BRDA:73,10,0,19
BRDA:73,10,1,19
BRDA:74,11,0,19
BRDA:74,11,1,19
BRDA:75,12,0,0
BRDA:75,12,1,19
BRDA:77,13,0,0
BRDA:77,13,1,19
BRDA:78,14,0,19
BRDA:78,14,1,0
BRDA:94,15,0,4
BRDA:94,15,1,13
BRDA:94,16,0,17
BRDA:94,16,1,4
BRDA:99,17,0,4
BRDA:99,17,1,0
BRDA:103,18,0,10
BRDA:103,18,1,16
BRDA:108,19,0,4
BRDA:108,19,1,13
BRDA:110,20,0,13
BRDA:110,20,1,0
BRDA:125,21,0,15
BRDA:125,21,1,1
BRDA:129,22,0,14
BRDA:129,22,1,0
BRDA:129,23,0,14
BRDA:129,23,1,0
BRDA:135,24,0,3
BRDA:135,24,1,0
BRDA:135,25,0,3
BRDA:135,25,1,0
BRDA:142,26,0,12
BRDA:142,26,1,2
BRDA:142,27,0,14
BRDA:142,27,1,12
BRDA:143,28,0,12
BRDA:143,28,1,12
BRDA:151,29,0,6
BRDA:151,29,1,0
BRDA:152,30,0,6
BRDA:152,30,1,6
BRDA:155,31,0,6
BRDA:155,31,1,0
BRDA:170,32,0,0
BRDA:170,32,1,16
BRDA:187,33,0,47
BRDA:187,33,1,14
BRDA:196,34,0,10
BRDA:196,34,1,4
BRDA:214,35,0,5
BRDA:214,35,1,9
BRDA:221,36,0,0
BRDA:221,36,1,0
BRDA:228,37,0,14
BRDA:229,38,0,14
BRDA:229,38,1,14
BRDA:233,39,0,0
BRDA:234,40,0,0
BRDA:234,40,1,0
BRDA:238,41,0,15
BRDA:238,41,1,1
BRDA:243,42,0,10
BRDA:243,42,1,6
BRDA:264,43,0,7
BRDA:264,43,1,7
BRDA:267,44,0,0
BRDA:267,44,1,7
BRDA:281,45,0,5
BRDA:281,45,1,0
BRDA:283,46,0,0
BRDA:283,46,1,0
BRDA:291,47,0,0
BRDA:291,47,1,5
BRDA:298,48,0,0
BRDA:298,48,1,5
BRDA:303,49,0,0
BRDA:303,49,1,0
BRDA:303,50,0,0
BRDA:303,50,1,0
BRDA:319,51,0,2
BRDA:319,51,1,19
BRDA:323,52,0,19
BRDA:323,52,1,0
BRDA:329,53,0,0
BRDA:329,53,1,3
BRDA:333,54,0,3
BRDA:333,54,1,0
BRDA:334,55,0,3
BRDA:334,55,1,0
BRDA:342,56,0,2
BRDA:342,56,1,1
BRDA:349,57,0,0
BRDA:349,57,1,16
BRDA:355,58,0,60
BRDA:355,58,1,0
BRDA:355,59,0,0
BRDA:355,59,1,0
BRDA:356,60,0,0
BRDA:356,60,1,60
BRDA:363,61,0,0
BRDA:363,61,1,0
BRDA:400,62,0,0
BRDA:400,62,1,65
BRDA:402,63,0,657
BRDA:402,63,1,657
BRDA:405,64,0,65
BRDA:405,64,1,61
BRDA:413,65,0,0
BRDA:413,65,1,0
BRDA:414,66,0,0
BRDA:414,66,1,0
BRDA:416,67,0,0
BRDA:416,67,1,0
BRDA:427,68,0,34
BRDA:427,68,1,1
BRDA:428,69,0,1
BRDA:428,69,1,33
BRDA:430,70,0,0
BRDA:430,70,1,33
BRDA:444,71,0,3
BRDA:444,71,1,0
BRDA:453,72,0,0
BRDA:453,72,1,1
BRDA:453,73,0,1
BRDA:453,73,1,1
BRDA:453,74,0,0
BRDA:453,74,1,0
BRDA:459,75,0,0
BRDA:459,75,1,16
BRDA:459,76,0,16
BRDA:459,76,1,16
BRDA:459,77,0,0
BRDA:459,77,1,0
BRDA:468,78,0,28
BRDA:468,78,1,0
BRDA:472,79,0,365
BRDA:472,79,1,11
BRDA:483,80,0,3
BRDA:483,80,1,0
BRDA:485,81,0,0
BRDA:485,81,1,0
BRDA:485,82,0,0
BRDA:485,82,1,0
BRDA:499,83,0,543
BRDA:499,83,1,0
BRDA:511,84,0,38
BRDA:511,84,1,0
BRDA:514,85,0,3
BRDA:514,85,1,35
BRDA:514,86,0,38
BRDA:514,86,1,35
BRDA:514,86,2,35
BRDA:518,87,0,35
BRDA:518,87,1,508
BRDA:526,88,0,0
BRDA:526,88,1,38
BRDA:528,89,0,35
BRDA:528,89,1,3
BRDA:528,90,0,38
BRDA:528,90,1,35
BRDA:533,91,0,35
BRDA:533,91,1,3
BRDA:534,92,0,35
BRDA:534,92,1,0
BRDA:538,93,0,38
BRDA:538,93,1,3
BRDA:542,94,0,38
BRDA:542,94,1,3
BRDA:543,95,0,38
BRDA:543,95,1,3
BRDA:554,96,0,38
BRDA:554,96,1,3
BRDA:584,97,0,3
BRDA:584,97,1,0
BRDA:584,98,0,3
BRDA:584,98,1,3
BRDA:587,99,0,0
BRDA:587,99,1,3
BRDA:590,100,0,13
BRDA:590,100,1,35
BRDA:600,101,0,0
BRDA:600,101,1,64
BRDA:600,102,0,64
BRDA:600,102,1,64
BRDA:602,103,0,641
BRDA:602,103,1,641
BRDA:606,104,0,634
BRDA:606,104,1,2
BRDA:626,105,0,1
BRDA:626,105,1,6
BRDA:634,106,0,1
BRDA:634,106,1,2
BRDA:634,107,0,3
BRDA:634,107,1,2
BRDA:634,107,2,2
BRDA:634,107,3,2
BRDA:638,108,0,1
BRDA:638,108,1,1
BRDA:654,109,0,0
BRDA:654,109,1,38
BRDA:654,110,0,38
BRDA:654,110,1,38
BRDA:654,110,2,38
BRDA:656,111,0,38
BRDA:656,111,1,0
BRDA:657,112,0,38
BRDA:657,112,1,0
BRDA:663,113,0,38
BRDA:663,113,1,0
BRDA:668,114,0,0
BRDA:668,114,1,1
BRDA:668,115,0,1
BRDA:668,115,1,1
BRDA:668,115,2,1
BRDA:668,115,3,1
BRDA:675,116,0,1
BRDA:675,116,1,0
BRDA:681,117,0,0
BRDA:681,118,0,0
BRDA:684,119,0,1
BRDA:684,119,1,0
BRDA:688,120,0,0
BRDA:688,120,1,1
BRDA:694,121,0,0
BRDA:695,122,0,2
BRDA:695,122,1,0
BRDA:697,123,0,1
BRDA:697,123,1,1
BRDA:701,124,0,2
BRDA:701,124,1,0
BRDA:703,125,0,1
BRDA:703,125,1,1
BRDA:706,126,0,1
BRDA:706,126,1,1
BRDA:713,127,0,0
BRDA:713,127,1,0
BRDA:714,128,0,0
BRDA:714,128,1,0
BRDA:720,129,0,2
BRDA:720,129,1,1
BRDA:739,130,0,2
BRDA:739,130,1,1
BRDA:739,131,0,3
BRDA:739,131,1,3
BRDA:744,132,0,0
BRDA:744,132,1,3
BRDA:756,133,0,0
BRDA:756,133,1,3
BRDA:769,134,0,2
BRDA:769,134,1,0
BRDA:775,135,0,3
BRDA:775,135,1,0
BRDA:785,136,0,0
BRDA:785,136,1,20
BRDA:787,137,0,2
BRDA:787,137,1,18
BRDA:788,138,0,2
BRDA:788,138,1,0
BRDA:791,139,0,3
BRDA:791,139,1,2
BRDA:791,140,0,2
BRDA:791,140,1,1
BRDA:794,141,0,1
BRDA:794,141,1,1
BRDA:794,142,0,2
BRDA:794,142,1,2
BRDA:805,143,0,1
BRDA:805,143,1,0
BRDA:806,144,0,1
BRDA:806,144,1,0
BRDA:807,145,0,1
BRDA:807,145,1,17
BRDA:808,146,0,1
BRDA:808,146,1,0
BRDA:809,147,0,17
BRDA:809,147,1,0
BRDA:810,148,0,17
BRDA:810,148,1,0
BRDA:811,149,0,17
BRDA:811,149,1,0
BRDA:823,150,0,0
BRDA:823,150,1,1
BRDA:827,151,0,0
BRDA:827,151,1,1
BRDA:829,152,0,1
BRDA:829,152,1,0
BRDA:831,153,0,1
BRDA:831,153,1,0
BRDA:843,154,0,1
BRDA:843,154,1,3
BRDA:851,155,0,0
BRDA:851,155,1,0
BRDA:856,156,0,0
BRDA:856,156,1,19
BRDA:860,157,0,2
BRDA:860,157,1,17
BRDA:861,158,0,2
BRDA:861,158,1,0
BRDA:877,159,0,1
BRDA:877,159,1,0
BRDA:882,160,0,16
BRDA:882,160,1,0
BRDA:891,161,0,1
BRDA:891,161,1,0
BRDA:898,162,0,16
BRDA:898,162,1,0
BRDA:926,163,0,0
BRDA:926,163,1,1
BRDA:931,164,0,0
BRDA:931,164,1,0
BRDA:940,165,0,0
BRDA:940,165,1,0
BRDA:942,166,0,0
BRDA:942,166,1,0
BRDA:946,167,0,0
BRDA:946,167,1,0
BRDA:948,168,0,0
BRDA:948,168,1,0
BRDA:948,168,2,0
BRDA:948,168,3,0
BRDA:952,169,0,0
BRDA:952,169,1,0
BRDA:959,170,0,0
BRDA:959,170,1,0
BRDA:990,171,0,0
BRDA:990,171,1,0
BRDA:1000,172,0,0
BRDA:1000,172,1,0
BRDA:1004,173,0,0
BRDA:1004,173,1,1
BRDA:1018,174,0,0
BRDA:1019,175,0,0
BRDA:1019,175,1,0
BRDA:1020,176,0,0
BRDA:1020,176,1,0
BRDA:1022,177,0,0
BRDA:1022,177,1,0
BRDA:1022,178,0,0
BRDA:1022,178,1,0
BRDA:1028,179,0,16
BRDA:1028,179,1,16
BRDA:1029,180,0,0
BRDA:1033,181,0,16
BRDA:1033,181,1,16
BRDA:1034,182,0,0
BRDA:1038,183,0,16
BRDA:1038,183,1,16
BRDA:1043,184,0,16
BRDA:1043,184,1,16
BRDA:1046,185,0,0
BRDA:1046,185,1,0
BRDA:1050,186,0,16
BRDA:1050,186,1,0
BRDA:1053,187,0,0
BRDA:1053,187,1,0
BRDA:1055,188,0,0
BRDA:1055,188,1,0
BRDA:1055,189,0,0
BRDA:1055,189,1,0
BRDA:1061,190,0,0
BRDA:1061,190,1,0
BRDA:1072,191,0,0
BRDA:1072,191,1,0
BRDA:1083,192,0,0
BRDA:1083,192,1,16
BRDA:1104,193,0,0
BRDA:1104,193,1,0
BRDA:1106,194,0,0
BRDA:1106,194,1,0
BRDA:1108,195,0,0
BRDA:1108,195,1,0
BRDA:1110,196,0,0
BRDA:1110,196,1,0
BRDA:1117,197,0,35
BRDA:1117,197,1,0
BRDA:1124,198,0,0
BRDA:1124,198,1,0
BRDA:1127,199,0,0
BRDA:1127,199,1,0
BRDA:1129,200,0,0
BRDA:1129,200,1,0
BRDA:1129,201,0,0
BRDA:1129,201,1,0
BRDA:1134,202,0,0
BRDA:1134,202,1,0
BRDA:1143,203,0,0
BRDA:1143,203,1,0
BRDA:1150,204,0,0
BRDA:1150,204,1,0
BRDA:1151,205,0,0
BRDA:1151,205,1,0
BRDA:1156,206,0,0
BRDA:1156,206,1,0
BRDA:1161,207,0,0
BRDA:1161,207,1,0
BRDA:1168,208,0,0
BRDA:1168,208,1,20
BRDA:1169,209,0,20
BRDA:1169,209,1,20
BRDA:1181,210,0,35
BRDA:1181,210,1,0
BRDA:1182,211,0,0
BRDA:1182,211,1,0
BRDA:1183,212,0,0
BRDA:1183,212,1,0
BRDA:1184,213,0,0
BRDA:1184,213,1,0
BRDA:1185,214,0,0
BRDA:1185,214,1,0
BRDA:1188,215,0,0
BRDA:1188,215,1,0
BRDA:1188,216,0,0
BRDA:1188,216,1,0
BRDA:1195,217,0,14
BRDA:1195,217,1,0
BRDA:1200,218,0,0
BRDA:1200,218,1,0
BRDA:1213,219,0,0
BRDA:1213,219,1,0
BRDA:1217,220,0,0
BRDA:1217,220,1,0
BRDA:1225,221,0,0
BRDA:1225,221,1,0
BRDA:1236,222,0,0
BRDA:1236,222,1,0
BRDA:1254,223,0,0
BRDA:1254,223,1,0
BRDA:1256,224,0,0
BRDA:1256,224,1,0
BRDA:1262,225,0,0
BRDA:1262,225,1,0
BRDA:1278,226,0,0
BRDA:1278,226,1,0
BRDA:1281,227,0,0
BRDA:1281,227,1,0
BRDA:1292,228,0,0
BRDA:1292,228,1,0
BRDA:1303,229,0,0
BRDA:1303,229,1,0
BRDA:1303,229,2,0
BRDA:1308,230,0,0
BRDA:1308,230,1,0
BRDA:1315,231,0,0
BRDA:1315,231,1,0
BRDA:1322,232,0,0
BRDA:1322,232,1,0
BRDA:1334,233,0,0
BRDA:1334,233,1,0
BRDA:1337,234,0,0
BRDA:1337,234,1,0
BRDA:1341,235,0,0
BRDA:1341,235,1,0
BRDA:1347,236,0,0
BRDA:1347,236,1,0
BRDA:1351,237,0,0
BRDA:1351,237,1,0
BRDA:1358,238,0,0
BRDA:1358,238,1,0
BRDA:1366,239,0,0
BRDA:1366,239,1,0
BRDA:1380,240,0,0
BRDA:1380,240,1,0
BRDA:1388,241,0,0
BRDA:1388,241,1,0
BRDA:1392,242,0,0
BRDA:1392,242,1,0
BRDA:1397,243,0,0
BRDA:1397,243,1,0
BRDA:1403,244,0,0
BRDA:1403,244,1,0
BRDA:1436,245,0,0
BRDA:1436,245,1,0
BRDA:1456,246,0,0
BRDA:1456,246,1,0
BRDA:1463,247,0,0
BRDA:1463,247,1,0
BRDA:1469,248,0,0
BRDA:1469,248,1,0
BRDA:1471,249,0,0
BRDA:1471,249,1,0
BRDA:1518,250,0,0
BRDA:1518,250,1,0
BRDA:1530,251,0,0
BRDA:1530,251,1,0
BRDA:1530,251,2,0
BRDA:1533,252,0,0
BRDA:1533,252,1,0
BRDA:1540,253,0,0
BRDA:1540,253,1,0
BRDA:1562,254,0,35
BRDA:1562,254,1,0
BRDA:1588,255,0,0
BRDA:1588,255,1,0
BRDA:1592,256,0,0
BRDA:1592,256,1,0
BRDA:1600,257,0,0
BRDA:1600,257,1,0
BRDA:1602,258,0,0
BRDA:1602,258,1,0
BRDA:1602,258,2,0
BRDA:1602,258,3,0
BRDA:1604,259,0,0
BRDA:1604,259,1,0
BRDA:1606,260,0,0
BRDA:1606,260,1,0
BRDA:1640,261,0,0
BRDA:1640,261,1,0
BRDA:1650,262,0,0
BRDA:1650,262,1,0
BRDA:1655,263,0,0
BRDA:1655,263,1,0
BRDA:1656,264,0,0
BRDA:1656,264,1,0
BRDA:1659,265,0,0
BRDA:1659,265,1,0
BRDA:1673,266,0,0
BRDA:1673,266,1,0
BRDA:1674,267,0,0
BRDA:1674,267,1,0
BRDA:1677,268,0,0
BRDA:1677,268,1,0
BRDA:1684,269,0,0
BRDA:1684,269,1,0
BRDA:1686,270,0,0
BRDA:1686,270,1,0
BRDA:1686,271,0,0
BRDA:1686,271,1,0
BRDA:1690,272,0,0
BRDA:1690,272,1,0
BRDA:1695,273,0,0
BRDA:1695,273,1,0
BRDA:1705,274,0,35
BRDA:1705,274,1,0
BRDA:1717,275,0,0
BRDA:1717,275,1,35
BRDA:1724,276,0,35
BRDA:1724,276,1,0
BRDA:1727,277,0,0
BRDA:1727,277,1,0
BRDA:1728,278,0,0
BRDA:1728,278,1,0
BRDA:1730,279,0,0
BRDA:1730,279,1,0
BRDA:1741,280,0,0
BRDA:1751,281,0,0
BRDA:1751,281,1,0
BRDA:1751,282,0,0
BRDA:1751,282,1,0
BRDA:1756,283,0,0
BRDA:1756,283,1,0
BRDA:1758,284,0,0
BRDA:1758,284,1,0
BRDA:1768,285,0,0
BRDA:1768,285,1,0
BRDA:1777,286,0,0
BRDA:1777,286,1,0
BRDA:1778,287,0,0
BRDA:1778,287,1,0
BRDA:1790,288,0,0
BRDA:1790,288,1,0
BRDA:1799,289,0,0
BRDA:1799,289,1,0
BRDA:1800,290,0,0
BRDA:1800,290,1,0
BRDA:1806,291,0,0
BRDA:1807,292,0,0
BRDA:1807,292,1,0
BRDA:1812,293,0,0
BRDA:1812,293,1,0
BRDA:1814,294,0,0
BRDA:1814,294,1,0
BRDA:1816,295,0,0
BRDA:1816,295,1,0
BRDA:1822,296,0,0
BRDA:1822,296,1,0
BRDA:1822,297,0,0
BRDA:1822,297,1,0
BRDA:1825,298,0,0
BRDA:1825,298,1,0
BRDA:1839,299,0,0
BRDA:1839,299,1,0
BRDA:1845,300,0,0
BRDA:1845,300,1,0
BRDA:1847,301,0,0
BRDA:1847,301,1,0
BRDA:1847,301,2,0
BRDA:1858,302,0,0
BRDA:1858,302,1,0
BRDA:1863,303,0,0
BRDA:1863,303,1,0
BRDA:1871,304,0,0
BRDA:1871,304,1,0
BRDA:1881,305,0,0
BRDA:1881,305,1,0
BRDA:1883,306,0,0
BRDA:1883,306,1,0
BRDA:1890,307,0,0
BRDA:1890,307,1,0
BRDA:1900,308,0,0
BRDA:1900,308,1,35
BRDA:1907,309,0,0
BRDA:1907,309,1,35
BRDA:1912,310,0,16
BRDA:1912,310,1,0
BRDA:1918,311,0,35
BRDA:1918,311,1,0
BRDA:1920,312,0,0
BRDA:1920,312,1,0
BRDA:1920,313,0,0
BRDA:1920,313,1,0
BRDA:1923,314,0,0
BRDA:1923,314,1,0
BRDA:1927,315,0,0
BRDA:1927,315,1,0
BRDA:1939,316,0,2
BRDA:1939,316,1,1
BRDA:1964,317,0,0
BRDA:1964,317,1,0
BRDA:1972,318,0,0
BRDA:1972,318,1,0
BRDA:1972,319,0,0
BRDA:1972,319,1,0
BRDA:1972,319,2,0
BRDA:1972,319,3,0
BRDA:1976,320,0,0
BRDA:1976,320,1,0
BRDA:1992,321,0,0
BRDA:1992,321,1,0
BRDA:1992,322,0,0
BRDA:1992,322,1,0
BRDA:1992,322,2,0
BRDA:1994,323,0,0
BRDA:1994,323,1,0
BRDA:1995,324,0,0
BRDA:1995,324,1,0
BRDA:2001,325,0,0
BRDA:2001,325,1,0
BRDA:2006,326,0,0
BRDA:2006,326,1,0
BRDA:2006,327,0,0
BRDA:2006,327,1,0
BRDA:2006,327,2,0
BRDA:2006,327,3,0
BRDA:2013,328,0,0
BRDA:2013,328,1,0
BRDA:2019,329,0,0
BRDA:2019,330,0,0
BRDA:2022,331,0,0
BRDA:2022,331,1,0
BRDA:2026,332,0,0
BRDA:2026,332,1,0
BRDA:2032,333,0,0
BRDA:2033,334,0,0
BRDA:2033,334,1,0
BRDA:2035,335,0,0
BRDA:2035,335,1,0
BRDA:2041,336,0,0
BRDA:2041,336,1,0
BRDA:2043,337,0,0
BRDA:2043,337,1,0
BRDA:2046,338,0,0
BRDA:2046,338,1,0
BRDA:2050,339,0,0
BRDA:2050,339,1,0
BRDA:2051,340,0,0
BRDA:2051,340,1,0
BRDA:2057,341,0,3
BRDA:2057,341,1,0
BRDA:2088,342,0,35
BRDA:2088,342,1,0
BRDA:2090,343,0,0
BRDA:2090,343,1,0
BRDA:2109,344,0,0
BRDA:2109,344,1,0
BRDA:2117,345,0,0
BRDA:2117,345,1,0
BRDA:2131,346,0,0
BRDA:2131,346,1,0
BRDA:2150,347,0,0
BRDA:2150,347,1,0
BRDA:2150,348,0,0
BRDA:2150,348,1,0
BRDA:2151,349,0,0
BRDA:2151,349,1,0
BRDA:2155,350,0,0
BRDA:2155,350,1,0
BRDA:2160,351,0,0
BRDA:2160,351,1,0
BRDA:2162,352,0,0
BRDA:2162,352,1,0
BRDA:2184,353,0,0
BRDA:2184,353,1,0
BRDA:2195,354,0,0
BRDA:2195,354,1,0
BRDA:2199,355,0,0
BRDA:2199,355,1,0
BRDA:2209,356,0,16
BRDA:2209,356,1,0
BRDA:2220,357,0,0
BRDA:2220,357,1,0
BRDA:2224,358,0,0
BRDA:2224,358,1,0
BRDA:2228,359,0,0
BRDA:2228,359,1,0
BRDA:2228,360,0,0
BRDA:2228,360,1,0
BRDA:2236,361,0,0
BRDA:2236,361,1,0
BRDA:2236,362,0,0
BRDA:2236,362,1,0
BRDA:2244,363,0,0
BRDA:2244,363,1,0
BRDA:2245,364,0,0
BRDA:2245,364,1,0
BRDA:2246,365,0,0
BRDA:2246,365,1,0
BRDA:2265,366,0,0
BRDA:2265,366,1,3
BRDA:2268,367,0,3
BRDA:2268,367,1,0
BRDA:2268,367,2,0
BRDA:2268,367,3,0
BRDA:2277,368,0,0
BRDA:2277,368,1,3
BRDA:2283,369,0,29
BRDA:2283,369,1,10
BRDA:2286,370,0,10
BRDA:2286,370,1,8
BRDA:2286,370,2,7
BRDA:2286,370,3,0
BRDA:2292,371,0,10
BRDA:2292,371,1,10
BRDA:2303,372,0,3
BRDA:2303,372,1,0
BRDA:2316,373,0,0
BRDA:2316,373,1,0
BRDA:2336,374,0,0
BRDA:2338,375,0,0
BRDA:2338,375,1,0
BRDA:2338,376,0,0
BRDA:2338,376,1,0
BRDA:2342,377,0,0
BRDA:2342,377,1,0
BRDA:2347,378,0,0
BRDA:2347,378,1,0
BRDA:2357,379,0,0
BRDA:2357,379,1,0
BRDA:2378,380,0,0
BRDA:2378,380,1,0
BRDA:2391,381,0,0
BRDA:2391,381,1,0
BRDA:2394,382,0,0
BRDA:2394,382,1,0
BRDA:2397,383,0,0
BRDA:2397,383,1,0
BRDA:2397,384,0,0
BRDA:2397,384,1,0
BRDA:2399,385,0,0
BRDA:2399,385,1,0
BRDA:2411,386,0,0
BRDA:2411,386,1,0
BRDA:2413,387,0,0
BRDA:2413,387,1,0
BRDA:2415,388,0,0
BRDA:2415,388,1,0
BRDA:2419,389,0,0
BRDA:2419,389,1,0
BRDA:2420,390,0,0
BRDA:2420,390,1,0
BRDA:2422,391,0,0
BRDA:2422,391,1,0
BRDA:2423,392,0,0
BRDA:2423,392,1,0
BRDA:2433,393,0,0
BRDA:2433,393,1,0
BRDA:2480,394,0,0
BRDA:2480,394,1,0
BRDA:2482,395,0,0
BRDA:2482,395,1,0
BRDA:2484,396,0,0
BRDA:2484,396,1,0
BRDA:2498,397,0,0
BRDA:2498,397,1,0
BRDA:2505,398,0,0
BRDA:2505,398,1,0
BRDA:2511,399,0,0
BRDA:2511,399,1,0
BRDA:2511,400,0,0
BRDA:2511,400,1,0
BRDA:2520,401,0,0
BRDA:2520,401,1,0
BRDA:2520,402,0,0
BRDA:2520,402,1,0
BRDA:2539,403,0,0
BRDA:2539,403,1,0
BRDA:2544,404,0,0
BRDA:2544,404,1,0
BRDA:2547,405,0,0
BRDA:2547,405,1,0
BRDA:2550,406,0,0
BRDA:2550,406,1,0
BRDA:2555,407,0,0
BRDA:2555,407,1,0
BRDA:2556,408,0,0
BRDA:2556,408,1,0
BRDA:2559,409,0,0
BRDA:2559,409,1,0
BRDA:2561,410,0,0
BRDA:2561,410,1,0
BRDA:2573,411,0,0
BRDA:2573,411,1,0
BRDA:2578,412,0,0
BRDA:2578,412,1,0
BRDA:2580,413,0,0
BRDA:2580,413,1,0
BRDA:2586,414,0,0
BRDA:2586,414,1,0
BRDA:2587,415,0,0
BRDA:2587,415,1,0
BRDA:2591,416,0,0
BRDA:2591,416,1,0
BRDA:2591,416,2,0
BRDA:2592,417,0,0
BRDA:2592,417,1,0
BRDA:2606,418,0,0
BRDA:2606,418,1,0
BRDA:2609,419,0,0
BRDA:2609,419,1,0
BRDA:2611,420,0,0
BRDA:2611,420,1,0
BRDA:2628,421,0,35
BRDA:2628,421,1,0
BRDA:2631,422,0,0
BRDA:2631,422,1,0
BRDA:2637,423,0,0
BRDA:2637,423,1,0
BRDA:2641,424,0,0
BRDA:2641,424,1,0
BRDA:2642,425,0,0
BRDA:2642,425,1,0
BRDA:2643,426,0,0
BRDA:2643,426,1,0
BRDA:2650,427,0,0
BRDA:2650,427,1,0
BRDA:2654,428,0,0
BRDA:2654,428,1,0
BRDA:2678,429,0,0
BRDA:2678,429,1,0
BRDA:2678,430,0,0
BRDA:2678,430,1,0
BRDA:2682,431,0,0
BRDA:2682,431,1,0
BRDA:2692,432,0,0
BRDA:2692,432,1,0
BRDA:2706,433,0,0
BRDA:2706,433,1,0
BRDA:2707,434,0,0
BRDA:2707,434,1,0
BRDA:2738,435,0,3
BRDA:2738,435,1,11
BRDA:2759,436,0,0
BRDA:2759,436,1,0
BRDA:2759,437,0,0
BRDA:2759,437,1,0
BRDA:2759,438,0,0
BRDA:2759,438,1,0
BRDA:2770,439,0,0
BRDA:2792,440,0,0
BRDA:2792,440,1,0
BRDA:2792,441,0,0
BRDA:2792,441,1,0
BRDA:2796,442,0,16
BRDA:2796,442,1,0
BRDA:2815,443,0,0
BRDA:2815,443,1,0
BRDA:2822,444,0,0
BRDA:2822,444,1,0
BRDA:2826,445,0,0
BRDA:2826,445,1,0
BRDA:2826,446,0,0
BRDA:2826,446,1,0
BRDA:2832,447,0,0
BRDA:2832,447,1,0
BRDA:2838,448,0,0
BRDA:2838,448,1,0
BRDA:2852,449,0,0
BRDA:2852,449,1,0
BRDA:2852,450,0,0
BRDA:2852,450,1,0
BRDA:2855,451,0,0
BRDA:2855,451,1,0
BRDA:2857,452,0,0
BRDA:2857,452,1,0
BRDA:2859,453,0,0
BRDA:2859,453,1,0
BRDA:2859,454,0,0
BRDA:2859,454,1,0
BRDA:2873,455,0,0
BRDA:2873,455,1,0
BRDA:2873,456,0,0
BRDA:2873,456,1,0
BRDA:2877,457,0,0
BRDA:2877,457,1,0
BRDA:2880,458,0,0
BRDA:2880,458,1,0
BRDA:2888,459,0,0
BRDA:2888,459,1,0
BRDA:2895,460,0,0
BRDA:2895,460,1,0
BRDA:2899,461,0,0
BRDA:2899,461,1,0
BRDA:2899,462,0,0
BRDA:2899,462,1,0
BRDA:2909,463,0,0
BRDA:2909,463,1,0
BRDA:2909,464,0,0
BRDA:2909,464,1,0
BRDA:2915,465,0,0
BRDA:2915,465,1,0
BRDA:2919,466,0,0
BRDA:2919,466,1,0
BRDA:2921,467,0,0
BRDA:2921,467,1,0
BRDA:2922,468,0,0
BRDA:2922,468,1,0
BRDA:2927,469,0,0
BRDA:2927,469,1,0
BRDA:2929,470,0,0
BRDA:2929,470,1,0
BRDA:2935,471,0,0
BRDA:2935,471,1,0
BRDA:2936,472,0,0
BRDA:2936,472,1,0
BRDA:2952,473,0,0
BRDA:2952,473,1,0
BRDA:2954,474,0,0
BRDA:2954,474,1,0
BRDA:2964,475,0,0
BRDA:2965,476,0,0
BRDA:2965,476,1,0
BRDA:2969,477,0,0
BRDA:2969,477,1,0
BRDA:2973,478,0,0
BRDA:2973,478,1,0
BRDA:2981,479,0,0
BRDA:2981,479,1,0
BRDA:2983,480,0,0
BRDA:2983,480,1,0
BRDA:2989,481,0,0
BRDA:2992,482,0,0
BRDA:2992,482,1,0
BRDA:2994,483,0,0
BRDA:2994,483,1,0
BRDA:2995,484,0,0
BRDA:2995,484,1,0
BRDA:2996,485,0,0
BRDA:2996,485,1,0
BRDA:3009,486,0,16
BRDA:3009,486,1,0
BRDA:3013,487,0,6
BRDA:3013,487,1,0
BRDA:3017,488,0,0
BRDA:3017,488,1,0
BRDA:3018,489,0,0
BRDA:3018,489,1,0
BRDA:3022,490,0,0
BRDA:3023,491,0,0
BRDA:3023,491,1,0
BRDA:3024,492,0,0
BRDA:3024,492,1,0
BRDA:3026,493,0,0
BRDA:3026,493,1,0
BRDA:3033,494,0,0
BRDA:3033,494,1,0
BRDA:3036,495,0,0
BRDA:3036,495,1,0
BRDA:3036,496,0,0
BRDA:3036,496,1,0
BRDA:3038,497,0,0
BRDA:3040,498,0,0
BRDA:3040,498,1,0
BRDA:3048,499,0,0
BRDA:3048,499,1,0
BRDA:3049,500,0,0
BRDA:3049,500,1,0
BRDA:3056,501,0,0
BRDA:3056,501,1,0
BRDA:3058,502,0,0
BRDA:3058,502,1,0
BRDA:3058,503,0,0
BRDA:3058,503,1,0
BRDA:3060,504,0,0
BRDA:3060,504,1,0
BRDA:3078,505,0,0
BRDA:3078,505,1,16
BRDA:3086,506,0,0
BRDA:3086,506,1,0
BRDA:3091,507,0,0
BRDA:3091,507,1,0
BRDA:3091,508,0,0
BRDA:3091,508,1,0
BRDA:3091,509,0,0
BRDA:3091,509,1,0
BRDA:3099,510,0,0
BRDA:3099,510,1,0
BRDA:3116,511,0,0
BRDA:3116,511,1,0
BRDA:3123,512,0,0
BRDA:3123,512,1,0
BRDA:3123,513,0,0
BRDA:3123,513,1,0
BRDA:3123,514,0,0
BRDA:3123,514,1,0
BRDA:3130,515,0,0
BRDA:3130,515,1,0
BRDA:3140,516,0,0
BRDA:3140,516,1,0
BRDA:3147,517,0,0
BRDA:3147,517,1,0
BRDA:3149,518,0,0
BRDA:3149,518,1,0
BRDA:3151,519,0,0
BRDA:3151,519,1,0
BRDA:3166,520,0,34
BRDA:3166,520,1,1
BRDA:3168,521,0,1
BRDA:3168,521,1,1
BRDA:3169,522,0,1
BRDA:3169,522,1,0
BRDA:3169,523,0,1
BRDA:3169,523,1,0
BRDA:3172,524,0,0
BRDA:3172,524,1,0
BRDA:3173,525,0,0
BRDA:3173,525,1,0
BRDA:3180,526,0,0
BRDA:3180,526,1,0
BRDA:3187,527,0,35
BRDA:3187,527,1,0
BRDA:3189,528,0,0
BRDA:3189,528,1,0
BRDA:3190,529,0,0
BRDA:3190,529,1,0
BRDA:3190,530,0,0
BRDA:3190,530,1,0
BRDA:3193,531,0,0
BRDA:3193,531,1,0
BRDA:3201,532,0,0
BRDA:3201,532,1,0
BRDA:3215,533,0,0
BRDA:3215,533,1,0
BRDA:3221,534,0,0
BRDA:3221,534,1,0
BRDA:3230,535,0,35
BRDA:3230,535,1,0
BRDA:3232,536,0,0
BRDA:3232,536,1,0
BRDA:3233,537,0,0
BRDA:3233,537,1,0
BRDA:3233,538,0,0
BRDA:3233,538,1,0
BRDA:3245,539,0,0
BRDA:3245,539,1,0
BRDA:3258,540,0,6
BRDA:3258,540,1,0
BRDA:3261,541,0,0
BRDA:3261,541,1,0
BRDA:3276,542,0,0
BRDA:3276,542,1,0
BRDA:3277,543,0,0
BRDA:3277,543,1,0
BRDA:3278,544,0,0
BRDA:3278,544,1,0
BRDA:3298,545,0,0
BRDA:3298,545,1,0
BRDA:3301,546,0,0
BRDA:3301,546,1,0
BRDA:3301,547,0,0
BRDA:3301,547,1,0
BRDA:3317,548,0,0
BRDA:3317,548,1,0
BRDA:3317,549,0,0
BRDA:3317,549,1,0
BRDA:3327,550,0,0
BRDA:3327,550,1,0
BRDA:3327,551,0,0
BRDA:3327,551,1,0
BRDA:3342,552,0,0
BRDA:3342,552,1,0
BRDA:3343,553,0,0
BRDA:3343,553,1,0
BRDA:3343,554,0,0
BRDA:3343,554,1,0
BRDA:3351,555,0,0
BRDA:3351,555,1,0
BRDA:3357,556,0,0
BRDA:3357,556,1,0
BRDA:3365,557,0,0
BRDA:3365,557,1,0
BRDA:3367,558,0,0
BRDA:3367,558,1,0
BRDA:3367,558,2,0
BRDA:3367,558,3,0
BRDA:3368,559,0,0
BRDA:3368,559,1,0
BRDA:3369,560,0,0
BRDA:3369,560,1,0
BRDA:3376,561,0,0
BRDA:3376,561,1,0
BRDA:3378,562,0,0
BRDA:3378,562,1,0
BRDA:3385,563,0,0
BRDA:3385,563,1,0
BRDA:3385,564,0,0
BRDA:3385,564,1,0
BRDA:3387,565,0,0
BRDA:3387,565,1,0
BRDA:3387,565,2,0
BRDA:3393,566,0,0
BRDA:3393,566,1,0
BRDA:3403,567,0,0
BRDA:3403,567,1,0
BRDA:3411,568,0,0
BRDA:3411,568,1,0
BRDA:3420,569,0,0
BRDA:3420,569,1,0
BRDA:3420,570,0,0
BRDA:3420,570,1,0
BRDA:3420,570,2,0
BRDA:3429,571,0,0
BRDA:3429,571,1,0
BRDA:3429,572,0,0
BRDA:3429,572,1,0
BRDA:3431,573,0,0
BRDA:3431,573,1,0
BRDA:3431,574,0,0
BRDA:3431,574,1,0
BRDA:3445,575,0,1
BRDA:3445,575,1,0
BRDA:3447,576,0,1
BRDA:3447,576,1,0
BRDA:3459,577,0,0
BRDA:3459,577,1,6
BRDA:3463,578,0,5
BRDA:3463,578,1,1
BRDA:3483,579,0,0
BRDA:3483,579,1,0
BRDA:3505,580,0,0
BRDA:3505,580,1,7
BRDA:3522,581,0,35
BRDA:3522,581,1,0
BRDA:3525,582,0,0
BRDA:3525,582,1,0
BRDA:3534,583,0,20
BRDA:3534,583,1,0
BRDA:3537,584,0,0
BRDA:3537,584,1,0
BRDA:3555,585,0,0
BRDA:3555,585,1,0
BRDA:3555,586,0,0
BRDA:3555,586,1,0
BRDA:3556,587,0,0
BRDA:3556,587,1,0
BRDA:3556,587,2,0
BRDA:3565,588,0,0
BRDA:3565,588,1,0
BRDA:3565,589,0,0
BRDA:3565,589,1,0
BRDA:3573,590,0,0
BRDA:3573,590,1,0
BRDA:3581,591,0,35
BRDA:3581,591,1,0
BRDA:3583,592,0,0
BRDA:3583,592,1,0
BRDA:3586,593,0,0
BRDA:3586,593,1,0
BRDA:3597,594,0,35
BRDA:3597,594,1,0
BRDA:3603,595,0,0
BRDA:3603,595,1,0
BRDA:3608,596,0,0
BRDA:3608,596,1,0
BRDA:3613,597,0,0
BRDA:3613,597,1,0
BRDA:3634,598,0,0
BRDA:3634,598,1,0
BRDA:3634,599,0,0
BRDA:3634,599,1,0
BRDA:3635,600,0,0
BRDA:3635,600,1,0
BRDA:3641,601,0,0
BRDA:3641,601,1,0
BRDA:3644,602,0,0
BRDA:3644,602,1,0
BRDA:3657,603,0,35
BRDA:3657,603,1,0
BRDA:3663,604,0,0
BRDA:3663,604,1,0
BRDA:3664,605,0,0
BRDA:3664,605,1,0
BRDA:3671,606,0,0
BRDA:3671,606,1,0
BRDA:3685,607,0,0
BRDA:3685,607,1,0
BRDA:3685,608,0,0
BRDA:3685,608,1,0
BRDA:3692,609,0,0
BRDA:3692,609,1,0
BRDA:3692,609,2,0
BRDA:3692,610,0,0
BRDA:3692,610,1,0
BRDA:3694,611,0,0
BRDA:3694,611,1,0
BRDA:3696,612,0,0
BRDA:3696,612,1,0
BRDA:3705,613,0,0
BRDA:3705,613,1,0
BRDA:3705,614,0,0
BRDA:3705,614,1,0
BRDA:3709,615,0,0
BRDA:3709,615,1,0
BRDA:3712,616,0,0
BRDA:3712,616,1,0
BRDA:3730,617,0,0
BRDA:3730,617,1,0
BRDA:3731,618,0,0
BRDA:3731,618,1,0
BRDA:3745,619,0,20
BRDA:3745,619,1,0
BRDA:3747,620,0,0
BRDA:3747,620,1,0
BRDA:3750,621,0,0
BRDA:3750,621,1,0
BRDA:3750,622,0,0
BRDA:3750,622,1,0
BRDA:3758,623,0,0
BRDA:3758,623,1,0
BRDA:3761,624,0,0
BRDA:3761,624,1,0
BRDA:3783,625,0,0
BRDA:3783,625,1,0
BRDA:3784,626,0,0
BRDA:3784,626,1,0
BRDA:3786,627,0,0
BRDA:3786,627,1,0
BRDA:3796,628,0,16
BRDA:3796,628,1,0
BRDA:3801,629,0,35
BRDA:3801,629,1,0
BRDA:3806,630,0,0
BRDA:3806,630,1,0
BRDA:3819,631,0,0
BRDA:3819,631,1,0
BRDA:3821,632,0,0
BRDA:3821,632,1,0
BRDA:3821,633,0,0
BRDA:3821,633,1,0
BRDA:3827,634,0,0
BRDA:3827,634,1,0
BRDA:3827,635,0,0
BRDA:3827,635,1,0
BRDA:3833,636,0,0
BRDA:3833,636,1,0
BRDA:3834,637,0,0
BRDA:3834,637,1,0
BRDA:3838,638,0,0
BRDA:3838,638,1,0
BRDA:3838,639,0,0
BRDA:3838,639,1,0
BRDA:3842,640,0,0
BRDA:3842,640,1,0
BRDA:3857,641,0,0
BRDA:3857,641,1,0
BRDA:3863,642,0,0
BRDA:3863,642,1,0
BRDA:3887,643,0,0
BRDA:3887,643,1,0
BRDA:3889,644,0,0
BRDA:3889,644,1,0
BRDA:3895,645,0,0
BRDA:3895,645,1,0
BRDA:3897,646,0,0
BRDA:3897,646,1,0
BRDA:3903,647,0,0
BRDA:3903,647,1,0
BRDA:3911,648,0,0
BRDA:3911,648,1,0
BRDA:3917,649,0,0
BRDA:3917,649,1,0
BRDA:3917,650,0,0
BRDA:3917,650,1,0
BRDA:3932,651,0,0
BRDA:3932,651,1,0
BRDA:3934,652,0,0
BRDA:3934,652,1,0
BRDA:3948,653,0,0
BRDA:3948,653,1,0
BRDA:3954,654,0,0
BRDA:3954,654,1,0
BRDA:3970,655,0,0
BRDA:3970,655,1,0
BRDA:3972,656,0,0
BRDA:3972,656,1,0
BRDA:3978,657,0,0
BRDA:3978,657,1,0
BRDA:3978,658,0,0
BRDA:3978,658,1,0
BRDA:3992,659,0,0
BRDA:3992,659,1,0
BRDA:3992,660,0,0
BRDA:3992,660,1,0
BRDA:3993,661,0,0
BRDA:3993,661,1,0
BRDA:3996,662,0,0
BRDA:3996,662,1,0
BRDA:4000,663,0,0
BRDA:4000,663,1,0
BRDA:4003,664,0,0
BRDA:4003,664,1,0
BRDA:4004,665,0,0
BRDA:4004,665,1,0
BRDA:4013,666,0,0
BRDA:4013,666,1,0
BRDA:4019,667,0,0
BRDA:4019,667,1,0
BRDA:4028,668,0,6
BRDA:4028,668,1,8
BRDA:4030,669,0,0
BRDA:4030,669,1,8
BRDA:4032,670,0,0
BRDA:4032,670,1,0
BRDA:4051,671,0,14
BRDA:4051,671,1,2
BRDA:4051,672,0,16
BRDA:4051,672,1,2
BRDA:4055,673,0,2
BRDA:4055,673,1,0
BRDA:4088,674,0,0
BRDA:4088,674,1,2
BRDA:4091,675,0,2
BRDA:4091,675,1,0
BRDA:4091,675,2,0
BRDA:4091,675,3,0
BRDA:4099,676,0,0
BRDA:4099,676,1,16
BRDA:4104,677,0,33
BRDA:4104,677,1,2
BRDA:4110,678,0,0
BRDA:4110,678,1,2
BRDA:4118,679,0,0
BRDA:4118,679,1,2
BRDA:4123,680,0,1
BRDA:4123,680,1,1
BRDA:4149,681,0,0
BRDA:4149,681,1,16
BRDA:4164,682,0,0
BRDA:4164,682,1,16
BRDA:4167,683,0,16
BRDA:4167,683,1,0
BRDA:4177,684,0,0
BRDA:4177,684,1,0
BRDA:4185,685,0,0
BRDA:4185,685,1,0
BRDA:4204,686,0,0
BRDA:4204,686,1,0
BRDA:4206,687,0,0
BRDA:4206,687,1,0
BRDA:4210,688,0,2
BRDA:4210,688,1,14
BRDA:4213,689,0,0
BRDA:4213,689,1,16
BRDA:4218,690,0,16
BRDA:4218,690,1,0
BRDA:4235,691,0,0
BRDA:4235,691,1,15
BRDA:4242,692,0,15
BRDA:4242,692,1,0
BRDA:4244,693,0,15
BRDA:4244,693,1,0
BRDA:4245,694,0,15
BRDA:4245,694,1,0
BRDA:4249,695,0,15
BRDA:4249,695,1,0
BRDA:4252,696,0,9
BRDA:4254,697,0,0
BRDA:4254,697,1,14
BRDA:4254,698,0,14
BRDA:4254,698,1,14
BRDA:4260,699,0,5
BRDA:4260,699,1,9
BRDA:4262,700,0,14
BRDA:4262,700,1,0
BRDA:4264,701,0,5
BRDA:4264,701,1,9
BRDA:4267,702,0,14
BRDA:4267,702,1,0
BRDA:4268,703,0,5
BRDA:4268,703,1,9
BRDA:4270,704,0,14
BRDA:4270,704,1,0
BRDA:4270,705,0,5
BRDA:4270,705,1,9
BRDA:4270,706,0,5
BRDA:4270,706,1,0
BRDA:4272,707,0,5
BRDA:4272,707,1,9
BRDA:4272,708,0,5
BRDA:4272,708,1,0
BRDA:4273,709,0,14
BRDA:4273,709,1,0
BRDA:4275,710,0,14
BRDA:4275,710,1,0
BRDA:4276,711,0,5
BRDA:4276,711,1,9
BRDA:4299,712,0,0
BRDA:4299,712,1,9
BRDA:4299,713,0,9
BRDA:4299,713,1,9
BRDA:4303,714,0,0
BRDA:4303,714,1,9
BRDA:4303,715,0,9
BRDA:4303,715,1,9
BRDA:4305,716,0,9
BRDA:4305,716,1,0
BRDA:4306,717,0,0
BRDA:4306,717,1,9
BRDA:4308,718,0,9
BRDA:4308,718,1,0
BRDA:4309,719,0,9
BRDA:4309,719,1,0
BRDA:4312,720,0,5
BRDA:4312,720,1,4
BRDA:4319,721,0,1
BRDA:4319,721,1,4
BRDA:4320,722,0,1
BRDA:4320,722,1,0
BRDA:4323,723,0,4
BRDA:4323,723,1,0
BRDA:4325,724,0,0
BRDA:4325,724,1,4
BRDA:4332,725,0,1
BRDA:4332,725,1,3
BRDA:4333,726,0,1
BRDA:4333,726,1,0
BRDA:4344,727,0,9
BRDA:4344,727,1,0
BRDA:4345,728,0,9
BRDA:4345,728,1,0
BRDA:4351,729,0,0
BRDA:4351,729,1,19
BRDA:4351,730,0,19
BRDA:4351,730,1,19
BRDA:4352,731,0,3
BRDA:4352,731,1,16
BRDA:4357,732,0,16
BRDA:4357,732,1,14
BRDA:4367,733,0,0
BRDA:4367,733,1,16
BRDA:4399,734,0,5
BRDA:4399,734,1,0
BRDA:4405,735,0,0
BRDA:4405,735,1,6
BRDA:4420,736,0,0
BRDA:4420,736,1,5
BRDA:4421,737,0,0
BRDA:4421,737,1,0
BRDA:4435,738,0,16
BRDA:4435,738,1,0
BRDA:4435,739,0,16
BRDA:4435,739,1,16
BRDA:4456,740,0,0
BRDA:4456,740,1,4
BRDA:4472,741,0,0
BRDA:4472,741,1,3
BRDA:4480,742,0,0
BRDA:4480,742,1,3
BRDA:4485,743,0,0
BRDA:4485,743,1,3
BRDA:4488,744,0,3
BRDA:4488,744,1,0
BRDA:4501,745,0,0
BRDA:4501,745,1,4
BRDA:4509,746,0,0
BRDA:4509,746,1,9
BRDA:4524,747,0,0
BRDA:4524,747,1,4
BRDA:4526,748,0,1
BRDA:4526,748,1,3
BRDA:4526,749,0,4
BRDA:4526,749,1,3
BRDA:4528,750,0,0
BRDA:4528,750,1,3
BRDA:4528,751,0,3
BRDA:4528,751,1,3
BRF:1515
BRH:392
end_of_record
TN:
SF:frontend\generacion_preguntas.js
FN:16,generarNuevoExamen
FN:29,cerrarModalExamen
FN:36,genExamenBannerHtml
FN:47,applyGenExamenBanner
FN:60,setGenExamenIdleHeroAlertState
FN:87,(anonymous_5)
FN:93,applyGenExamenIdleMsg
FN:108,(anonymous_7)
FN:120,getGenExamenMensajeEl
FN:124,clearGenExamenAvisoTimers
FN:135,setGenExamenMensajeModal
FN:146,(anonymous_11)
FN:149,(anonymous_12)
FN:159,escapeHtmlGenExamen
FN:167,actualizarGenExamenHintSeleccionGrupo
FN:220,(anonymous_15)
FN:224,resetFlujoAvisosModalExamen
FN:256,repararEstadoModales
FN:261,(anonymous_18)
FN:270,(anonymous_19)
FN:286,(anonymous_20)
FN:291,(anonymous_21)
FN:292,(anonymous_22)
FN:302,(anonymous_23)
FN:303,(anonymous_24)
FN:306,(anonymous_25)
FN:309,(anonymous_26)
FN:322,(anonymous_27)
FN:335,(anonymous_28)
FN:346,(anonymous_29)
FN:350,(anonymous_30)
FN:352,(anonymous_31)
FN:355,(anonymous_32)
FN:361,runDialogSerial
FN:363,(anonymous_34)
FN:367,nextDialogTick
FN:368,(anonymous_36)
FN:369,(anonymous_37)
FN:375,cleanupDialogArtifacts
FN:376,(anonymous_39)
FN:377,(anonymous_40)
FN:401,uiAlert
FN:409,(anonymous_42)
FN:411,(anonymous_43)
FN:413,(anonymous_44)
FN:422,uiConfirm
FN:423,(anonymous_46)
FN:434,(anonymous_47)
FN:440,(anonymous_48)
FN:449,(anonymous_49)
FN:454,uiChoose
FN:462,(anonymous_51)
FN:464,(anonymous_52)
FN:464,(anonymous_53)
FN:466,(anonymous_54)
FN:474,(anonymous_55)
FN:479,destroyDtWrappersExamenes
FN:523,cargarExamenes
FN:577,(anonymous_58)
FN:614,(anonymous_59)
FN:623,(anonymous_60)
FN:684,(anonymous_61)
FN:700,(anonymous_62)
FN:728,(anonymous_63)
FN:745,(anonymous_64)
FN:759,(anonymous_65)
FN:791,importarExamen
FN:829,abrirModalExportar
FN:855,cerrarModalExportar
FN:859,exportarExamenSeleccionado
FN:890,(anonymous_70)
FN:899,(anonymous_71)
FN:901,fetchTemas
FN:906,(anonymous_73)
FN:913,esModalTemasBanco
FN:918,renderTemas
FN:949,(anonymous_76)
FN:962,(anonymous_77)
FN:969,(anonymous_78)
FN:999,(anonymous_79)
FN:1012,destroyDtWrappersBanco
FN:1062,panelTemaBancoEls
FN:1073,hidePanelTemaBanco
FN:1092,showPanelTemaBanco
FN:1125,(anonymous_84)
FN:1126,(anonymous_85)
FN:1128,(anonymous_86)
FN:1137,guardarPanelTemaBanco
FN:1190,(anonymous_88)
FN:1201,(anonymous_89)
FN:1213,(anonymous_90)
FN:1224,(anonymous_91)
FN:1231,(anonymous_92)
FN:1236,(anonymous_93)
FN:1241,(anonymous_94)
FN:1246,(anonymous_95)
FN:1257,fetchJSON
FN:1260,(anonymous_97)
FN:1285,(anonymous_98)
FN:1288,(anonymous_99)
FN:1317,ensureSingleModalBuscar
FN:1323,(anonymous_101)
FN:1343,getModalBuscarEl
FN:1347,mostrarVistaGenCursos
FN:1377,(anonymous_104)
FN:1404,setGenCursosProcesando
FN:1415,setGenCursosProgresoVisible
FN:1434,mapGenCursosProgressLabel
FN:1441,updateGenCursosProgreso
FN:1455,showGenCursosProgresoDone
FN:1470,waitPartirGuardarJob
FN:1474,(anonymous_111)
FN:1478,(anonymous_112)
FN:1485,(anonymous_113)
FN:1486,(anonymous_114)
FN:1494,(anonymous_115)
FN:1500,(anonymous_116)
FN:1514,(anonymous_117)
FN:1535,(anonymous_118)
FN:1540,(anonymous_119)
FN:1544,(anonymous_120)
FN:1550,(anonymous_121)
FN:1605,(anonymous_122)
FN:1620,cargarTemasDelExamen
FN:1651,(anonymous_124)
FN:1670,(anonymous_125)
FN:1679,(anonymous_126)
FN:1713,(anonymous_127)
FN:1728,(anonymous_128)
FN:1747,(anonymous_129)
FN:1761,(anonymous_130)
FN:1764,(anonymous_131)
FN:1768,(anonymous_132)
FN:1775,(anonymous_133)
FN:1779,cargarTemasActivos
FN:1783,(anonymous_135)
FN:1787,leerCuotasDe
FN:1792,(anonymous_137)
FN:1814,filaCuotaHTML
FN:1817,(anonymous_139)
FN:1843,totalFrom
FN:1845,(anonymous_141)
FN:1846,(anonymous_142)
FN:1850,limpiarModalGrupoCrear
FN:1867,limpiarModalGrupoEditar
FN:1877,fetchGrupos
FN:1886,fetchCuotasGrupo
FN:1892,saveCuotasGrupoById
FN:1903,renderGruposLeftPanel
FN:1911,(anonymous_149)
FN:1936,(anonymous_150)
FN:1947,(anonymous_151)
FN:1952,(anonymous_152)
FN:1957,(anonymous_153)
FN:1969,(anonymous_154)
FN:1999,(anonymous_155)
FN:2015,(anonymous_156)
FN:2038,(anonymous_157)
FN:2040,(anonymous_158)
FN:2069,(anonymous_159)
FN:2082,limpiarBackdropsHuerfanosSoloSiNoHayBootstrapVisible
FN:2085,(anonymous_161)
FN:2132,(anonymous_162)
FN:2142,renderPlantillaDesdeClave
FN:2148,(anonymous_164)
FN:2161,(anonymous_165)
FN:2169,(anonymous_166)
FN:2174,(anonymous_167)
FN:2182,(anonymous_168)
FN:2188,(anonymous_169)
FN:2194,(anonymous_170)
FN:2197,(anonymous_171)
FN:2223,(anonymous_172)
FN:2234,(anonymous_173)
FN:2250,abrirModalEditarGrupo
FN:2266,(anonymous_175)
FN:2275,(anonymous_176)
FN:2294,(anonymous_177)
FN:2298,(anonymous_178)
FN:2304,(anonymous_179)
FN:2309,(anonymous_180)
FN:2314,(anonymous_181)
FN:2355,getLastById
FN:2360,getVisibleById
FN:2363,(anonymous_184)
FN:2370,abrirModalSobre
FN:2391,(anonymous_186)
FN:2395,(anonymous_187)
FN:2405,(anonymous_188)
FN:2414,resetGenExamenGenerarOverlayVisual
FN:2432,setGenExamenGenerarProgressVisible
FN:2438,setGenExamenModalInteractionLocked
FN:2458,(anonymous_192)
FN:2464,(anonymous_193)
FN:2476,(anonymous_194)
FN:2497,resetGenExamenGeneratingUi
FN:2503,(anonymous_196)
FN:2509,mapGenExamenProgressLabel
FN:2527,updateGenExamenGenerarProgress
FN:2543,parseGenExamenStatusPayload
FN:2556,waitGenExamenJobByPolling
FN:2558,(anonymous_201)
FN:2573,waitGenExamenJobBySse
FN:2574,(anonymous_203)
FN:2579,(anonymous_204)
FN:2587,(anonymous_205)
FN:2591,(anonymous_206)
FN:2601,(anonymous_207)
FN:2607,showGenExamenGenerarDone
FN:2632,(anonymous_209)
FN:2637,aplicarExamenGeneradoOk
FN:2638,(anonymous_211)
FN:2684,(anonymous_212)
FN:2690,(anonymous_213)
FN:2712,generarExamenGrupo
FN:2777,(anonymous_215)
FN:2801,(anonymous_216)
FN:2831,(anonymous_217)
FN:2838,(anonymous_218)
FN:2843,showBanner
FN:2846,(anonymous_220)
FN:2855,guardarUltimoDeDescargasDocx
FN:2864,guardarUltimoDeDescargasPdf
FN:2874,(anonymous_223)
FN:2948,toAbs
FN:2956,cargarIframe
FN:2980,ensureViewer
FN:3003,mostrarVistaDocx
FN:3022,(anonymous_228)
FN:3025,(anonymous_229)
FN:3058,(anonymous_230)
FN:3061,(anonymous_231)
FN:3065,(anonymous_232)
FN:3078,(anonymous_233)
FN:3116,mostrarAccionesDescarga
FN:3123,(anonymous_235)
FN:3134,ponerLinksVista
FN:3144,hasGenExamenPreviewReady
FN:3150,(anonymous_238)
FN:3175,initGenExamenGruposToggle
FN:3183,applyCollapsed
FN:3194,(anonymous_241)
FN:3200,(anonymous_242)
FN:3209,(anonymous_243)
FN:3222,wireMbancoDataTableToolbar
FN:3237,(anonymous_245)
FN:3294,cargarBancoDesdeApi
FN:3301,fetchTemasAllBanco
FN:3313,construirResumenPorTema
FN:3333,(anonymous_249)
FN:3347,cargarBancoResumen
FN:3384,(anonymous_251)
FN:3415,(anonymous_252)
FN:3429,(anonymous_253)
[...]
BRDA:2989,485,1,0
BRDA:2997,486,0,0
BRDA:2997,486,1,0
BRDA:3010,487,0,0
BRDA:3010,487,1,0
BRDA:3013,488,0,0
BRDA:3013,488,1,0
BRDA:3022,489,0,0
BRDA:3024,490,0,0
BRDA:3024,490,1,0
BRDA:3028,491,0,0
BRDA:3028,491,1,0
BRDA:3028,491,2,0
BRDA:3046,492,0,0
BRDA:3046,492,1,0
BRDA:3046,493,0,0
BRDA:3046,493,1,0
BRDA:3056,494,0,0
BRDA:3056,494,1,0
BRDA:3069,495,0,0
BRDA:3069,495,1,0
BRDA:3075,496,0,0
BRDA:3075,496,1,0
BRDA:3082,497,0,0
BRDA:3082,497,1,0
BRDA:3122,498,0,6
BRDA:3122,498,1,0
BRDA:3122,499,0,0
BRDA:3122,499,1,6
BRDA:3124,500,0,0
BRDA:3124,500,1,18
BRDA:3126,501,0,0
BRDA:3126,501,1,18
BRDA:3128,502,0,6
BRDA:3128,502,1,0
BRDA:3129,503,0,6
BRDA:3129,503,1,0
BRDA:3130,504,0,6
BRDA:3130,504,1,0
BRDA:3137,505,0,0
BRDA:3137,505,1,0
BRDA:3137,506,0,0
BRDA:3137,506,1,0
BRDA:3138,507,0,0
BRDA:3138,507,1,0
BRDA:3138,508,0,0
BRDA:3138,508,1,0
BRDA:3140,509,0,0
BRDA:3140,509,1,0
BRDA:3146,510,0,1
BRDA:3146,510,1,26
BRDA:3147,511,0,26
BRDA:3147,511,1,1
BRDA:3152,512,0,8
BRDA:3152,512,1,110
BRDA:3154,513,0,1
BRDA:3154,513,1,7
BRDA:3155,514,0,7
BRDA:3155,514,1,6
BRDA:3156,515,0,0
BRDA:3156,515,1,7
BRDA:3157,516,0,7
BRDA:3157,516,1,0
BRDA:3159,517,0,6
BRDA:3159,517,1,1
BRDA:3159,518,0,7
BRDA:3159,518,1,6
BRDA:3160,519,0,6
BRDA:3160,519,1,0
BRDA:3166,520,0,6
BRDA:3166,520,1,104
BRDA:3168,521,0,0
BRDA:3168,521,1,6
BRDA:3169,522,0,6
BRDA:3169,522,1,5
BRDA:3170,523,0,0
BRDA:3170,523,1,6
BRDA:3178,524,0,20
BRDA:3178,524,1,1
BRDA:3178,525,0,21
BRDA:3178,525,1,5
BRDA:3185,526,0,0
BRDA:3185,526,1,0
BRDA:3186,527,0,0
BRDA:3186,527,1,0
BRDA:3187,528,0,0
BRDA:3187,528,1,0
BRDA:3187,529,0,0
BRDA:3187,529,1,0
BRDA:3188,530,0,0
BRDA:3188,530,1,0
BRDA:3190,531,0,0
BRDA:3190,531,1,0
BRDA:3199,532,0,1
BRDA:3199,532,1,0
BRDA:3202,533,0,0
BRDA:3202,533,1,0
BRDA:3210,534,0,10
BRDA:3210,534,1,11
BRDA:3233,535,0,22
BRDA:3233,535,1,8
BRDA:3233,536,0,30
BRDA:3233,536,1,29
BRDA:3239,537,0,16
BRDA:3239,537,1,44
BRDA:3240,538,0,16
BRDA:3240,538,1,44
BRDA:3246,539,0,22
BRDA:3246,539,1,8
BRDA:3246,540,0,30
BRDA:3246,540,1,22
BRDA:3263,541,0,22
BRDA:3263,541,1,8
BRDA:3263,542,0,30
BRDA:3263,542,1,22
BRDA:3297,543,0,3
BRDA:3297,543,1,36
BRDA:3302,544,0,60
BRDA:3302,544,1,11
BRDA:3303,545,0,11
BRDA:3303,545,1,0
BRDA:3308,546,0,0
BRDA:3308,546,1,11
BRDA:3316,547,0,89
BRDA:3316,547,1,52
BRDA:3316,547,2,26
BRDA:3316,547,3,0
BRDA:3317,548,0,89
BRDA:3317,548,1,26
BRDA:3317,548,2,0
BRDA:3319,549,0,63
BRDA:3319,549,1,26
BRDA:3328,550,0,63
BRDA:3328,550,1,26
BRDA:3329,551,0,32
BRDA:3329,551,1,57
BRDA:3334,552,0,74
BRDA:3334,552,1,11
BRDA:3351,553,0,28
BRDA:3351,553,1,11
BRDA:3385,554,0,1
BRDA:3385,554,1,0
BRDA:3399,555,0,28
BRDA:3399,555,1,0
BRDA:3446,556,0,1
BRDA:3446,556,1,0
BRDA:3447,557,0,0
BRDA:3447,557,1,1
BRDA:3448,558,0,0
BRDA:3448,558,1,1
BRDA:3482,559,0,0
BRDA:3482,559,1,6
BRDA:3488,560,0,6
BRDA:3488,560,1,0
BRDA:3490,561,0,0
BRDA:3490,561,1,6
BRDA:3496,562,0,1
BRDA:3496,562,1,5
BRDA:3502,563,0,15
BRDA:3502,563,1,10
BRDA:3502,563,2,5
BRDA:3512,564,0,2
BRDA:3512,564,1,3
BRDA:3537,565,0,1
BRDA:3537,565,1,1
BRDA:3545,566,0,0
BRDA:3545,566,1,1
BRDA:3558,567,0,3
BRDA:3558,567,1,0
BRDA:3593,568,0,6
BRDA:3593,568,1,1
BRDA:3597,569,0,1
BRDA:3597,569,1,5
BRDA:3603,570,0,5
BRDA:3603,570,1,0
BRDA:3606,571,0,5
BRDA:3606,571,1,0
BRDA:3606,572,0,5
BRDA:3606,572,1,0
BRDA:3614,573,0,5
BRDA:3614,573,1,0
BRDA:3615,574,0,5
BRDA:3615,574,1,0
BRDA:3628,575,0,5
BRDA:3628,575,1,0
BRDA:3631,576,0,3
BRDA:3631,576,1,2
BRDA:3631,577,0,5
BRDA:3631,577,1,4
BRDA:3651,578,0,5
BRDA:3651,578,1,1
BRDA:3653,579,0,0
BRDA:3653,579,1,4
BRDA:3658,580,0,4
BRDA:3658,580,1,0
BRDA:3659,581,0,4
BRDA:3659,581,1,0
BRDA:3665,582,0,1
BRDA:3665,582,1,3
BRDA:3676,583,0,1
BRDA:3676,583,1,17
BRDA:3691,584,0,29
BRDA:3691,584,1,3
BRDA:3693,585,0,2
BRDA:3693,585,1,27
BRDA:3700,586,0,31
BRDA:3700,586,1,1
BRDA:3700,587,0,32
BRDA:3700,587,1,32
BRDA:3708,588,0,7
BRDA:3708,588,1,11
BRDA:3708,589,0,18
BRDA:3708,589,1,18
BRDA:3717,590,0,18
BRDA:3717,590,1,0
BRDA:3717,591,0,18
BRDA:3717,591,1,18
BRDA:3726,592,0,5
BRDA:3726,592,1,12
BRDA:3726,593,0,17
BRDA:3726,593,1,17
BRDA:3743,594,0,18
BRDA:3743,594,1,100
BRDA:3750,595,0,4
BRDA:3750,595,1,96
BRDA:3756,596,0,4
BRDA:3756,596,1,92
BRDA:3761,597,0,1
BRDA:3761,597,1,3
BRDA:3761,598,0,4
BRDA:3761,598,1,4
BRDA:3769,599,0,4
BRDA:3769,599,1,88
BRDA:3774,600,0,1
BRDA:3774,600,1,3
BRDA:3774,601,0,4
BRDA:3774,601,1,4
BRDA:3782,602,0,9
BRDA:3782,602,1,79
BRDA:3788,603,0,14
BRDA:3788,603,1,65
BRDA:3798,604,0,2
BRDA:3798,604,1,7
BRDA:3798,605,0,9
BRDA:3798,605,1,9
BRDA:3812,606,0,2
BRDA:3812,606,1,5
BRDA:3813,607,0,2
BRDA:3813,607,1,0
BRDA:3830,608,0,3
BRDA:3830,608,1,7
BRDA:3844,609,0,1
BRDA:3844,609,1,6
BRDA:3845,610,0,1
BRDA:3845,610,1,0
BRDA:3857,611,0,7
BRDA:3857,611,1,4
BRDA:3860,612,0,3
BRDA:3860,612,1,4
BRDA:3860,613,0,7
BRDA:3860,613,1,3
BRDA:3861,614,0,3
BRDA:3861,614,1,0
BRDA:3861,614,2,0
BRDA:3868,615,0,2
BRDA:3868,615,1,5
BRDA:3868,616,0,7
BRDA:3868,616,1,7
BRDA:3884,617,0,3
BRDA:3884,617,1,7
BRDA:3895,618,0,2
BRDA:3895,618,1,2
BRDA:3896,619,0,2
BRDA:3896,619,1,0
BRDA:3917,620,0,13
BRDA:3917,620,1,1
BRDA:3924,621,0,3
BRDA:3924,621,1,10
BRDA:3925,622,0,3
BRDA:3925,622,1,0
BRDA:3930,623,0,10
BRDA:3930,623,1,1
BRDA:3938,624,0,3
BRDA:3938,624,1,7
BRDA:3939,625,0,3
BRDA:3939,625,1,0
BRDA:3944,626,0,7
BRDA:3944,626,1,1
BRDA:3952,627,0,3
BRDA:3952,627,1,4
BRDA:3953,628,0,3
BRDA:3953,628,1,0
BRF:1275
BRH:520
end_of_record
TN:
SF:frontend\main.js
FN:39,logMain
FN:43,logMainError
FN:47,getBackendEntry
FN:76,isPortBusy
FN:77,(anonymous_4)
FN:82,(anonymous_5)
FN:87,(anonymous_6)
FN:92,(anonymous_7)
FN:100,waitForBackend
FN:108,(anonymous_9)
FN:116,(anonymous_10)
FN:122,startBackend
FN:160,(anonymous_12)
FN:164,(anonymous_13)
FN:168,(anonymous_14)
FN:172,(anonymous_15)
FN:192,stopBackend
FN:203,crearVentana
FN:216,(anonymous_18)
FN:231,(anonymous_19)
FN:237,(anonymous_20)
FN:244,forceIPv4
FN:254,sanitizeFilename
FN:262,fetchWithRendererCookies
FN:265,(anonymous_24)
FN:270,(anonymous_25)
FN:297,(anonymous_26)
FN:311,(anonymous_27)
FN:326,(anonymous_28)
FN:342,(anonymous_29)
FN:360,(anonymous_30)
FN:384,(anonymous_31)
FN:390,(anonymous_32)
FN:413,(anonymous_33)
FN:417,(anonymous_34)
FN:465,(anonymous_35)
FN:481,(anonymous_36)
FN:488,(anonymous_37)
FN:501,(anonymous_38)
FN:503,(anonymous_39)
FN:509,(anonymous_40)
FN:540,(anonymous_41)
FN:551,(anonymous_42)
FN:575,(anonymous_43)
FN:579,(anonymous_44)
FNF:45
FNH:37
FNDA:110,logMain
FNDA:2,logMainError
FNDA:8,getBackendEntry
FNDA:14,isPortBusy
FNDA:14,(anonymous_4)
FNDA:14,(anonymous_5)
FNDA:0,(anonymous_6)
FNDA:0,(anonymous_7)
FNDA:7,waitForBackend
FNDA:0,(anonymous_9)
FNDA:0,(anonymous_10)
FNDA:8,startBackend
FNDA:1,(anonymous_12)
FNDA:1,(anonymous_13)
FNDA:1,(anonymous_14)
FNDA:1,(anonymous_15)
FNDA:5,stopBackend
FNDA:8,crearVentana
FNDA:8,(anonymous_18)
FNDA:8,(anonymous_19)
FNDA:1,(anonymous_20)
FNDA:19,forceIPv4
FNDA:4,sanitizeFilename
FNDA:11,fetchWithRendererCookies
FNDA:10,(anonymous_24)
FNDA:3,(anonymous_25)
FNDA:0,(anonymous_26)
FNDA:4,(anonymous_27)
FNDA:0,(anonymous_28)
FNDA:3,(anonymous_29)
FNDA:1,(anonymous_30)
FNDA:3,(anonymous_31)
FNDA:0,(anonymous_32)
FNDA:6,(anonymous_33)
FNDA:5,(anonymous_34)
FNDA:4,(anonymous_35)
FNDA:1,(anonymous_36)
FNDA:1,(anonymous_37)
FNDA:4,(anonymous_38)
FNDA:4,(anonymous_39)
FNDA:4,(anonymous_40)
FNDA:7,(anonymous_41)
FNDA:0,(anonymous_42)
FNDA:2,(anonymous_43)
FNDA:3,(anonymous_44)
DA:1,18
DA:2,18
DA:3,18
DA:4,18
DA:5,18
DA:6,18
DA:7,18
DA:8,18
DA:10,18
DA:13,18
DA:15,18
DA:16,18
DA:40,110
DA:44,2
DA:48,8
DA:49,7
DA:50,7
DA:52,7
DA:61,1
DA:67,1
DA:77,14
DA:78,14
DA:80,14
DA:82,14
DA:83,14
DA:84,14
DA:87,14
DA:88,0
DA:89,0
DA:92,14
DA:93,0
DA:96,14
DA:101,7
DA:102,7
DA:104,7
DA:105,7
DA:106,7
DA:107,7
DA:108,7
DA:109,7
DA:111,0
DA:113,0
DA:116,0
DA:119,0
DA:123,8
DA:124,8
DA:126,8
DA:127,8
DA:128,8
DA:129,8
DA:130,8
DA:131,8
DA:132,8
DA:133,8
DA:135,8
DA:136,1
DA:137,1
DA:138,1
DA:139,1
DA:142,7
DA:143,7
DA:144,7
DA:145,0
DA:149,7
DA:150,7
DA:152,7
DA:158,7
DA:160,7
DA:161,1
DA:164,7
DA:165,1
DA:168,7
DA:169,1
DA:172,7
DA:173,1
DA:174,1
DA:177,7
DA:179,7
DA:180,7
DA:182,0
DA:185,7
DA:186,7
DA:188,1
DA:193,5
DA:194,5
DA:195,1
DA:196,1
DA:199,0
DA:204,8
DA:216,8
DA:217,8
DA:219,8
DA:220,7
DA:225,8
DA:226,8
DA:227,8
DA:228,8
DA:231,18
DA:232,8
DA:233,8
DA:234,8
DA:237,18
DA:238,1
DA:239,1
DA:240,1
DA:245,19
DA:246,19
DA:247,18
DA:248,18
DA:250,1
DA:255,4
DA:263,11
DA:264,11
DA:265,11
DA:266,11
DA:267,11
DA:270,18
DA:271,3
DA:272,3
DA:274,3
DA:275,3
DA:277,3
DA:278,2
DA:279,2
DA:280,2
DA:281,2
DA:285,3
DA:291,3
DA:293,2
DA:294,2
DA:296,2
DA:297,1
DA:298,1
DA:301,1
DA:302,1
DA:304,1
DA:306,1
DA:307,1
DA:311,18
DA:312,4
DA:313,4
DA:322,4
DA:324,3
DA:325,3
DA:326,1
DA:327,1
DA:330,2
DA:331,2
DA:332,2
DA:334,2
DA:336,1
DA:337,1
DA:338,1
DA:342,18
DA:343,3
DA:344,3
DA:345,2
DA:347,2
DA:348,2
DA:349,4
DA:350,4
DA:351,2
DA:352,2
DA:353,2
DA:356,2
DA:357,1
DA:360,1
DA:361,1
DA:363,1
DA:372,1
DA:374,1
DA:375,1
DA:377,1
DA:379,1
DA:380,1
DA:384,18
DA:385,3
DA:386,3
DA:387,3
DA:389,3
DA:390,1
DA:391,1
DA:394,2
DA:396,2
DA:397,2
DA:399,2
DA:400,2
DA:402,2
DA:403,2
DA:405,1
DA:407,2
DA:408,2
DA:413,18
DA:414,6
DA:415,6
DA:417,6
DA:418,5
DA:419,5
DA:420,5
DA:424,5
DA:425,5
DA:426,5
DA:430,5
DA:431,5
DA:432,5
DA:437,6
DA:438,6
DA:439,1
DA:445,5
DA:461,5
DA:462,5
DA:465,5
DA:466,4
DA:468,4
DA:472,2
DA:475,4
DA:476,1
DA:481,5
DA:482,1
DA:485,5
DA:488,5
DA:492,5
DA:495,5
DA:497,4
DA:498,4
DA:501,4
DA:503,4
DA:504,4
DA:510,4
DA:512,4
DA:513,2
DA:515,2
DA:522,2
DA:527,1
DA:529,1
DA:540,18
DA:541,7
DA:542,7
DA:543,7
DA:544,7
DA:545,2
DA:547,5
DA:548,5
DA:550,5
DA:551,1
DA:552,1
DA:555,4
DA:556,4
DA:557,4
DA:559,4
DA:560,4
DA:561,4
DA:562,4
DA:563,4
DA:565,4
DA:566,4
DA:568,2
DA:570,5
DA:571,5
DA:575,18
DA:576,2
DA:579,18
DA:580,3
DA:581,3
DA:582,2
LF:265
LH:255
BRDA:48,0,0,7
BRDA:48,0,1,1
BRDA:76,1,0,14
BRDA:100,2,0,0
BRDA:107,3,0,7
BRDA:107,3,1,0
BRDA:135,4,0,1
BRDA:135,4,1,7
BRDA:138,5,0,1
BRDA:138,5,1,0
BRDA:144,6,0,0
BRDA:144,6,1,7
BRDA:179,7,0,7
BRDA:179,7,1,0
BRDA:194,8,0,1
BRDA:194,8,1,4
BRDA:194,9,0,5
BRDA:194,9,1,1
BRDA:219,10,0,7
BRDA:219,10,1,1
BRDA:238,11,0,1
BRDA:238,11,1,0
BRDA:238,12,0,1
BRDA:238,12,1,1
BRDA:247,13,0,10
BRDA:247,13,1,8
BRDA:255,14,0,4
BRDA:255,14,1,0
BRDA:266,15,0,10
BRDA:266,15,1,1
BRDA:272,16,0,2
BRDA:272,16,1,1
BRDA:277,17,0,2
BRDA:277,17,1,1
BRDA:279,18,0,2
BRDA:279,18,1,0
BRDA:291,19,0,1
BRDA:291,19,1,2
BRDA:291,20,0,3
BRDA:291,20,1,2
BRDA:296,21,0,1
BRDA:296,21,1,1
BRDA:315,22,0,4
BRDA:315,22,1,0
BRDA:322,23,0,1
BRDA:322,23,1,3
BRDA:322,24,0,4
BRDA:322,24,1,3
BRDA:325,25,0,1
BRDA:325,25,1,2
BRDA:349,26,0,0
BRDA:349,26,1,4
BRDA:350,27,0,2
BRDA:350,27,1,2
BRDA:356,28,0,1
BRDA:356,28,1,1
BRDA:365,29,0,1
BRDA:365,29,1,0
BRDA:372,30,0,0
BRDA:372,30,1,1
BRDA:372,31,0,1
BRDA:372,31,1,1
BRDA:389,32,0,1
BRDA:389,32,1,2
BRDA:403,33,0,1
BRDA:403,33,1,1
BRDA:419,34,0,5
BRDA:419,34,1,0
BRDA:419,35,0,5
BRDA:419,35,1,5
BRDA:425,36,0,5
BRDA:425,36,1,0
BRDA:425,37,0,5
BRDA:425,37,1,5
BRDA:431,38,0,5
BRDA:431,38,1,0
BRDA:431,39,0,5
BRDA:431,39,1,5
BRDA:438,40,0,1
BRDA:438,40,1,5
BRDA:438,41,0,6
BRDA:438,41,1,6
BRDA:446,42,0,3
BRDA:446,42,1,2
BRDA:446,43,0,5
BRDA:446,43,1,3
BRDA:466,44,0,4
BRDA:466,44,1,0
BRDA:468,45,0,2
BRDA:468,45,1,2
BRDA:469,46,0,4
BRDA:469,46,1,3
BRDA:469,46,2,2
BRDA:475,47,0,1
BRDA:475,47,1,3
BRDA:512,48,0,2
BRDA:512,48,1,2
BRDA:513,49,0,2
BRDA:513,49,1,0
BRDA:531,50,0,1
BRDA:531,50,1,0
BRDA:542,51,0,1
BRDA:542,51,1,6
BRDA:543,52,0,6
BRDA:543,52,1,1
BRDA:544,53,0,2
BRDA:544,53,1,5
BRDA:550,54,0,1
BRDA:550,54,1,4
BRDA:559,55,0,4
BRDA:559,55,1,1
BRDA:559,56,0,4
BRDA:559,56,1,1
BRDA:560,57,0,2
BRDA:560,57,1,2
BRDA:561,58,0,4
BRDA:561,58,1,0
BRDA:566,59,0,2
BRDA:566,59,1,2
BRDA:581,60,0,2
BRDA:581,60,1,1
BRF:121
BRH:102
end_of_record
TN:
SF:frontend\preload.js
FN:6,(anonymous_0)
FN:17,(anonymous_1)
FN:40,(anonymous_2)
FN:49,(anonymous_3)
FN:50,(anonymous_4)
FN:53,(anonymous_5)
FN:56,(anonymous_6)
FN:57,(anonymous_7)
FN:59,(anonymous_8)
FN:62,(anonymous_9)
FN:67,(anonymous_10)
FNF:11
FNH:11
FNDA:2,(anonymous_0)
FNDA:5,(anonymous_1)
FNDA:2,(anonymous_2)
FNDA:1,(anonymous_3)
FNDA:1,(anonymous_4)
FNDA:1,(anonymous_5)
FNDA:1,(anonymous_6)
FNDA:1,(anonymous_7)
FNDA:1,(anonymous_8)
FNDA:1,(anonymous_9)
FNDA:1,(anonymous_10)
DA:1,10
DA:3,10
DA:5,10
DA:7,2
DA:12,2
DA:13,2
DA:14,2
DA:18,5
DA:20,4
DA:21,4
DA:25,3
DA:26,1
DA:29,2
DA:30,1
DA:33,1
DA:34,1
DA:36,1
DA:41,2
DA:42,2
DA:50,1
DA:54,1
DA:56,1
DA:57,1
DA:60,1
DA:63,1
DA:68,1
LF:26
LH:26
BRDA:13,0,0,1
BRDA:13,0,1,1
BRDA:18,1,0,1
BRDA:18,1,1,4
BRDA:25,2,0,1
BRDA:25,2,1,2
BRDA:29,3,0,1
BRDA:29,3,1,1
BRDA:44,4,0,1
BRDA:44,4,1,1
BRF:10
BRH:10
end_of_record
TN:
SF:frontend\js\evalunia-dialog.js
FN:18,(anonymous_0)
FN:25,sanitizeBiIcon
FN:31,escapeHtml
FN:39,formatMessage
FN:43,normalizeVariantFromMessage
FN:60,getVariantMeta
FN:86,ensureDialog
FN:110,stackZIndex
FN:114,(anonymous_8)
FN:121,getBootstrapModal
FN:129,alert
FN:164,(anonymous_11)
FN:165,(anonymous_12)
FN:166,(anonymous_13)
FN:173,(anonymous_14)
FN:176,(anonymous_15)
FN:183,confirm
FN:225,(anonymous_17)
FN:227,(anonymous_18)
FN:234,(anonymous_19)
FN:236,(anonymous_20)
FN:247,(anonymous_21)
FN:250,(anonymous_22)
FN:253,(anonymous_23)
FN:260,choose
FN:306,(anonymous_25)
FN:341,(anonymous_26)
FN:343,(anonymous_27)
FN:351,(anonymous_28)
FN:353,(anonymous_29)
FN:363,(anonymous_30)
FN:366,(anonymous_31)
FN:373,(anonymous_32)
FN:377,(anonymous_33)
FNF:34
FNH:31
FNDA:7,(anonymous_0)
FNDA:5,sanitizeBiIcon
FNDA:31,escapeHtml
FNDA:8,formatMessage
FNDA:5,normalizeVariantFromMessage
FNDA:8,getVariantMeta
FNDA:12,ensureDialog
FNDA:4,stackZIndex
FNDA:3,(anonymous_8)
FNDA:16,getBootstrapModal
FNDA:4,alert
FNDA:2,(anonymous_11)
FNDA:1,(anonymous_12)
FNDA:2,(anonymous_13)
FNDA:2,(anonymous_14)
FNDA:0,(anonymous_15)
FNDA:5,confirm
FNDA:3,(anonymous_17)
FNDA:3,(anonymous_18)
FNDA:1,(anonymous_19)
FNDA:1,(anonymous_20)
FNDA:2,(anonymous_21)
FNDA:1,(anonymous_22)
FNDA:0,(anonymous_23)
FNDA:7,choose
FNDA:5,(anonymous_25)
FNDA:3,(anonymous_26)
FNDA:3,(anonymous_27)
FNDA:2,(anonymous_28)
FNDA:2,(anonymous_29)
FNDA:5,(anonymous_30)
FNDA:2,(anonymous_31)
FNDA:1,(anonymous_32)
FNDA:0,(anonymous_33)
DA:18,7
DA:19,7
DA:20,7
DA:21,7
DA:22,7
DA:23,7
DA:26,5
DA:27,5
DA:28,5
DA:32,31
DA:40,8
DA:44,5
DA:45,5
DA:46,3
DA:48,2
DA:49,1
DA:51,1
DA:52,0
DA:54,1
DA:55,1
DA:57,0
DA:61,8
DA:83,8
DA:87,12
DA:89,3
DA:107,3
DA:111,4
DA:112,4
DA:113,4
DA:114,4
DA:115,3
DA:116,3
DA:117,3
DA:122,16
DA:123,6
DA:124,6
DA:126,10
DA:130,4
DA:131,4
DA:132,2
DA:133,2
DA:136,2
DA:137,2
DA:138,2
DA:139,2
DA:140,2
DA:142,2
DA:143,2
DA:144,2
DA:145,2
DA:146,2
DA:148,2
DA:149,2
DA:150,2
DA:153,2
DA:154,2
DA:156,2
DA:159,2
DA:164,2
DA:165,2
DA:166,2
DA:168,2
DA:169,2
DA:171,2
DA:173,2
DA:174,2
DA:175,2
DA:176,2
DA:179,2
DA:184,5
DA:185,5
DA:186,2
DA:189,3
DA:190,3
DA:191,3
DA:192,3
DA:193,3
DA:194,3
DA:195,3
DA:197,3
DA:199,3
DA:201,3
DA:202,3
DA:203,3
DA:204,3
DA:205,3
DA:207,3
DA:208,3
DA:209,3
DA:212,3
DA:213,3
DA:215,3
DA:220,3
DA:225,3
DA:226,3
DA:227,3
DA:228,3
DA:229,3
DA:230,3
DA:231,3
DA:234,3
DA:236,3
DA:237,1
DA:238,1
DA:239,1
DA:242,3
DA:243,3
DA:245,3
DA:247,2
DA:248,3
DA:250,1
DA:251,3
DA:252,3
DA:253,3
DA:256,3
DA:261,7
DA:262,7
DA:263,2
DA:264,2
DA:267,2
DA:270,5
DA:271,5
DA:272,5
DA:273,5
DA:274,2
DA:275,2
DA:278,3
DA:279,3
DA:281,3
DA:283,3
DA:285,3
DA:290,3
DA:291,3
DA:292,3
DA:293,3
DA:294,3
DA:296,3
DA:297,3
DA:298,3
DA:299,3
DA:301,3
DA:305,3
DA:307,5
DA:309,5
DA:310,5
DA:311,5
DA:312,5
DA:315,5
DA:316,5
DA:323,3
DA:327,3
DA:331,3
DA:333,3
DA:334,3
DA:336,3
DA:341,3
DA:342,3
DA:343,3
DA:344,3
DA:345,3
DA:346,3
DA:347,3
DA:348,3
DA:351,3
DA:353,3
DA:354,2
DA:355,2
DA:356,2
DA:357,2
DA:360,3
DA:361,3
DA:363,3
DA:364,5
DA:366,2
DA:371,3
DA:372,3
DA:373,2
DA:375,3
DA:376,3
DA:377,3
DA:380,3
DA:384,7
LF:182
LH:180
BRDA:26,0,0,0
BRDA:26,0,1,5
BRDA:26,1,0,5
BRDA:26,1,1,5
BRDA:28,2,0,3
BRDA:28,2,1,2
BRDA:45,3,0,3
BRDA:45,3,1,2
BRDA:45,4,0,5
BRDA:45,4,1,5
BRDA:48,5,0,1
BRDA:48,5,1,1
BRDA:51,6,0,0
BRDA:51,6,1,1
BRDA:54,7,0,1
BRDA:54,7,1,0
BRDA:57,8,0,0
BRDA:57,8,1,0
BRDA:57,8,2,0
BRDA:83,9,0,8
BRDA:83,9,1,0
BRDA:87,10,0,9
BRDA:87,10,1,3
BRDA:117,11,0,3
BRDA:117,11,1,0
BRDA:122,12,0,6
BRDA:122,12,1,10
BRDA:122,13,0,16
BRDA:122,13,1,10
BRDA:131,14,0,2
BRDA:131,14,1,2
BRDA:137,15,0,2
BRDA:137,15,1,0
BRDA:140,16,0,2
BRDA:140,16,1,0
BRDA:152,17,0,0
BRDA:152,17,1,2
BRDA:175,18,0,2
BRDA:175,18,1,0
BRDA:185,19,0,2
BRDA:185,19,1,3
BRDA:190,20,0,3
BRDA:190,20,1,0
BRDA:191,21,0,3
BRDA:191,21,1,0
BRDA:193,22,0,3
BRDA:193,22,1,2
BRDA:194,23,0,3
BRDA:194,23,1,0
BRDA:195,24,0,3
BRDA:195,24,1,0
BRDA:197,25,0,3
BRDA:197,25,1,2
BRDA:197,25,2,2
BRDA:199,26,0,2
BRDA:199,26,1,1
BRDA:211,27,0,0
BRDA:211,27,1,3
BRDA:228,28,0,0
BRDA:228,28,1,3
BRDA:239,29,0,0
BRDA:239,29,1,1
BRDA:252,30,0,3
BRDA:252,30,1,0
BRDA:262,31,0,2
BRDA:262,31,1,5
BRDA:263,32,0,2
BRDA:263,32,1,0
BRDA:265,33,0,2
BRDA:265,33,1,0
BRDA:267,34,0,2
BRDA:267,34,1,0
BRDA:271,35,0,5
BRDA:271,35,1,0
BRDA:272,36,0,5
BRDA:272,36,1,0
BRDA:273,37,0,2
BRDA:273,37,1,3
BRDA:278,38,0,3
BRDA:278,38,1,2
BRDA:281,39,0,3
BRDA:281,39,1,1
BRDA:283,40,0,1
BRDA:283,40,1,2
BRDA:283,41,0,2
BRDA:283,41,1,0
BRDA:298,42,0,3
BRDA:298,42,1,0
BRDA:301,43,0,3
BRDA:301,43,1,0
BRDA:307,44,0,5
BRDA:307,44,1,0
BRDA:307,45,0,5
BRDA:307,45,1,5
BRDA:309,46,0,5
BRDA:309,46,1,0
BRDA:309,47,0,5
BRDA:309,47,1,5
BRDA:309,48,0,0
BRDA:309,48,1,0
BRDA:310,49,0,5
BRDA:310,49,1,5
BRDA:310,49,2,3
BRDA:311,50,0,5
BRDA:311,50,1,5
BRDA:312,51,0,3
BRDA:312,51,1,2
BRDA:323,52,0,2
BRDA:323,52,1,1
BRDA:344,53,0,0
BRDA:344,53,1,3
BRDA:357,54,0,0
BRDA:357,54,1,2
BRDA:372,55,0,2
BRDA:372,55,1,1
BRDA:376,56,0,3
BRDA:376,56,1,0
BRDA:390,57,0,7
BRDA:390,57,1,0
BRF:119
BRH:83
end_of_record
TN:
SF:frontend\js\temario_modal.js
FN:5,(anonymous_0)
FN:11,wireTemarioDataTableToolbar
FN:27,(anonymous_2)
FN:82,destroy
FN:104,rebuildThead
FN:135,badgeHtml
FN:141,accionesColumn
FN:142,(anonymous_7)
FN:184,buildColumns
FN:209,(anonymous_9)
FN:230,(anonymous_10)
FN:238,columnDefsForMode
FN:254,buildLanguage
FNF:13
FNH:13
FNDA:4,(anonymous_0)
FNDA:2,wireTemarioDataTableToolbar
FNDA:4,(anonymous_2)
FNDA:4,destroy
FNDA:4,rebuildThead
FNDA:4,badgeHtml
FNDA:4,accionesColumn
FNDA:3,(anonymous_7)
FNDA:4,buildColumns
FNDA:3,(anonymous_9)
FNDA:1,(anonymous_10)
FNDA:4,columnDefsForMode
FNDA:2,buildLanguage
DA:5,4
DA:6,4
DA:7,4
DA:9,4
DA:17,2
DA:19,2
DA:20,2
DA:21,2
DA:22,2
DA:23,2
DA:24,1
DA:27,2
DA:28,4
DA:29,4
DA:30,4
DA:31,4
DA:34,2
DA:35,2
DA:36,2
DA:37,1
DA:38,1
DA:39,1
DA:40,1
DA:41,1
DA:42,1
DA:45,1
DA:51,2
DA:52,2
DA:53,2
DA:54,1
DA:55,1
DA:58,1
DA:61,1
DA:67,1
DA:68,1
DA:71,1
DA:75,1
DA:83,4
DA:84,4
DA:86,4
DA:87,4
DA:89,2
DA:90,2
DA:91,0
DA:92,0
DA:96,2
DA:97,4
DA:98,4
DA:99,2
DA:100,2
DA:105,4
DA:106,4
DA:108,4
DA:109,4
DA:110,4
DA:111,2
DA:120,2
DA:128,4
DA:130,4
DA:131,4
DA:132,4
DA:136,4
DA:142,4
DA:143,3
DA:144,3
DA:147,3
DA:151,3
DA:152,3
DA:167,4
DA:168,2
DA:175,2
DA:185,4
DA:186,4
DA:187,2
DA:209,3
DA:213,2
DA:230,1
DA:234,4
DA:235,4
DA:239,4
DA:240,4
DA:247,4
DA:249,4
DA:255,2
DA:274,4
DA:286,4
LF:86
LH:84
BRDA:7,0,0,0
BRDA:7,0,1,4
BRDA:7,1,0,4
BRDA:7,1,1,4
BRDA:7,1,2,4
BRDA:13,2,0,0
BRDA:14,3,0,0
BRDA:15,4,0,0
BRDA:16,5,0,0
BRDA:17,6,0,2
BRDA:17,6,1,0
BRDA:23,7,0,1
BRDA:23,7,1,1
BRDA:23,8,0,2
BRDA:23,8,1,1
BRDA:29,9,0,2
BRDA:29,9,1,2
BRDA:30,10,0,2
BRDA:30,10,1,2
BRDA:36,11,0,1
BRDA:36,11,1,1
BRDA:36,12,0,2
BRDA:36,12,1,1
BRDA:53,13,0,1
BRDA:53,13,1,1
BRDA:53,14,0,2
BRDA:53,14,1,1
BRDA:83,15,0,4
BRDA:83,15,1,1
BRDA:86,16,0,4
BRDA:86,16,1,0
BRDA:87,17,0,2
BRDA:87,17,1,2
BRDA:90,18,0,0
BRDA:90,18,1,2
BRDA:98,19,0,2
BRDA:98,19,1,2
BRDA:105,20,0,4
BRDA:105,20,1,4
BRDA:110,21,0,2
BRDA:110,21,1,2
BRDA:130,22,0,4
BRDA:130,22,1,1
BRDA:132,23,0,1
BRDA:132,23,1,3
BRDA:136,24,0,2
BRDA:136,24,1,2
BRDA:143,25,0,1
BRDA:143,25,1,2
BRDA:144,26,0,1
BRDA:144,26,1,2
BRDA:147,27,0,3
BRDA:147,27,1,0
BRDA:151,28,0,1
BRDA:151,28,1,2
BRDA:167,29,0,2
BRDA:167,29,1,2
BRDA:186,30,0,2
BRDA:186,30,1,2
BRDA:239,31,0,2
BRDA:239,31,1,2
BRDA:256,32,0,2
BRDA:256,32,1,2
BRDA:258,33,0,2
BRDA:258,33,1,0
BRDA:287,34,0,4
BRDA:287,34,1,0
BRF:67
BRH:56
end_of_record
